2021-12-06 21:11:49 [DEBUG] src.evaluation.config: Logger initialized
2021-12-06 21:11:49 [INFO] src.evaluation.evaluator: Training LSTM-ED on Syn Trend Outliers (extremeness=16.0) with seed 1206099335
2021-12-06 21:11:49 [DEBUG] root: Epoch 1/40.
2021-12-06 21:11:50 [DEBUG] root: Epoch 2/40.
2021-12-06 21:11:52 [DEBUG] root: Epoch 3/40.
2021-12-06 21:11:53 [DEBUG] root: Epoch 4/40.
2021-12-06 21:11:54 [DEBUG] root: Epoch 5/40.
2021-12-06 21:11:55 [DEBUG] root: Epoch 6/40.
2021-12-06 21:11:57 [DEBUG] root: Epoch 7/40.
2021-12-06 21:11:58 [DEBUG] root: Epoch 8/40.
2021-12-06 21:11:59 [DEBUG] root: Epoch 9/40.
2021-12-06 21:12:01 [DEBUG] root: Epoch 10/40.
2021-12-06 21:12:02 [DEBUG] root: Epoch 11/40.
2021-12-06 21:12:04 [DEBUG] root: Epoch 12/40.
2021-12-06 21:12:05 [DEBUG] root: Epoch 13/40.
2021-12-06 21:12:06 [DEBUG] root: Epoch 14/40.
2021-12-06 21:12:08 [DEBUG] root: Epoch 15/40.
2021-12-06 21:12:09 [DEBUG] root: Epoch 16/40.
2021-12-06 21:12:10 [DEBUG] root: Epoch 17/40.
2021-12-06 21:12:12 [DEBUG] root: Epoch 18/40.
2021-12-06 21:12:13 [DEBUG] root: Epoch 19/40.
2021-12-06 21:12:14 [DEBUG] root: Epoch 20/40.
2021-12-06 21:12:16 [DEBUG] root: Epoch 21/40.
2021-12-06 21:12:17 [DEBUG] root: Epoch 22/40.
2021-12-06 21:12:18 [DEBUG] root: Epoch 23/40.
2021-12-06 21:12:20 [DEBUG] root: Epoch 24/40.
2021-12-06 21:12:21 [DEBUG] root: Epoch 25/40.
2021-12-06 21:12:22 [DEBUG] root: Epoch 26/40.
2021-12-06 21:12:24 [DEBUG] root: Epoch 27/40.
2021-12-06 21:12:25 [DEBUG] root: Epoch 28/40.
2021-12-06 21:12:26 [DEBUG] root: Epoch 29/40.
2021-12-06 21:12:28 [DEBUG] root: Epoch 30/40.
2021-12-06 21:12:29 [DEBUG] root: Epoch 31/40.
2021-12-06 21:12:30 [DEBUG] root: Epoch 32/40.
2021-12-06 21:12:32 [DEBUG] root: Epoch 33/40.
2021-12-06 21:12:33 [DEBUG] root: Epoch 34/40.
2021-12-06 21:12:34 [DEBUG] root: Epoch 35/40.
2021-12-06 21:12:35 [DEBUG] root: Epoch 36/40.
2021-12-06 21:12:37 [DEBUG] root: Epoch 37/40.
2021-12-06 21:12:38 [DEBUG] root: Epoch 38/40.
2021-12-06 21:12:39 [DEBUG] root: Epoch 39/40.
2021-12-06 21:12:40 [DEBUG] root: Epoch 40/40.
2021-12-06 21:12:43 [DEBUG] matplotlib.backends.backend_pdf: Assigning font /b'F1' = '/home/tianyu/anaconda3/envs/DeepADoTS/lib/python3.7/site-packages/matplotlib/mpl-data/fonts/ttf/DejaVuSans.ttf'
2021-12-06 21:12:43 [DEBUG] matplotlib.backends.backend_pdf: Embedding font /home/tianyu/anaconda3/envs/DeepADoTS/lib/python3.7/site-packages/matplotlib/mpl-data/fonts/ttf/DejaVuSans.ttf.
2021-12-06 21:12:43 [DEBUG] matplotlib.backends.backend_pdf: Writing TrueType font.
2021-12-06 21:12:43 [INFO] src.evaluation.evaluator: Stored plot at reports/experiments/trend_1/intensity/figures/seed-1206099335/details_LSTM-ED_Syn Trend Outliers (extremeness=16.0)-1-10-2021-12-06-211243.pdf
2021-12-06 21:12:44 [INFO] src.evaluation.evaluator: Training LSTM-ED on Syn Trend Outliers (extremeness=8.0) with seed 1206099335
2021-12-06 21:12:44 [DEBUG] root: Epoch 1/40.
2021-12-06 21:12:45 [DEBUG] root: Epoch 2/40.
2021-12-06 21:12:47 [DEBUG] root: Epoch 3/40.
2021-12-06 21:12:48 [DEBUG] root: Epoch 4/40.
2021-12-06 21:12:49 [DEBUG] root: Epoch 5/40.
2021-12-06 21:12:51 [DEBUG] root: Epoch 6/40.
2021-12-06 21:12:52 [DEBUG] root: Epoch 7/40.
2021-12-06 21:12:53 [DEBUG] root: Epoch 8/40.
2021-12-06 21:12:55 [DEBUG] root: Epoch 9/40.
2021-12-06 21:12:56 [DEBUG] root: Epoch 10/40.
2021-12-06 21:12:57 [DEBUG] root: Epoch 11/40.
2021-12-06 21:12:58 [DEBUG] root: Epoch 12/40.
2021-12-06 21:13:00 [DEBUG] root: Epoch 13/40.
2021-12-06 21:13:01 [DEBUG] root: Epoch 14/40.
2021-12-06 21:13:02 [DEBUG] root: Epoch 15/40.
2021-12-06 21:13:04 [DEBUG] root: Epoch 16/40.
2021-12-06 21:13:05 [DEBUG] root: Epoch 17/40.
2021-12-06 21:13:06 [DEBUG] root: Epoch 18/40.
2021-12-06 21:13:07 [DEBUG] root: Epoch 19/40.
2021-12-06 21:13:09 [DEBUG] root: Epoch 20/40.
2021-12-06 23:23:06 [DEBUG] root: Epoch 21/40.
2021-12-06 23:23:07 [DEBUG] root: Epoch 22/40.
2021-12-06 23:23:09 [DEBUG] root: Epoch 23/40.
2021-12-06 23:23:10 [DEBUG] root: Epoch 24/40.
2021-12-06 23:23:11 [DEBUG] root: Epoch 25/40.
2021-12-06 23:23:12 [DEBUG] root: Epoch 26/40.
2021-12-06 23:23:13 [DEBUG] root: Epoch 27/40.
2021-12-06 23:23:15 [DEBUG] root: Epoch 28/40.
2021-12-06 23:23:16 [DEBUG] root: Epoch 29/40.
2021-12-06 23:23:17 [DEBUG] root: Epoch 30/40.
2021-12-06 23:23:18 [DEBUG] root: Epoch 31/40.
2021-12-06 23:23:20 [DEBUG] root: Epoch 32/40.
2021-12-06 23:23:21 [DEBUG] root: Epoch 33/40.
2021-12-06 23:23:23 [DEBUG] root: Epoch 34/40.
2021-12-06 23:23:24 [DEBUG] root: Epoch 35/40.
2021-12-06 23:23:25 [DEBUG] root: Epoch 36/40.
2021-12-06 23:23:26 [DEBUG] root: Epoch 37/40.
2021-12-06 23:23:28 [DEBUG] root: Epoch 38/40.
2021-12-06 23:23:29 [DEBUG] root: Epoch 39/40.
2021-12-06 23:23:30 [DEBUG] root: Epoch 40/40.
2021-12-06 23:23:32 [DEBUG] matplotlib.backends.backend_pdf: Assigning font /b'F1' = '/home/tianyu/anaconda3/envs/DeepADoTS/lib/python3.7/site-packages/matplotlib/mpl-data/fonts/ttf/DejaVuSans.ttf'
2021-12-06 23:23:32 [DEBUG] matplotlib.backends.backend_pdf: Embedding font /home/tianyu/anaconda3/envs/DeepADoTS/lib/python3.7/site-packages/matplotlib/mpl-data/fonts/ttf/DejaVuSans.ttf.
2021-12-06 23:23:32 [DEBUG] matplotlib.backends.backend_pdf: Writing TrueType font.
2021-12-06 23:23:32 [INFO] src.evaluation.evaluator: Stored plot at reports/experiments/trend_1/intensity/figures/seed-1206099335/details_LSTM-ED_Syn Trend Outliers (extremeness=8.0)-1-10-2021-12-06-232332.pdf
2021-12-06 23:23:33 [INFO] src.evaluation.evaluator: Training LSTM-ED on Syn Trend Outliers (extremeness=4.0) with seed 1206099335
2021-12-06 23:23:33 [DEBUG] root: Epoch 1/40.
2021-12-06 23:23:34 [DEBUG] root: Epoch 2/40.
2021-12-06 23:23:35 [DEBUG] root: Epoch 3/40.
2021-12-06 23:23:36 [DEBUG] root: Epoch 4/40.
2021-12-06 23:23:37 [DEBUG] root: Epoch 5/40.
2021-12-06 23:23:39 [DEBUG] root: Epoch 6/40.
2021-12-06 23:23:40 [DEBUG] root: Epoch 7/40.
2021-12-06 23:23:41 [DEBUG] root: Epoch 8/40.
2021-12-06 23:23:43 [DEBUG] root: Epoch 9/40.
2021-12-06 23:23:44 [DEBUG] root: Epoch 10/40.
2021-12-06 23:23:45 [DEBUG] root: Epoch 11/40.
2021-12-06 23:23:46 [DEBUG] root: Epoch 12/40.
2021-12-06 23:23:48 [DEBUG] root: Epoch 13/40.
2021-12-06 23:23:49 [DEBUG] root: Epoch 14/40.
2021-12-06 23:23:50 [DEBUG] root: Epoch 15/40.
2021-12-06 23:23:51 [DEBUG] root: Epoch 16/40.
2021-12-06 23:23:53 [DEBUG] root: Epoch 17/40.
2021-12-06 23:23:54 [DEBUG] root: Epoch 18/40.
2021-12-06 23:23:55 [DEBUG] root: Epoch 19/40.
2021-12-06 23:23:57 [DEBUG] root: Epoch 20/40.
2021-12-06 23:23:58 [DEBUG] root: Epoch 21/40.
2021-12-06 23:23:59 [DEBUG] root: Epoch 22/40.
2021-12-06 23:24:00 [DEBUG] root: Epoch 23/40.
2021-12-06 23:24:02 [DEBUG] root: Epoch 24/40.
2021-12-06 23:24:03 [DEBUG] root: Epoch 25/40.
2021-12-06 23:24:04 [DEBUG] root: Epoch 26/40.
2021-12-06 23:24:05 [DEBUG] root: Epoch 27/40.
2021-12-06 23:24:07 [DEBUG] root: Epoch 28/40.
2021-12-06 23:24:08 [DEBUG] root: Epoch 29/40.
2021-12-06 23:24:09 [DEBUG] root: Epoch 30/40.
2021-12-06 23:24:10 [DEBUG] root: Epoch 31/40.
2021-12-06 23:24:11 [DEBUG] root: Epoch 32/40.
2021-12-06 23:24:13 [DEBUG] root: Epoch 33/40.
2021-12-06 23:24:14 [DEBUG] root: Epoch 34/40.
2021-12-06 23:24:15 [DEBUG] root: Epoch 35/40.
2021-12-06 23:24:16 [DEBUG] root: Epoch 36/40.
2021-12-06 23:24:18 [DEBUG] root: Epoch 37/40.
2021-12-06 23:24:19 [DEBUG] root: Epoch 38/40.
2021-12-06 23:24:20 [DEBUG] root: Epoch 39/40.
2021-12-06 23:24:21 [DEBUG] root: Epoch 40/40.
2021-12-06 23:24:24 [DEBUG] matplotlib.backends.backend_pdf: Assigning font /b'F1' = '/home/tianyu/anaconda3/envs/DeepADoTS/lib/python3.7/site-packages/matplotlib/mpl-data/fonts/ttf/DejaVuSans.ttf'
2021-12-06 23:24:24 [DEBUG] matplotlib.backends.backend_pdf: Embedding font /home/tianyu/anaconda3/envs/DeepADoTS/lib/python3.7/site-packages/matplotlib/mpl-data/fonts/ttf/DejaVuSans.ttf.
2021-12-06 23:24:24 [DEBUG] matplotlib.backends.backend_pdf: Writing TrueType font.
2021-12-06 23:24:24 [INFO] src.evaluation.evaluator: Stored plot at reports/experiments/trend_1/intensity/figures/seed-1206099335/details_LSTM-ED_Syn Trend Outliers (extremeness=4.0)-1-10-2021-12-06-232424.pdf
2021-12-06 23:24:24 [INFO] src.evaluation.evaluator: Training LSTM-ED on Syn Trend Outliers (extremeness=2.0) with seed 1206099335
2021-12-06 23:24:24 [DEBUG] root: Epoch 1/40.
2021-12-06 23:24:25 [DEBUG] root: Epoch 2/40.
2021-12-06 23:24:26 [DEBUG] root: Epoch 3/40.
2021-12-06 23:24:28 [DEBUG] root: Epoch 4/40.
2021-12-06 23:24:29 [DEBUG] root: Epoch 5/40.
2021-12-06 23:24:30 [DEBUG] root: Epoch 6/40.
2021-12-06 23:24:32 [DEBUG] root: Epoch 7/40.
2021-12-06 23:24:33 [DEBUG] root: Epoch 8/40.
2021-12-06 23:24:34 [DEBUG] root: Epoch 9/40.
2021-12-06 23:24:35 [DEBUG] root: Epoch 10/40.
2021-12-06 23:24:37 [DEBUG] root: Epoch 11/40.
2021-12-06 23:24:38 [DEBUG] root: Epoch 12/40.
2021-12-06 23:24:39 [DEBUG] root: Epoch 13/40.
2021-12-06 23:24:40 [DEBUG] root: Epoch 14/40.
2021-12-06 23:24:42 [DEBUG] root: Epoch 15/40.
2021-12-06 23:24:43 [DEBUG] root: Epoch 16/40.
2021-12-06 23:24:44 [DEBUG] root: Epoch 17/40.
2021-12-06 23:24:45 [DEBUG] root: Epoch 18/40.
2021-12-06 23:24:47 [DEBUG] root: Epoch 19/40.
2021-12-06 23:24:48 [DEBUG] root: Epoch 20/40.
2021-12-06 23:24:49 [DEBUG] root: Epoch 21/40.
2021-12-06 23:24:50 [DEBUG] root: Epoch 22/40.
2021-12-06 23:24:52 [DEBUG] root: Epoch 23/40.
2021-12-06 23:24:53 [DEBUG] root: Epoch 24/40.
2021-12-06 23:24:54 [DEBUG] root: Epoch 25/40.
2021-12-06 23:24:55 [DEBUG] root: Epoch 26/40.
2021-12-06 23:24:57 [DEBUG] root: Epoch 27/40.
2021-12-06 23:24:58 [DEBUG] root: Epoch 28/40.
2021-12-06 23:24:59 [DEBUG] root: Epoch 29/40.
2021-12-06 23:25:00 [DEBUG] root: Epoch 30/40.
2021-12-06 23:25:02 [DEBUG] root: Epoch 31/40.
2021-12-06 23:25:03 [DEBUG] root: Epoch 32/40.
2021-12-06 23:25:04 [DEBUG] root: Epoch 33/40.
2021-12-06 23:25:05 [DEBUG] root: Epoch 34/40.
2021-12-06 23:25:07 [DEBUG] root: Epoch 35/40.
2021-12-06 23:25:08 [DEBUG] root: Epoch 36/40.
2021-12-06 23:25:09 [DEBUG] root: Epoch 37/40.
2021-12-06 23:25:10 [DEBUG] root: Epoch 38/40.
2021-12-06 23:25:12 [DEBUG] root: Epoch 39/40.
2021-12-06 23:25:13 [DEBUG] root: Epoch 40/40.
2021-12-06 23:25:15 [DEBUG] matplotlib.backends.backend_pdf: Assigning font /b'F1' = '/home/tianyu/anaconda3/envs/DeepADoTS/lib/python3.7/site-packages/matplotlib/mpl-data/fonts/ttf/DejaVuSans.ttf'
2021-12-06 23:25:15 [DEBUG] matplotlib.backends.backend_pdf: Embedding font /home/tianyu/anaconda3/envs/DeepADoTS/lib/python3.7/site-packages/matplotlib/mpl-data/fonts/ttf/DejaVuSans.ttf.
2021-12-06 23:25:15 [DEBUG] matplotlib.backends.backend_pdf: Writing TrueType font.
2021-12-06 23:25:15 [INFO] src.evaluation.evaluator: Stored plot at reports/experiments/trend_1/intensity/figures/seed-1206099335/details_LSTM-ED_Syn Trend Outliers (extremeness=2.0)-1-10-2021-12-06-232515.pdf
2021-12-06 23:25:15 [INFO] src.evaluation.evaluator: Training LSTM-ED on Syn Trend Outliers (extremeness=1.0) with seed 1206099335
2021-12-06 23:25:15 [DEBUG] root: Epoch 1/40.
2021-12-06 23:25:17 [DEBUG] root: Epoch 2/40.
2021-12-06 23:25:18 [DEBUG] root: Epoch 3/40.
2021-12-06 23:25:19 [DEBUG] root: Epoch 4/40.
2021-12-06 23:25:21 [DEBUG] root: Epoch 5/40.
2021-12-06 23:25:22 [DEBUG] root: Epoch 6/40.
2021-12-06 23:25:23 [DEBUG] root: Epoch 7/40.
2021-12-06 23:25:24 [DEBUG] root: Epoch 8/40.
2021-12-06 23:25:25 [DEBUG] root: Epoch 9/40.
2021-12-06 23:25:27 [DEBUG] root: Epoch 10/40.
2021-12-06 23:25:28 [DEBUG] root: Epoch 11/40.
2021-12-06 23:25:29 [DEBUG] root: Epoch 12/40.
2021-12-06 23:25:30 [DEBUG] root: Epoch 13/40.
2021-12-06 23:25:32 [DEBUG] root: Epoch 14/40.
2021-12-06 23:25:33 [DEBUG] root: Epoch 15/40.
2021-12-06 23:25:34 [DEBUG] root: Epoch 16/40.
2021-12-06 23:25:35 [DEBUG] root: Epoch 17/40.
2021-12-06 23:25:37 [DEBUG] root: Epoch 18/40.
2021-12-06 23:25:38 [DEBUG] root: Epoch 19/40.
2021-12-06 23:25:39 [DEBUG] root: Epoch 20/40.
2021-12-06 23:25:40 [DEBUG] root: Epoch 21/40.
2021-12-06 23:25:42 [DEBUG] root: Epoch 22/40.
2021-12-06 23:25:43 [DEBUG] root: Epoch 23/40.
2021-12-06 23:25:44 [DEBUG] root: Epoch 24/40.
2021-12-06 23:25:45 [DEBUG] root: Epoch 25/40.
2021-12-06 23:25:47 [DEBUG] root: Epoch 26/40.
2021-12-06 23:25:48 [DEBUG] root: Epoch 27/40.
2021-12-06 23:25:49 [DEBUG] root: Epoch 28/40.
2021-12-06 23:25:50 [DEBUG] root: Epoch 29/40.
2021-12-06 23:25:52 [DEBUG] root: Epoch 30/40.
2021-12-06 23:25:53 [DEBUG] root: Epoch 31/40.
2021-12-06 23:25:54 [DEBUG] root: Epoch 32/40.
2021-12-06 23:25:55 [DEBUG] root: Epoch 33/40.
2021-12-06 23:25:57 [DEBUG] root: Epoch 34/40.
2021-12-06 23:25:58 [DEBUG] root: Epoch 35/40.
2021-12-06 23:25:59 [DEBUG] root: Epoch 36/40.
2021-12-06 23:26:00 [DEBUG] root: Epoch 37/40.
2021-12-06 23:26:02 [DEBUG] root: Epoch 38/40.
2021-12-06 23:26:03 [DEBUG] root: Epoch 39/40.
2021-12-06 23:26:04 [DEBUG] root: Epoch 40/40.
2021-12-06 23:26:06 [DEBUG] matplotlib.backends.backend_pdf: Assigning font /b'F1' = '/home/tianyu/anaconda3/envs/DeepADoTS/lib/python3.7/site-packages/matplotlib/mpl-data/fonts/ttf/DejaVuSans.ttf'
2021-12-06 23:26:06 [DEBUG] matplotlib.backends.backend_pdf: Embedding font /home/tianyu/anaconda3/envs/DeepADoTS/lib/python3.7/site-packages/matplotlib/mpl-data/fonts/ttf/DejaVuSans.ttf.
2021-12-06 23:26:06 [DEBUG] matplotlib.backends.backend_pdf: Writing TrueType font.
2021-12-06 23:26:06 [INFO] src.evaluation.evaluator: Stored plot at reports/experiments/trend_1/intensity/figures/seed-1206099335/details_LSTM-ED_Syn Trend Outliers (extremeness=1.0)-1-10-2021-12-06-232606.pdf
2021-12-06 23:26:07 [INFO] src.evaluation.evaluator: Training LSTM-ED on Syn Trend Outliers (extremeness=0.5) with seed 1206099335
2021-12-06 23:26:07 [DEBUG] root: Epoch 1/40.
2021-12-06 23:26:08 [DEBUG] root: Epoch 2/40.
2021-12-06 23:26:09 [DEBUG] root: Epoch 3/40.
2021-12-06 23:26:10 [DEBUG] root: Epoch 4/40.
2021-12-06 23:26:11 [DEBUG] root: Epoch 5/40.
2021-12-06 23:26:13 [DEBUG] root: Epoch 6/40.
2021-12-06 23:26:14 [DEBUG] root: Epoch 7/40.
2021-12-06 23:26:15 [DEBUG] root: Epoch 8/40.
2021-12-06 23:26:17 [DEBUG] root: Epoch 9/40.
2021-12-06 23:26:18 [DEBUG] root: Epoch 10/40.
2021-12-06 23:26:19 [DEBUG] root: Epoch 11/40.
2021-12-06 23:26:20 [DEBUG] root: Epoch 12/40.
2021-12-06 23:26:22 [DEBUG] root: Epoch 13/40.
2021-12-06 23:26:23 [DEBUG] root: Epoch 14/40.
2021-12-06 23:26:24 [DEBUG] root: Epoch 15/40.
2021-12-06 23:26:25 [DEBUG] root: Epoch 16/40.
2021-12-06 23:26:27 [DEBUG] root: Epoch 17/40.
2021-12-06 23:26:28 [DEBUG] root: Epoch 18/40.
2021-12-06 23:26:29 [DEBUG] root: Epoch 19/40.
2021-12-06 23:26:30 [DEBUG] root: Epoch 20/40.
2021-12-06 23:26:32 [DEBUG] root: Epoch 21/40.
2021-12-06 23:26:33 [DEBUG] root: Epoch 22/40.
2021-12-06 23:26:34 [DEBUG] root: Epoch 23/40.
2021-12-06 23:26:35 [DEBUG] root: Epoch 24/40.
2021-12-06 23:26:37 [DEBUG] root: Epoch 25/40.
2021-12-06 23:26:38 [DEBUG] root: Epoch 26/40.
2021-12-06 23:26:39 [DEBUG] root: Epoch 27/40.
2021-12-06 23:26:40 [DEBUG] root: Epoch 28/40.
2021-12-06 23:26:42 [DEBUG] root: Epoch 29/40.
2021-12-06 23:26:43 [DEBUG] root: Epoch 30/40.
2021-12-06 23:26:44 [DEBUG] root: Epoch 31/40.
2021-12-06 23:26:45 [DEBUG] root: Epoch 32/40.
2021-12-06 23:26:47 [DEBUG] root: Epoch 33/40.
2021-12-06 23:26:48 [DEBUG] root: Epoch 34/40.
2021-12-06 23:26:49 [DEBUG] root: Epoch 35/40.
2021-12-06 23:26:50 [DEBUG] root: Epoch 36/40.
2021-12-06 23:26:51 [DEBUG] root: Epoch 37/40.
2021-12-06 23:26:53 [DEBUG] root: Epoch 38/40.
2021-12-06 23:26:54 [DEBUG] root: Epoch 39/40.
2021-12-06 23:26:55 [DEBUG] root: Epoch 40/40.
2021-12-06 23:26:57 [DEBUG] matplotlib.backends.backend_pdf: Assigning font /b'F1' = '/home/tianyu/anaconda3/envs/DeepADoTS/lib/python3.7/site-packages/matplotlib/mpl-data/fonts/ttf/DejaVuSans.ttf'
2021-12-06 23:26:58 [DEBUG] matplotlib.backends.backend_pdf: Embedding font /home/tianyu/anaconda3/envs/DeepADoTS/lib/python3.7/site-packages/matplotlib/mpl-data/fonts/ttf/DejaVuSans.ttf.
2021-12-06 23:26:58 [DEBUG] matplotlib.backends.backend_pdf: Writing TrueType font.
2021-12-06 23:26:58 [INFO] src.evaluation.evaluator: Stored plot at reports/experiments/trend_1/intensity/figures/seed-1206099335/details_LSTM-ED_Syn Trend Outliers (extremeness=0.5)-1-10-2021-12-06-232657.pdf
2021-12-06 23:26:58 [INFO] src.evaluation.evaluator: Training LSTM-ED on Syn Trend Outliers (extremeness=0.25) with seed 1206099335
2021-12-06 23:26:58 [DEBUG] root: Epoch 1/40.
2021-12-06 23:26:59 [DEBUG] root: Epoch 2/40.
2021-12-06 23:27:00 [DEBUG] root: Epoch 3/40.
2021-12-06 23:27:01 [DEBUG] root: Epoch 4/40.
2021-12-06 23:27:03 [DEBUG] root: Epoch 5/40.
2021-12-06 23:27:04 [DEBUG] root: Epoch 6/40.
2021-12-06 23:27:05 [DEBUG] root: Epoch 7/40.
2021-12-06 23:27:06 [DEBUG] root: Epoch 8/40.
2021-12-06 23:27:08 [DEBUG] root: Epoch 9/40.
2021-12-06 23:27:09 [DEBUG] root: Epoch 10/40.
2021-12-06 23:27:10 [DEBUG] root: Epoch 11/40.
2021-12-06 23:27:11 [DEBUG] root: Epoch 12/40.
2021-12-06 23:27:13 [DEBUG] root: Epoch 13/40.
2021-12-06 23:27:14 [DEBUG] root: Epoch 14/40.
2021-12-06 23:27:15 [DEBUG] root: Epoch 15/40.
2021-12-06 23:27:17 [DEBUG] root: Epoch 16/40.
2021-12-06 23:27:18 [DEBUG] root: Epoch 17/40.
2021-12-06 23:27:19 [DEBUG] root: Epoch 18/40.
2021-12-06 23:27:20 [DEBUG] root: Epoch 19/40.
2021-12-06 23:27:22 [DEBUG] root: Epoch 20/40.
2021-12-06 23:27:23 [DEBUG] root: Epoch 21/40.
2021-12-06 23:27:24 [DEBUG] root: Epoch 22/40.
2021-12-06 23:27:25 [DEBUG] root: Epoch 23/40.
2021-12-06 23:27:27 [DEBUG] root: Epoch 24/40.
2021-12-06 23:27:28 [DEBUG] root: Epoch 25/40.
2021-12-06 23:27:29 [DEBUG] root: Epoch 26/40.
2021-12-06 23:27:30 [DEBUG] root: Epoch 27/40.
2021-12-06 23:27:32 [DEBUG] root: Epoch 28/40.
2021-12-06 23:27:33 [DEBUG] root: Epoch 29/40.
2021-12-06 23:27:34 [DEBUG] root: Epoch 30/40.
2021-12-06 23:27:35 [DEBUG] root: Epoch 31/40.
2021-12-06 23:27:37 [DEBUG] root: Epoch 32/40.
2021-12-06 23:27:38 [DEBUG] root: Epoch 33/40.
2021-12-06 23:27:39 [DEBUG] root: Epoch 34/40.
2021-12-06 23:27:40 [DEBUG] root: Epoch 35/40.
2021-12-06 23:27:42 [DEBUG] root: Epoch 36/40.
2021-12-06 23:27:43 [DEBUG] root: Epoch 37/40.
2021-12-06 23:27:44 [DEBUG] root: Epoch 38/40.
2021-12-06 23:27:45 [DEBUG] root: Epoch 39/40.
2021-12-06 23:27:47 [DEBUG] root: Epoch 40/40.
2021-12-06 23:27:49 [DEBUG] matplotlib.backends.backend_pdf: Assigning font /b'F1' = '/home/tianyu/anaconda3/envs/DeepADoTS/lib/python3.7/site-packages/matplotlib/mpl-data/fonts/ttf/DejaVuSans.ttf'
2021-12-06 23:27:49 [DEBUG] matplotlib.backends.backend_pdf: Embedding font /home/tianyu/anaconda3/envs/DeepADoTS/lib/python3.7/site-packages/matplotlib/mpl-data/fonts/ttf/DejaVuSans.ttf.
2021-12-06 23:27:49 [DEBUG] matplotlib.backends.backend_pdf: Writing TrueType font.
2021-12-06 23:27:49 [INFO] src.evaluation.evaluator: Stored plot at reports/experiments/trend_1/intensity/figures/seed-1206099335/details_LSTM-ED_Syn Trend Outliers (extremeness=0.25)-1-10-2021-12-06-232749.pdf
2021-12-06 23:27:49 [INFO] src.evaluation.evaluator: Training LSTM-ED on Syn Trend Outliers (extremeness=0.125) with seed 1206099335
2021-12-06 23:27:49 [DEBUG] root: Epoch 1/40.
2021-12-06 23:27:50 [DEBUG] root: Epoch 2/40.
2021-12-06 23:27:52 [DEBUG] root: Epoch 3/40.
2021-12-06 23:27:53 [DEBUG] root: Epoch 4/40.
2021-12-06 23:27:54 [DEBUG] root: Epoch 5/40.
2021-12-06 23:27:55 [DEBUG] root: Epoch 6/40.
2021-12-06 23:27:57 [DEBUG] root: Epoch 7/40.
2021-12-06 23:27:58 [DEBUG] root: Epoch 8/40.
2021-12-06 23:27:59 [DEBUG] root: Epoch 9/40.
2021-12-06 23:28:00 [DEBUG] root: Epoch 10/40.
2021-12-06 23:28:02 [DEBUG] root: Epoch 11/40.
2021-12-06 23:28:03 [DEBUG] root: Epoch 12/40.
2021-12-06 23:28:04 [DEBUG] root: Epoch 13/40.
2021-12-06 23:28:05 [DEBUG] root: Epoch 14/40.
2021-12-06 23:28:07 [DEBUG] root: Epoch 15/40.
2021-12-06 23:28:08 [DEBUG] root: Epoch 16/40.
2021-12-06 23:28:09 [DEBUG] root: Epoch 17/40.
2021-12-06 23:28:10 [DEBUG] root: Epoch 18/40.
2021-12-06 23:28:12 [DEBUG] root: Epoch 19/40.
2021-12-06 23:28:13 [DEBUG] root: Epoch 20/40.
2021-12-06 23:28:14 [DEBUG] root: Epoch 21/40.
2021-12-06 23:28:15 [DEBUG] root: Epoch 22/40.
2021-12-06 23:28:17 [DEBUG] root: Epoch 23/40.
2021-12-06 23:28:18 [DEBUG] root: Epoch 24/40.
2021-12-06 23:28:19 [DEBUG] root: Epoch 25/40.
2021-12-06 23:28:21 [DEBUG] root: Epoch 26/40.
2021-12-06 23:28:22 [DEBUG] root: Epoch 27/40.
2021-12-06 23:28:23 [DEBUG] root: Epoch 28/40.
2021-12-06 23:28:24 [DEBUG] root: Epoch 29/40.
2021-12-06 23:28:26 [DEBUG] root: Epoch 30/40.
2021-12-06 23:28:27 [DEBUG] root: Epoch 31/40.
2021-12-06 23:28:28 [DEBUG] root: Epoch 32/40.
2021-12-06 23:28:29 [DEBUG] root: Epoch 33/40.
2021-12-06 23:28:31 [DEBUG] root: Epoch 34/40.
2021-12-06 23:28:32 [DEBUG] root: Epoch 35/40.
2021-12-06 23:28:33 [DEBUG] root: Epoch 36/40.
2021-12-06 23:28:34 [DEBUG] root: Epoch 37/40.
2021-12-06 23:28:36 [DEBUG] root: Epoch 38/40.
2021-12-06 23:28:37 [DEBUG] root: Epoch 39/40.
2021-12-06 23:28:38 [DEBUG] root: Epoch 40/40.
2021-12-06 23:28:41 [DEBUG] matplotlib.backends.backend_pdf: Assigning font /b'F1' = '/home/tianyu/anaconda3/envs/DeepADoTS/lib/python3.7/site-packages/matplotlib/mpl-data/fonts/ttf/DejaVuSans.ttf'
2021-12-06 23:28:41 [DEBUG] matplotlib.backends.backend_pdf: Embedding font /home/tianyu/anaconda3/envs/DeepADoTS/lib/python3.7/site-packages/matplotlib/mpl-data/fonts/ttf/DejaVuSans.ttf.
2021-12-06 23:28:41 [DEBUG] matplotlib.backends.backend_pdf: Writing TrueType font.
2021-12-06 23:28:41 [INFO] src.evaluation.evaluator: Stored plot at reports/experiments/trend_1/intensity/figures/seed-1206099335/details_LSTM-ED_Syn Trend Outliers (extremeness=0.125)-1-10-2021-12-06-232840.pdf
2021-12-06 23:28:41 [INFO] src.evaluation.evaluator: Training LSTM-ED on Syn Trend Outliers (extremeness=0.0625) with seed 1206099335
2021-12-06 23:28:41 [DEBUG] root: Epoch 1/40.
2021-12-06 23:28:42 [DEBUG] root: Epoch 2/40.
2021-12-06 23:28:43 [DEBUG] root: Epoch 3/40.
2021-12-06 23:28:45 [DEBUG] root: Epoch 4/40.
2021-12-06 23:28:46 [DEBUG] root: Epoch 5/40.
2021-12-06 23:28:47 [DEBUG] root: Epoch 6/40.
2021-12-06 23:28:48 [DEBUG] root: Epoch 7/40.
2021-12-06 23:28:50 [DEBUG] root: Epoch 8/40.
2021-12-06 23:28:51 [DEBUG] root: Epoch 9/40.
2021-12-06 23:28:52 [DEBUG] root: Epoch 10/40.
2021-12-06 23:28:53 [DEBUG] root: Epoch 11/40.
2021-12-06 23:28:55 [DEBUG] root: Epoch 12/40.
2021-12-06 23:28:56 [DEBUG] root: Epoch 13/40.
2021-12-06 23:28:57 [DEBUG] root: Epoch 14/40.
2021-12-06 23:28:58 [DEBUG] root: Epoch 15/40.
2021-12-06 23:29:00 [DEBUG] root: Epoch 16/40.
2021-12-06 23:29:01 [DEBUG] root: Epoch 17/40.
2021-12-06 23:29:02 [DEBUG] root: Epoch 18/40.
2021-12-06 23:29:03 [DEBUG] root: Epoch 19/40.
2021-12-06 23:29:05 [DEBUG] root: Epoch 20/40.
2021-12-06 23:29:06 [DEBUG] root: Epoch 21/40.
2021-12-06 23:29:07 [DEBUG] root: Epoch 22/40.
2021-12-06 23:29:09 [DEBUG] root: Epoch 23/40.
2021-12-06 23:29:10 [DEBUG] root: Epoch 24/40.
2021-12-06 23:29:11 [DEBUG] root: Epoch 25/40.
2021-12-06 23:29:13 [DEBUG] root: Epoch 26/40.
2021-12-06 23:29:14 [DEBUG] root: Epoch 27/40.
2021-12-06 23:29:15 [DEBUG] root: Epoch 28/40.
2021-12-06 23:29:17 [DEBUG] root: Epoch 29/40.
2021-12-06 23:29:18 [DEBUG] root: Epoch 30/40.
2021-12-06 23:29:19 [DEBUG] root: Epoch 31/40.
2021-12-06 23:29:20 [DEBUG] root: Epoch 32/40.
2021-12-06 23:29:22 [DEBUG] root: Epoch 33/40.
2021-12-06 23:29:23 [DEBUG] root: Epoch 34/40.
2021-12-06 23:29:24 [DEBUG] root: Epoch 35/40.
2021-12-06 23:29:25 [DEBUG] root: Epoch 36/40.
2021-12-06 23:29:27 [DEBUG] root: Epoch 37/40.
2021-12-06 23:29:28 [DEBUG] root: Epoch 38/40.
2021-12-06 23:29:29 [DEBUG] root: Epoch 39/40.
2021-12-06 23:29:30 [DEBUG] root: Epoch 40/40.
2021-12-06 23:29:33 [DEBUG] matplotlib.backends.backend_pdf: Assigning font /b'F1' = '/home/tianyu/anaconda3/envs/DeepADoTS/lib/python3.7/site-packages/matplotlib/mpl-data/fonts/ttf/DejaVuSans.ttf'
2021-12-06 23:29:33 [DEBUG] matplotlib.backends.backend_pdf: Embedding font /home/tianyu/anaconda3/envs/DeepADoTS/lib/python3.7/site-packages/matplotlib/mpl-data/fonts/ttf/DejaVuSans.ttf.
2021-12-06 23:29:33 [DEBUG] matplotlib.backends.backend_pdf: Writing TrueType font.
2021-12-06 23:29:33 [INFO] src.evaluation.evaluator: Stored plot at reports/experiments/trend_1/intensity/figures/seed-1206099335/details_LSTM-ED_Syn Trend Outliers (extremeness=0.0625)-1-10-2021-12-06-232933.pdf
2021-12-06 23:29:33 [INFO] src.evaluation.evaluator: Training LSTM-ED on Syn Trend Outliers (extremeness=0.03125) with seed 1206099335
2021-12-06 23:29:33 [DEBUG] root: Epoch 1/40.
2021-12-06 23:29:34 [DEBUG] root: Epoch 2/40.
2021-12-06 23:29:35 [DEBUG] root: Epoch 3/40.
2021-12-06 23:29:37 [DEBUG] root: Epoch 4/40.
2021-12-06 23:29:38 [DEBUG] root: Epoch 5/40.
2021-12-06 23:29:39 [DEBUG] root: Epoch 6/40.
2021-12-06 23:29:41 [DEBUG] root: Epoch 7/40.
2021-12-06 23:29:42 [DEBUG] root: Epoch 8/40.
2021-12-06 23:29:43 [DEBUG] root: Epoch 9/40.
2021-12-06 23:29:45 [DEBUG] root: Epoch 10/40.
2021-12-06 23:29:46 [DEBUG] root: Epoch 11/40.
2021-12-06 23:29:47 [DEBUG] root: Epoch 12/40.
2021-12-06 23:29:48 [DEBUG] root: Epoch 13/40.
2021-12-06 23:29:50 [DEBUG] root: Epoch 14/40.
2021-12-06 23:29:51 [DEBUG] root: Epoch 15/40.
2021-12-06 23:29:52 [DEBUG] root: Epoch 16/40.
2021-12-06 23:29:54 [DEBUG] root: Epoch 17/40.
2021-12-06 23:29:55 [DEBUG] root: Epoch 18/40.
2021-12-06 23:29:56 [DEBUG] root: Epoch 19/40.
2021-12-06 23:29:57 [DEBUG] root: Epoch 20/40.
2021-12-06 23:29:59 [DEBUG] root: Epoch 21/40.
2021-12-06 23:30:00 [DEBUG] root: Epoch 22/40.
2021-12-06 23:30:01 [DEBUG] root: Epoch 23/40.
2021-12-06 23:30:03 [DEBUG] root: Epoch 24/40.
2021-12-06 23:30:04 [DEBUG] root: Epoch 25/40.
2021-12-06 23:30:05 [DEBUG] root: Epoch 26/40.
2021-12-06 23:30:07 [DEBUG] root: Epoch 27/40.
2021-12-06 23:30:08 [DEBUG] root: Epoch 28/40.
2021-12-06 23:30:09 [DEBUG] root: Epoch 29/40.
2021-12-06 23:30:10 [DEBUG] root: Epoch 30/40.
2021-12-06 23:30:12 [DEBUG] root: Epoch 31/40.
2021-12-06 23:30:13 [DEBUG] root: Epoch 32/40.
2021-12-06 23:30:14 [DEBUG] root: Epoch 33/40.
2021-12-06 23:30:16 [DEBUG] root: Epoch 34/40.
2021-12-06 23:30:17 [DEBUG] root: Epoch 35/40.
2021-12-06 23:30:18 [DEBUG] root: Epoch 36/40.
2021-12-06 23:30:20 [DEBUG] root: Epoch 37/40.
2021-12-06 23:30:21 [DEBUG] root: Epoch 38/40.
2021-12-06 23:30:22 [DEBUG] root: Epoch 39/40.
2021-12-06 23:30:23 [DEBUG] root: Epoch 40/40.
2021-12-06 23:30:26 [DEBUG] matplotlib.backends.backend_pdf: Assigning font /b'F1' = '/home/tianyu/anaconda3/envs/DeepADoTS/lib/python3.7/site-packages/matplotlib/mpl-data/fonts/ttf/DejaVuSans.ttf'
2021-12-06 23:30:26 [DEBUG] matplotlib.backends.backend_pdf: Embedding font /home/tianyu/anaconda3/envs/DeepADoTS/lib/python3.7/site-packages/matplotlib/mpl-data/fonts/ttf/DejaVuSans.ttf.
2021-12-06 23:30:26 [DEBUG] matplotlib.backends.backend_pdf: Writing TrueType font.
2021-12-06 23:30:26 [INFO] src.evaluation.evaluator: Stored plot at reports/experiments/trend_1/intensity/figures/seed-1206099335/details_LSTM-ED_Syn Trend Outliers (extremeness=0.03125)-1-10-2021-12-06-233026.pdf
2021-12-06 23:30:29 [INFO] src.evaluation.evaluator: Plotting ROC curve for LSTM-ED on Syn Trend Outliers (extremeness=16.0)
2021-12-06 23:30:29 [DEBUG] matplotlib.backends.backend_pdf: Assigning font /b'F1' = '/home/tianyu/anaconda3/envs/DeepADoTS/lib/python3.7/site-packages/matplotlib/mpl-data/fonts/ttf/DejaVuSans.ttf'
2021-12-06 23:30:29 [DEBUG] matplotlib.backends.backend_pdf: Embedding font /home/tianyu/anaconda3/envs/DeepADoTS/lib/python3.7/site-packages/matplotlib/mpl-data/fonts/ttf/DejaVuSans.ttf.
2021-12-06 23:30:29 [DEBUG] matplotlib.backends.backend_pdf: Writing TrueType font.
2021-12-06 23:30:29 [INFO] src.evaluation.evaluator: Stored plot at reports/experiments/trend_1/intensity/figures/seed-1206099335/roc_Syn Trend Outliers (extremeness=16.0)-1-10-2021-12-06-233029.pdf
2021-12-06 23:30:29 [INFO] src.evaluation.evaluator: Plotting ROC curve for LSTM-ED on Syn Trend Outliers (extremeness=8.0)
2021-12-06 23:30:29 [DEBUG] matplotlib.backends.backend_pdf: Assigning font /b'F1' = '/home/tianyu/anaconda3/envs/DeepADoTS/lib/python3.7/site-packages/matplotlib/mpl-data/fonts/ttf/DejaVuSans.ttf'
2021-12-06 23:30:29 [DEBUG] matplotlib.backends.backend_pdf: Embedding font /home/tianyu/anaconda3/envs/DeepADoTS/lib/python3.7/site-packages/matplotlib/mpl-data/fonts/ttf/DejaVuSans.ttf.
2021-12-06 23:30:29 [DEBUG] matplotlib.backends.backend_pdf: Writing TrueType font.
2021-12-06 23:30:29 [INFO] src.evaluation.evaluator: Stored plot at reports/experiments/trend_1/intensity/figures/seed-1206099335/roc_Syn Trend Outliers (extremeness=8.0)-1-10-2021-12-06-233029.pdf
2021-12-06 23:30:29 [INFO] src.evaluation.evaluator: Plotting ROC curve for LSTM-ED on Syn Trend Outliers (extremeness=4.0)
2021-12-06 23:30:29 [DEBUG] matplotlib.backends.backend_pdf: Assigning font /b'F1' = '/home/tianyu/anaconda3/envs/DeepADoTS/lib/python3.7/site-packages/matplotlib/mpl-data/fonts/ttf/DejaVuSans.ttf'
2021-12-06 23:30:30 [DEBUG] matplotlib.backends.backend_pdf: Embedding font /home/tianyu/anaconda3/envs/DeepADoTS/lib/python3.7/site-packages/matplotlib/mpl-data/fonts/ttf/DejaVuSans.ttf.
2021-12-06 23:30:30 [DEBUG] matplotlib.backends.backend_pdf: Writing TrueType font.
2021-12-06 23:30:30 [INFO] src.evaluation.evaluator: Stored plot at reports/experiments/trend_1/intensity/figures/seed-1206099335/roc_Syn Trend Outliers (extremeness=4.0)-1-10-2021-12-06-233029.pdf
2021-12-06 23:30:30 [INFO] src.evaluation.evaluator: Plotting ROC curve for LSTM-ED on Syn Trend Outliers (extremeness=2.0)
2021-12-06 23:30:30 [DEBUG] matplotlib.backends.backend_pdf: Assigning font /b'F1' = '/home/tianyu/anaconda3/envs/DeepADoTS/lib/python3.7/site-packages/matplotlib/mpl-data/fonts/ttf/DejaVuSans.ttf'
2021-12-06 23:30:30 [DEBUG] matplotlib.backends.backend_pdf: Embedding font /home/tianyu/anaconda3/envs/DeepADoTS/lib/python3.7/site-packages/matplotlib/mpl-data/fonts/ttf/DejaVuSans.ttf.
2021-12-06 23:30:30 [DEBUG] matplotlib.backends.backend_pdf: Writing TrueType font.
2021-12-06 23:30:30 [INFO] src.evaluation.evaluator: Stored plot at reports/experiments/trend_1/intensity/figures/seed-1206099335/roc_Syn Trend Outliers (extremeness=2.0)-1-10-2021-12-06-233030.pdf
2021-12-06 23:30:30 [INFO] src.evaluation.evaluator: Plotting ROC curve for LSTM-ED on Syn Trend Outliers (extremeness=1.0)
2021-12-06 23:30:30 [DEBUG] matplotlib.backends.backend_pdf: Assigning font /b'F1' = '/home/tianyu/anaconda3/envs/DeepADoTS/lib/python3.7/site-packages/matplotlib/mpl-data/fonts/ttf/DejaVuSans.ttf'
2021-12-06 23:30:30 [DEBUG] matplotlib.backends.backend_pdf: Embedding font /home/tianyu/anaconda3/envs/DeepADoTS/lib/python3.7/site-packages/matplotlib/mpl-data/fonts/ttf/DejaVuSans.ttf.
2021-12-06 23:30:30 [DEBUG] matplotlib.backends.backend_pdf: Writing TrueType font.
2021-12-06 23:30:30 [INFO] src.evaluation.evaluator: Stored plot at reports/experiments/trend_1/intensity/figures/seed-1206099335/roc_Syn Trend Outliers (extremeness=1.0)-1-10-2021-12-06-233030.pdf
2021-12-06 23:30:30 [INFO] src.evaluation.evaluator: Plotting ROC curve for LSTM-ED on Syn Trend Outliers (extremeness=0.5)
2021-12-06 23:30:30 [DEBUG] matplotlib.backends.backend_pdf: Assigning font /b'F1' = '/home/tianyu/anaconda3/envs/DeepADoTS/lib/python3.7/site-packages/matplotlib/mpl-data/fonts/ttf/DejaVuSans.ttf'
2021-12-06 23:30:30 [DEBUG] matplotlib.backends.backend_pdf: Embedding font /home/tianyu/anaconda3/envs/DeepADoTS/lib/python3.7/site-packages/matplotlib/mpl-data/fonts/ttf/DejaVuSans.ttf.
2021-12-06 23:30:30 [DEBUG] matplotlib.backends.backend_pdf: Writing TrueType font.
2021-12-06 23:30:30 [INFO] src.evaluation.evaluator: Stored plot at reports/experiments/trend_1/intensity/figures/seed-1206099335/roc_Syn Trend Outliers (extremeness=0.5)-1-10-2021-12-06-233030.pdf
2021-12-06 23:30:30 [INFO] src.evaluation.evaluator: Plotting ROC curve for LSTM-ED on Syn Trend Outliers (extremeness=0.25)
2021-12-06 23:30:30 [DEBUG] matplotlib.backends.backend_pdf: Assigning font /b'F1' = '/home/tianyu/anaconda3/envs/DeepADoTS/lib/python3.7/site-packages/matplotlib/mpl-data/fonts/ttf/DejaVuSans.ttf'
2021-12-06 23:30:30 [DEBUG] matplotlib.backends.backend_pdf: Embedding font /home/tianyu/anaconda3/envs/DeepADoTS/lib/python3.7/site-packages/matplotlib/mpl-data/fonts/ttf/DejaVuSans.ttf.
2021-12-06 23:30:30 [DEBUG] matplotlib.backends.backend_pdf: Writing TrueType font.
2021-12-06 23:30:30 [INFO] src.evaluation.evaluator: Stored plot at reports/experiments/trend_1/intensity/figures/seed-1206099335/roc_Syn Trend Outliers (extremeness=0.25)-1-10-2021-12-06-233030.pdf
2021-12-06 23:30:30 [INFO] src.evaluation.evaluator: Plotting ROC curve for LSTM-ED on Syn Trend Outliers (extremeness=0.125)
2021-12-06 23:30:30 [DEBUG] matplotlib.backends.backend_pdf: Assigning font /b'F1' = '/home/tianyu/anaconda3/envs/DeepADoTS/lib/python3.7/site-packages/matplotlib/mpl-data/fonts/ttf/DejaVuSans.ttf'
2021-12-06 23:30:30 [DEBUG] matplotlib.backends.backend_pdf: Embedding font /home/tianyu/anaconda3/envs/DeepADoTS/lib/python3.7/site-packages/matplotlib/mpl-data/fonts/ttf/DejaVuSans.ttf.
2021-12-06 23:30:30 [DEBUG] matplotlib.backends.backend_pdf: Writing TrueType font.
2021-12-06 23:30:30 [INFO] src.evaluation.evaluator: Stored plot at reports/experiments/trend_1/intensity/figures/seed-1206099335/roc_Syn Trend Outliers (extremeness=0.125)-1-10-2021-12-06-233030.pdf
2021-12-06 23:30:30 [INFO] src.evaluation.evaluator: Plotting ROC curve for LSTM-ED on Syn Trend Outliers (extremeness=0.0625)
2021-12-06 23:30:30 [DEBUG] matplotlib.backends.backend_pdf: Assigning font /b'F1' = '/home/tianyu/anaconda3/envs/DeepADoTS/lib/python3.7/site-packages/matplotlib/mpl-data/fonts/ttf/DejaVuSans.ttf'
2021-12-06 23:30:30 [DEBUG] matplotlib.backends.backend_pdf: Embedding font /home/tianyu/anaconda3/envs/DeepADoTS/lib/python3.7/site-packages/matplotlib/mpl-data/fonts/ttf/DejaVuSans.ttf.
2021-12-06 23:30:30 [DEBUG] matplotlib.backends.backend_pdf: Writing TrueType font.
2021-12-06 23:30:30 [INFO] src.evaluation.evaluator: Stored plot at reports/experiments/trend_1/intensity/figures/seed-1206099335/roc_Syn Trend Outliers (extremeness=0.0625)-1-10-2021-12-06-233030.pdf
2021-12-06 23:30:30 [INFO] src.evaluation.evaluator: Plotting ROC curve for LSTM-ED on Syn Trend Outliers (extremeness=0.03125)
2021-12-06 23:30:31 [DEBUG] matplotlib.backends.backend_pdf: Assigning font /b'F1' = '/home/tianyu/anaconda3/envs/DeepADoTS/lib/python3.7/site-packages/matplotlib/mpl-data/fonts/ttf/DejaVuSans.ttf'
2021-12-06 23:30:31 [DEBUG] matplotlib.backends.backend_pdf: Embedding font /home/tianyu/anaconda3/envs/DeepADoTS/lib/python3.7/site-packages/matplotlib/mpl-data/fonts/ttf/DejaVuSans.ttf.
2021-12-06 23:30:31 [DEBUG] matplotlib.backends.backend_pdf: Writing TrueType font.
2021-12-06 23:30:31 [INFO] src.evaluation.evaluator: Stored plot at reports/experiments/trend_1/intensity/figures/seed-1206099335/roc_Syn Trend Outliers (extremeness=0.03125)-1-10-2021-12-06-233031.pdf
2021-12-06 23:30:34 [DEBUG] matplotlib.backends.backend_pdf: Assigning font /b'F1' = '/home/tianyu/anaconda3/envs/DeepADoTS/lib/python3.7/site-packages/matplotlib/mpl-data/fonts/ttf/DejaVuSans.ttf'
2021-12-06 23:30:35 [DEBUG] matplotlib.backends.backend_pdf: Embedding font /home/tianyu/anaconda3/envs/DeepADoTS/lib/python3.7/site-packages/matplotlib/mpl-data/fonts/ttf/DejaVuSans.ttf.
2021-12-06 23:30:35 [DEBUG] matplotlib.backends.backend_pdf: Writing TrueType font.
2021-12-06 23:30:35 [INFO] src.evaluation.evaluator: Stored plot at reports/experiments/trend_1/intensity/figures/seed-1206099335/metrics_by_thresholds-1-10-2021-12-06-233034.pdf
2021-12-06 23:30:36 [DEBUG] matplotlib.backends.backend_pdf: Assigning font /b'F1' = '/home/tianyu/anaconda3/envs/DeepADoTS/lib/python3.7/site-packages/matplotlib/mpl-data/fonts/ttf/DejaVuSans.ttf'
2021-12-06 23:30:36 [DEBUG] matplotlib.backends.backend_pdf: Embedding font /home/tianyu/anaconda3/envs/DeepADoTS/lib/python3.7/site-packages/matplotlib/mpl-data/fonts/ttf/DejaVuSans.ttf.
2021-12-06 23:30:36 [DEBUG] matplotlib.backends.backend_pdf: Writing TrueType font.
2021-12-06 23:30:36 [INFO] src.evaluation.evaluator: Stored plot at reports/experiments/trend_1/intensity/figures/seed-1206099335/scores_Syn Trend Outliers (extremeness=16.0)-1-10-2021-12-06-233036.pdf
2021-12-06 23:30:37 [DEBUG] matplotlib.backends.backend_pdf: Assigning font /b'F1' = '/home/tianyu/anaconda3/envs/DeepADoTS/lib/python3.7/site-packages/matplotlib/mpl-data/fonts/ttf/DejaVuSans.ttf'
2021-12-06 23:30:37 [DEBUG] matplotlib.backends.backend_pdf: Embedding font /home/tianyu/anaconda3/envs/DeepADoTS/lib/python3.7/site-packages/matplotlib/mpl-data/fonts/ttf/DejaVuSans.ttf.
2021-12-06 23:30:37 [DEBUG] matplotlib.backends.backend_pdf: Writing TrueType font.
2021-12-06 23:30:37 [INFO] src.evaluation.evaluator: Stored plot at reports/experiments/trend_1/intensity/figures/seed-1206099335/scores_Syn Trend Outliers (extremeness=8.0)-1-10-2021-12-06-233037.pdf
2021-12-06 23:30:38 [DEBUG] matplotlib.backends.backend_pdf: Assigning font /b'F1' = '/home/tianyu/anaconda3/envs/DeepADoTS/lib/python3.7/site-packages/matplotlib/mpl-data/fonts/ttf/DejaVuSans.ttf'
2021-12-06 23:30:38 [DEBUG] matplotlib.backends.backend_pdf: Embedding font /home/tianyu/anaconda3/envs/DeepADoTS/lib/python3.7/site-packages/matplotlib/mpl-data/fonts/ttf/DejaVuSans.ttf.
2021-12-06 23:30:38 [DEBUG] matplotlib.backends.backend_pdf: Writing TrueType font.
2021-12-06 23:30:38 [INFO] src.evaluation.evaluator: Stored plot at reports/experiments/trend_1/intensity/figures/seed-1206099335/scores_Syn Trend Outliers (extremeness=4.0)-1-10-2021-12-06-233038.pdf
2021-12-06 23:30:39 [DEBUG] matplotlib.backends.backend_pdf: Assigning font /b'F1' = '/home/tianyu/anaconda3/envs/DeepADoTS/lib/python3.7/site-packages/matplotlib/mpl-data/fonts/ttf/DejaVuSans.ttf'
2021-12-06 23:30:39 [DEBUG] matplotlib.backends.backend_pdf: Embedding font /home/tianyu/anaconda3/envs/DeepADoTS/lib/python3.7/site-packages/matplotlib/mpl-data/fonts/ttf/DejaVuSans.ttf.
2021-12-06 23:30:39 [DEBUG] matplotlib.backends.backend_pdf: Writing TrueType font.
2021-12-06 23:30:39 [INFO] src.evaluation.evaluator: Stored plot at reports/experiments/trend_1/intensity/figures/seed-1206099335/scores_Syn Trend Outliers (extremeness=2.0)-1-10-2021-12-06-233039.pdf
2021-12-06 23:30:40 [DEBUG] matplotlib.backends.backend_pdf: Assigning font /b'F1' = '/home/tianyu/anaconda3/envs/DeepADoTS/lib/python3.7/site-packages/matplotlib/mpl-data/fonts/ttf/DejaVuSans.ttf'
2021-12-06 23:30:41 [DEBUG] matplotlib.backends.backend_pdf: Embedding font /home/tianyu/anaconda3/envs/DeepADoTS/lib/python3.7/site-packages/matplotlib/mpl-data/fonts/ttf/DejaVuSans.ttf.
2021-12-06 23:30:41 [DEBUG] matplotlib.backends.backend_pdf: Writing TrueType font.
2021-12-06 23:30:41 [INFO] src.evaluation.evaluator: Stored plot at reports/experiments/trend_1/intensity/figures/seed-1206099335/scores_Syn Trend Outliers (extremeness=1.0)-1-10-2021-12-06-233040.pdf
2021-12-06 23:30:42 [DEBUG] matplotlib.backends.backend_pdf: Assigning font /b'F1' = '/home/tianyu/anaconda3/envs/DeepADoTS/lib/python3.7/site-packages/matplotlib/mpl-data/fonts/ttf/DejaVuSans.ttf'
2021-12-06 23:30:42 [DEBUG] matplotlib.backends.backend_pdf: Embedding font /home/tianyu/anaconda3/envs/DeepADoTS/lib/python3.7/site-packages/matplotlib/mpl-data/fonts/ttf/DejaVuSans.ttf.
2021-12-06 23:30:42 [DEBUG] matplotlib.backends.backend_pdf: Writing TrueType font.
2021-12-06 23:30:42 [INFO] src.evaluation.evaluator: Stored plot at reports/experiments/trend_1/intensity/figures/seed-1206099335/scores_Syn Trend Outliers (extremeness=0.5)-1-10-2021-12-06-233042.pdf
2021-12-06 23:30:43 [DEBUG] matplotlib.backends.backend_pdf: Assigning font /b'F1' = '/home/tianyu/anaconda3/envs/DeepADoTS/lib/python3.7/site-packages/matplotlib/mpl-data/fonts/ttf/DejaVuSans.ttf'
2021-12-06 23:30:43 [DEBUG] matplotlib.backends.backend_pdf: Embedding font /home/tianyu/anaconda3/envs/DeepADoTS/lib/python3.7/site-packages/matplotlib/mpl-data/fonts/ttf/DejaVuSans.ttf.
2021-12-06 23:30:43 [DEBUG] matplotlib.backends.backend_pdf: Writing TrueType font.
2021-12-06 23:30:43 [INFO] src.evaluation.evaluator: Stored plot at reports/experiments/trend_1/intensity/figures/seed-1206099335/scores_Syn Trend Outliers (extremeness=0.25)-1-10-2021-12-06-233043.pdf
2021-12-06 23:30:44 [DEBUG] matplotlib.backends.backend_pdf: Assigning font /b'F1' = '/home/tianyu/anaconda3/envs/DeepADoTS/lib/python3.7/site-packages/matplotlib/mpl-data/fonts/ttf/DejaVuSans.ttf'
2021-12-06 23:30:44 [DEBUG] matplotlib.backends.backend_pdf: Embedding font /home/tianyu/anaconda3/envs/DeepADoTS/lib/python3.7/site-packages/matplotlib/mpl-data/fonts/ttf/DejaVuSans.ttf.
2021-12-06 23:30:44 [DEBUG] matplotlib.backends.backend_pdf: Writing TrueType font.
2021-12-06 23:30:44 [INFO] src.evaluation.evaluator: Stored plot at reports/experiments/trend_1/intensity/figures/seed-1206099335/scores_Syn Trend Outliers (extremeness=0.125)-1-10-2021-12-06-233044.pdf
2021-12-06 23:30:45 [DEBUG] matplotlib.backends.backend_pdf: Assigning font /b'F1' = '/home/tianyu/anaconda3/envs/DeepADoTS/lib/python3.7/site-packages/matplotlib/mpl-data/fonts/ttf/DejaVuSans.ttf'
2021-12-06 23:30:45 [DEBUG] matplotlib.backends.backend_pdf: Embedding font /home/tianyu/anaconda3/envs/DeepADoTS/lib/python3.7/site-packages/matplotlib/mpl-data/fonts/ttf/DejaVuSans.ttf.
2021-12-06 23:30:45 [DEBUG] matplotlib.backends.backend_pdf: Writing TrueType font.
2021-12-06 23:30:45 [INFO] src.evaluation.evaluator: Stored plot at reports/experiments/trend_1/intensity/figures/seed-1206099335/scores_Syn Trend Outliers (extremeness=0.0625)-1-10-2021-12-06-233045.pdf
2021-12-06 23:30:46 [DEBUG] matplotlib.backends.backend_pdf: Assigning font /b'F1' = '/home/tianyu/anaconda3/envs/DeepADoTS/lib/python3.7/site-packages/matplotlib/mpl-data/fonts/ttf/DejaVuSans.ttf'
2021-12-06 23:30:46 [DEBUG] matplotlib.backends.backend_pdf: Embedding font /home/tianyu/anaconda3/envs/DeepADoTS/lib/python3.7/site-packages/matplotlib/mpl-data/fonts/ttf/DejaVuSans.ttf.
2021-12-06 23:30:46 [DEBUG] matplotlib.backends.backend_pdf: Writing TrueType font.
2021-12-06 23:30:46 [INFO] src.evaluation.evaluator: Stored plot at reports/experiments/trend_1/intensity/figures/seed-1206099335/scores_Syn Trend Outliers (extremeness=0.03125)-1-10-2021-12-06-233046.pdf
2021-12-06 23:30:46 [INFO] src.evaluation.evaluator: Store evaluator results at /home/tianyu/Desktop/work_space/DeepADoTS/reports/experiments/trend_1/intensity/evaluators/experiment-run-0-1206099335-2021-12-06-233046.pkl
2021-12-06 23:30:47 [INFO] src.evaluation.evaluator: Store evaluator results at /home/tianyu/Desktop/work_space/DeepADoTS/reports/experiments/trend_1/intensity/evaluators/experiment-extreme-2021-12-06-233047.pkl
2021-12-06 23:30:47 [DEBUG] matplotlib.backends.backend_pdf: Assigning font /b'F1' = '/home/tianyu/anaconda3/envs/DeepADoTS/lib/python3.7/site-packages/matplotlib/mpl-data/fonts/ttf/DejaVuSans.ttf'
2021-12-06 23:30:47 [DEBUG] matplotlib.backends.backend_pdf: Embedding font /home/tianyu/anaconda3/envs/DeepADoTS/lib/python3.7/site-packages/matplotlib/mpl-data/fonts/ttf/DejaVuSans.ttf.
2021-12-06 23:30:47 [DEBUG] matplotlib.backends.backend_pdf: Writing TrueType font.
2021-12-06 23:30:47 [INFO] src.evaluation.evaluator: Stored plot at reports/experiments/trend_1/intensity/figures/boxplot_auc_for_LSTM-ED_1_runs-1-10-2021-12-06-233047.pdf
2021-12-06 23:30:47 [DEBUG] matplotlib.backends.backend_pdf: Assigning font /b'F1' = '/home/tianyu/anaconda3/envs/DeepADoTS/lib/python3.7/site-packages/matplotlib/mpl-data/fonts/ttf/DejaVuSans.ttf'
2021-12-06 23:30:47 [DEBUG] matplotlib.backends.backend_pdf: Embedding font /home/tianyu/anaconda3/envs/DeepADoTS/lib/python3.7/site-packages/matplotlib/mpl-data/fonts/ttf/DejaVuSans.ttf.
2021-12-06 23:30:47 [DEBUG] matplotlib.backends.backend_pdf: Writing TrueType font.
2021-12-06 23:30:47 [INFO] src.evaluation.evaluator: Stored plot at reports/experiments/trend_1/intensity/figures/boxplot_auc_for_Syn Trend Outliers (extremeness=16.0)_1_runs-1-10-2021-12-06-233047.pdf
2021-12-06 23:30:47 [DEBUG] matplotlib.backends.backend_pdf: Assigning font /b'F1' = '/home/tianyu/anaconda3/envs/DeepADoTS/lib/python3.7/site-packages/matplotlib/mpl-data/fonts/ttf/DejaVuSans.ttf'
2021-12-06 23:30:47 [DEBUG] matplotlib.backends.backend_pdf: Embedding font /home/tianyu/anaconda3/envs/DeepADoTS/lib/python3.7/site-packages/matplotlib/mpl-data/fonts/ttf/DejaVuSans.ttf.
2021-12-06 23:30:47 [DEBUG] matplotlib.backends.backend_pdf: Writing TrueType font.
2021-12-06 23:30:47 [INFO] src.evaluation.evaluator: Stored plot at reports/experiments/trend_1/intensity/figures/boxplot_auc_for_Syn Trend Outliers (extremeness=8.0)_1_runs-1-10-2021-12-06-233047.pdf
2021-12-06 23:30:47 [DEBUG] matplotlib.backends.backend_pdf: Assigning font /b'F1' = '/home/tianyu/anaconda3/envs/DeepADoTS/lib/python3.7/site-packages/matplotlib/mpl-data/fonts/ttf/DejaVuSans.ttf'
2021-12-06 23:30:47 [DEBUG] matplotlib.backends.backend_pdf: Embedding font /home/tianyu/anaconda3/envs/DeepADoTS/lib/python3.7/site-packages/matplotlib/mpl-data/fonts/ttf/DejaVuSans.ttf.
2021-12-06 23:30:47 [DEBUG] matplotlib.backends.backend_pdf: Writing TrueType font.
2021-12-06 23:30:47 [INFO] src.evaluation.evaluator: Stored plot at reports/experiments/trend_1/intensity/figures/boxplot_auc_for_Syn Trend Outliers (extremeness=4.0)_1_runs-1-10-2021-12-06-233047.pdf
2021-12-06 23:30:47 [DEBUG] matplotlib.backends.backend_pdf: Assigning font /b'F1' = '/home/tianyu/anaconda3/envs/DeepADoTS/lib/python3.7/site-packages/matplotlib/mpl-data/fonts/ttf/DejaVuSans.ttf'
2021-12-06 23:30:47 [DEBUG] matplotlib.backends.backend_pdf: Embedding font /home/tianyu/anaconda3/envs/DeepADoTS/lib/python3.7/site-packages/matplotlib/mpl-data/fonts/ttf/DejaVuSans.ttf.
2021-12-06 23:30:47 [DEBUG] matplotlib.backends.backend_pdf: Writing TrueType font.
2021-12-06 23:30:47 [INFO] src.evaluation.evaluator: Stored plot at reports/experiments/trend_1/intensity/figures/boxplot_auc_for_Syn Trend Outliers (extremeness=2.0)_1_runs-1-10-2021-12-06-233047.pdf
2021-12-06 23:30:48 [DEBUG] matplotlib.backends.backend_pdf: Assigning font /b'F1' = '/home/tianyu/anaconda3/envs/DeepADoTS/lib/python3.7/site-packages/matplotlib/mpl-data/fonts/ttf/DejaVuSans.ttf'
2021-12-06 23:30:48 [DEBUG] matplotlib.backends.backend_pdf: Embedding font /home/tianyu/anaconda3/envs/DeepADoTS/lib/python3.7/site-packages/matplotlib/mpl-data/fonts/ttf/DejaVuSans.ttf.
2021-12-06 23:30:48 [DEBUG] matplotlib.backends.backend_pdf: Writing TrueType font.
2021-12-06 23:30:48 [INFO] src.evaluation.evaluator: Stored plot at reports/experiments/trend_1/intensity/figures/boxplot_auc_for_Syn Trend Outliers (extremeness=1.0)_1_runs-1-10-2021-12-06-233048.pdf
2021-12-06 23:30:48 [DEBUG] matplotlib.backends.backend_pdf: Assigning font /b'F1' = '/home/tianyu/anaconda3/envs/DeepADoTS/lib/python3.7/site-packages/matplotlib/mpl-data/fonts/ttf/DejaVuSans.ttf'
2021-12-06 23:30:48 [DEBUG] matplotlib.backends.backend_pdf: Embedding font /home/tianyu/anaconda3/envs/DeepADoTS/lib/python3.7/site-packages/matplotlib/mpl-data/fonts/ttf/DejaVuSans.ttf.
2021-12-06 23:30:48 [DEBUG] matplotlib.backends.backend_pdf: Writing TrueType font.
2021-12-06 23:30:48 [INFO] src.evaluation.evaluator: Stored plot at reports/experiments/trend_1/intensity/figures/boxplot_auc_for_Syn Trend Outliers (extremeness=0.5)_1_runs-1-10-2021-12-06-233048.pdf
2021-12-06 23:30:48 [DEBUG] matplotlib.backends.backend_pdf: Assigning font /b'F1' = '/home/tianyu/anaconda3/envs/DeepADoTS/lib/python3.7/site-packages/matplotlib/mpl-data/fonts/ttf/DejaVuSans.ttf'
2021-12-06 23:30:48 [DEBUG] matplotlib.backends.backend_pdf: Embedding font /home/tianyu/anaconda3/envs/DeepADoTS/lib/python3.7/site-packages/matplotlib/mpl-data/fonts/ttf/DejaVuSans.ttf.
2021-12-06 23:30:48 [DEBUG] matplotlib.backends.backend_pdf: Writing TrueType font.
2021-12-06 23:30:48 [INFO] src.evaluation.evaluator: Stored plot at reports/experiments/trend_1/intensity/figures/boxplot_auc_for_Syn Trend Outliers (extremeness=0.25)_1_runs-1-10-2021-12-06-233048.pdf
2021-12-06 23:30:48 [DEBUG] matplotlib.backends.backend_pdf: Assigning font /b'F1' = '/home/tianyu/anaconda3/envs/DeepADoTS/lib/python3.7/site-packages/matplotlib/mpl-data/fonts/ttf/DejaVuSans.ttf'
2021-12-06 23:30:48 [DEBUG] matplotlib.backends.backend_pdf: Embedding font /home/tianyu/anaconda3/envs/DeepADoTS/lib/python3.7/site-packages/matplotlib/mpl-data/fonts/ttf/DejaVuSans.ttf.
2021-12-06 23:30:48 [DEBUG] matplotlib.backends.backend_pdf: Writing TrueType font.
2021-12-06 23:30:48 [INFO] src.evaluation.evaluator: Stored plot at reports/experiments/trend_1/intensity/figures/boxplot_auc_for_Syn Trend Outliers (extremeness=0.125)_1_runs-1-10-2021-12-06-233048.pdf
2021-12-06 23:30:48 [DEBUG] matplotlib.backends.backend_pdf: Assigning font /b'F1' = '/home/tianyu/anaconda3/envs/DeepADoTS/lib/python3.7/site-packages/matplotlib/mpl-data/fonts/ttf/DejaVuSans.ttf'
2021-12-06 23:30:48 [DEBUG] matplotlib.backends.backend_pdf: Embedding font /home/tianyu/anaconda3/envs/DeepADoTS/lib/python3.7/site-packages/matplotlib/mpl-data/fonts/ttf/DejaVuSans.ttf.
2021-12-06 23:30:48 [DEBUG] matplotlib.backends.backend_pdf: Writing TrueType font.
2021-12-06 23:30:48 [INFO] src.evaluation.evaluator: Stored plot at reports/experiments/trend_1/intensity/figures/boxplot_auc_for_Syn Trend Outliers (extremeness=0.0625)_1_runs-1-10-2021-12-06-233048.pdf
2021-12-06 23:30:48 [DEBUG] matplotlib.backends.backend_pdf: Assigning font /b'F1' = '/home/tianyu/anaconda3/envs/DeepADoTS/lib/python3.7/site-packages/matplotlib/mpl-data/fonts/ttf/DejaVuSans.ttf'
2021-12-06 23:30:48 [DEBUG] matplotlib.backends.backend_pdf: Embedding font /home/tianyu/anaconda3/envs/DeepADoTS/lib/python3.7/site-packages/matplotlib/mpl-data/fonts/ttf/DejaVuSans.ttf.
2021-12-06 23:30:48 [DEBUG] matplotlib.backends.backend_pdf: Writing TrueType font.
2021-12-06 23:30:48 [INFO] src.evaluation.evaluator: Stored plot at reports/experiments/trend_1/intensity/figures/boxplot_auc_for_Syn Trend Outliers (extremeness=0.03125)_1_runs-1-10-2021-12-06-233048.pdf
2021-12-06 23:30:48 [INFO] src.evaluation.evaluator: Dataset: Syn Trend Outliers (extremeness=16.0)
+----+---------------------------------------+-------------+----------------+-----------------+--------------+----------------+------------------+-------------+
|    | dataset                               | algorithm   |   accuracy_std |   precision_std |   recall_std |   F1-score_std |   F0.1-score_std |   auroc_std |
|----+---------------------------------------+-------------+----------------+-----------------+--------------+----------------+------------------+-------------|
|  6 | Syn Trend Outliers (extremeness=16.0) | LSTM-ED     |              0 |               0 |            0 |              0 |                0 |           0 |
+----+---------------------------------------+-------------+----------------+-----------------+--------------+----------------+------------------+-------------+
2021-12-06 23:30:48 [INFO] src.evaluation.evaluator: Dataset: Syn Trend Outliers (extremeness=8.0)
+----+--------------------------------------+-------------+----------------+-----------------+--------------+----------------+------------------+-------------+
|    | dataset                              | algorithm   |   accuracy_std |   precision_std |   recall_std |   F1-score_std |   F0.1-score_std |   auroc_std |
|----+--------------------------------------+-------------+----------------+-----------------+--------------+----------------+------------------+-------------|
|  9 | Syn Trend Outliers (extremeness=8.0) | LSTM-ED     |              0 |               0 |            0 |              0 |                0 |           0 |
+----+--------------------------------------+-------------+----------------+-----------------+--------------+----------------+------------------+-------------+
2021-12-06 23:30:48 [INFO] src.evaluation.evaluator: Dataset: Syn Trend Outliers (extremeness=4.0)
+----+--------------------------------------+-------------+----------------+-----------------+--------------+----------------+------------------+-------------+
|    | dataset                              | algorithm   |   accuracy_std |   precision_std |   recall_std |   F1-score_std |   F0.1-score_std |   auroc_std |
|----+--------------------------------------+-------------+----------------+-----------------+--------------+----------------+------------------+-------------|
|  8 | Syn Trend Outliers (extremeness=4.0) | LSTM-ED     |              0 |               0 |            0 |              0 |                0 |           0 |
+----+--------------------------------------+-------------+----------------+-----------------+--------------+----------------+------------------+-------------+
2021-12-06 23:30:48 [INFO] src.evaluation.evaluator: Dataset: Syn Trend Outliers (extremeness=2.0)
+----+--------------------------------------+-------------+----------------+-----------------+--------------+----------------+------------------+-------------+
|    | dataset                              | algorithm   |   accuracy_std |   precision_std |   recall_std |   F1-score_std |   F0.1-score_std |   auroc_std |
|----+--------------------------------------+-------------+----------------+-----------------+--------------+----------------+------------------+-------------|
|  7 | Syn Trend Outliers (extremeness=2.0) | LSTM-ED     |              0 |               0 |            0 |              0 |                0 |           0 |
+----+--------------------------------------+-------------+----------------+-----------------+--------------+----------------+------------------+-------------+
2021-12-06 23:30:48 [INFO] src.evaluation.evaluator: Dataset: Syn Trend Outliers (extremeness=1.0)
+----+--------------------------------------+-------------+----------------+-----------------+--------------+----------------+------------------+-------------+
|    | dataset                              | algorithm   |   accuracy_std |   precision_std |   recall_std |   F1-score_std |   F0.1-score_std |   auroc_std |
|----+--------------------------------------+-------------+----------------+-----------------+--------------+----------------+------------------+-------------|
|  5 | Syn Trend Outliers (extremeness=1.0) | LSTM-ED     |              0 |               0 |            0 |              0 |                0 |           0 |
+----+--------------------------------------+-------------+----------------+-----------------+--------------+----------------+------------------+-------------+
2021-12-06 23:30:48 [INFO] src.evaluation.evaluator: Dataset: Syn Trend Outliers (extremeness=0.5)
+----+--------------------------------------+-------------+----------------+-----------------+--------------+----------------+------------------+-------------+
|    | dataset                              | algorithm   |   accuracy_std |   precision_std |   recall_std |   F1-score_std |   F0.1-score_std |   auroc_std |
|----+--------------------------------------+-------------+----------------+-----------------+--------------+----------------+------------------+-------------|
|  4 | Syn Trend Outliers (extremeness=0.5) | LSTM-ED     |              0 |               0 |            0 |              0 |                0 |           0 |
+----+--------------------------------------+-------------+----------------+-----------------+--------------+----------------+------------------+-------------+
2021-12-06 23:30:48 [INFO] src.evaluation.evaluator: Dataset: Syn Trend Outliers (extremeness=0.25)
+----+---------------------------------------+-------------+----------------+-----------------+--------------+----------------+------------------+-------------+
|    | dataset                               | algorithm   |   accuracy_std |   precision_std |   recall_std |   F1-score_std |   F0.1-score_std |   auroc_std |
|----+---------------------------------------+-------------+----------------+-----------------+--------------+----------------+------------------+-------------|
|  3 | Syn Trend Outliers (extremeness=0.25) | LSTM-ED     |              0 |               0 |            0 |              0 |                0 |           0 |
+----+---------------------------------------+-------------+----------------+-----------------+--------------+----------------+------------------+-------------+
2021-12-06 23:30:48 [INFO] src.evaluation.evaluator: Dataset: Syn Trend Outliers (extremeness=0.125)
+----+----------------------------------------+-------------+----------------+-----------------+--------------+----------------+------------------+-------------+
|    | dataset                                | algorithm   |   accuracy_std |   precision_std |   recall_std |   F1-score_std |   F0.1-score_std |   auroc_std |
|----+----------------------------------------+-------------+----------------+-----------------+--------------+----------------+------------------+-------------|
|  2 | Syn Trend Outliers (extremeness=0.125) | LSTM-ED     |              0 |               0 |            0 |              0 |                0 |           0 |
+----+----------------------------------------+-------------+----------------+-----------------+--------------+----------------+------------------+-------------+
2021-12-06 23:30:48 [INFO] src.evaluation.evaluator: Dataset: Syn Trend Outliers (extremeness=0.0625)
+----+-----------------------------------------+-------------+----------------+-----------------+--------------+----------------+------------------+-------------+
|    | dataset                                 | algorithm   |   accuracy_std |   precision_std |   recall_std |   F1-score_std |   F0.1-score_std |   auroc_std |
|----+-----------------------------------------+-------------+----------------+-----------------+--------------+----------------+------------------+-------------|
|  1 | Syn Trend Outliers (extremeness=0.0625) | LSTM-ED     |              0 |               0 |            0 |              0 |                0 |           0 |
+----+-----------------------------------------+-------------+----------------+-----------------+--------------+----------------+------------------+-------------+
2021-12-06 23:30:48 [INFO] src.evaluation.evaluator: Dataset: Syn Trend Outliers (extremeness=0.03125)
+----+------------------------------------------+-------------+----------------+-----------------+--------------+----------------+------------------+-------------+
|    | dataset                                  | algorithm   |   accuracy_std |   precision_std |   recall_std |   F1-score_std |   F0.1-score_std |   auroc_std |
|----+------------------------------------------+-------------+----------------+-----------------+--------------+----------------+------------------+-------------|
|  0 | Syn Trend Outliers (extremeness=0.03125) | LSTM-ED     |              0 |               0 |            0 |              0 |                0 |           0 |
+----+------------------------------------------+-------------+----------------+-----------------+--------------+----------------+------------------+-------------+
2021-12-06 23:30:48 [INFO] src.evaluation.evaluator: Stored tex file at reports/experiments/trend_1/intensity/tables/seed-1206099335/latex_merged_std_per_dataset_for_extreme-1-10-1638804648.tex
2021-12-06 23:30:48 [INFO] src.evaluation.evaluator: Dataset: Syn Trend Outliers (extremeness=16.0)
+----+---------------------------------------+-------------+----------------+-----------------+--------------+----------------+------------------+-------------+
|    | dataset                               | algorithm   |   accuracy_avg |   precision_avg |   recall_avg |   F1-score_avg |   F0.1-score_avg |   auroc_avg |
|----+---------------------------------------+-------------+----------------+-----------------+--------------+----------------+------------------+-------------|
|  6 | Syn Trend Outliers (extremeness=16.0) | LSTM-ED     |           0.16 |            0.16 |            1 |       0.275862 |         0.161342 |    0.395411 |
+----+---------------------------------------+-------------+----------------+-----------------+--------------+----------------+------------------+-------------+
2021-12-06 23:30:48 [INFO] src.evaluation.evaluator: Dataset: Syn Trend Outliers (extremeness=8.0)
+----+--------------------------------------+-------------+----------------+-----------------+--------------+----------------+------------------+-------------+
|    | dataset                              | algorithm   |   accuracy_avg |   precision_avg |   recall_avg |   F1-score_avg |   F0.1-score_avg |   auroc_avg |
|----+--------------------------------------+-------------+----------------+-----------------+--------------+----------------+------------------+-------------|
|  9 | Syn Trend Outliers (extremeness=8.0) | LSTM-ED     |       0.551111 |        0.226891 |         0.75 |       0.348387 |         0.228468 |    0.557384 |
+----+--------------------------------------+-------------+----------------+-----------------+--------------+----------------+------------------+-------------+
2021-12-06 23:30:48 [INFO] src.evaluation.evaluator: Dataset: Syn Trend Outliers (extremeness=4.0)
+----+--------------------------------------+-------------+----------------+-----------------+--------------+----------------+------------------+-------------+
|    | dataset                              | algorithm   |   accuracy_avg |   precision_avg |   recall_avg |   F1-score_avg |   F0.1-score_avg |   auroc_avg |
|----+--------------------------------------+-------------+----------------+-----------------+--------------+----------------+------------------+-------------|
|  8 | Syn Trend Outliers (extremeness=4.0) | LSTM-ED     |       0.633333 |        0.270936 |     0.763889 |            0.4 |         0.272678 |    0.692828 |
+----+--------------------------------------+-------------+----------------+-----------------+--------------+----------------+------------------+-------------+
2021-12-06 23:30:48 [INFO] src.evaluation.evaluator: Dataset: Syn Trend Outliers (extremeness=2.0)
+----+--------------------------------------+-------------+----------------+-----------------+--------------+----------------+------------------+-------------+
|    | dataset                              | algorithm   |   accuracy_avg |   precision_avg |   recall_avg |   F1-score_avg |   F0.1-score_avg |   auroc_avg |
|----+--------------------------------------+-------------+----------------+-----------------+--------------+----------------+------------------+-------------|
|  7 | Syn Trend Outliers (extremeness=2.0) | LSTM-ED     |       0.624444 |        0.243386 |     0.638889 |        0.35249 |         0.244887 |    0.640193 |
+----+--------------------------------------+-------------+----------------+-----------------+--------------+----------------+------------------+-------------+
2021-12-06 23:30:48 [INFO] src.evaluation.evaluator: Dataset: Syn Trend Outliers (extremeness=1.0)
+----+--------------------------------------+-------------+----------------+-----------------+--------------+----------------+------------------+-------------+
|    | dataset                              | algorithm   |   accuracy_avg |   precision_avg |   recall_avg |   F1-score_avg |   F0.1-score_avg |   auroc_avg |
|----+--------------------------------------+-------------+----------------+-----------------+--------------+----------------+------------------+-------------|
|  5 | Syn Trend Outliers (extremeness=1.0) | LSTM-ED     |           0.16 |            0.16 |            1 |       0.275862 |         0.161342 |    0.505153 |
+----+--------------------------------------+-------------+----------------+-----------------+--------------+----------------+------------------+-------------+
2021-12-06 23:30:48 [INFO] src.evaluation.evaluator: Dataset: Syn Trend Outliers (extremeness=0.5)
+----+--------------------------------------+-------------+----------------+-----------------+--------------+----------------+------------------+-------------+
|    | dataset                              | algorithm   |   accuracy_avg |   precision_avg |   recall_avg |   F1-score_avg |   F0.1-score_avg |   auroc_avg |
|----+--------------------------------------+-------------+----------------+-----------------+--------------+----------------+------------------+-------------|
|  4 | Syn Trend Outliers (extremeness=0.5) | LSTM-ED     |           0.16 |            0.16 |            1 |       0.275862 |         0.161342 |    0.490998 |
+----+--------------------------------------+-------------+----------------+-----------------+--------------+----------------+------------------+-------------+
2021-12-06 23:30:48 [INFO] src.evaluation.evaluator: Dataset: Syn Trend Outliers (extremeness=0.25)
+----+---------------------------------------+-------------+----------------+-----------------+--------------+----------------+------------------+-------------+
|    | dataset                               | algorithm   |   accuracy_avg |   precision_avg |   recall_avg |   F1-score_avg |   F0.1-score_avg |   auroc_avg |
|----+---------------------------------------+-------------+----------------+-----------------+--------------+----------------+------------------+-------------|
|  3 | Syn Trend Outliers (extremeness=0.25) | LSTM-ED     |           0.16 |            0.16 |            1 |       0.275862 |         0.161342 |    0.498218 |
+----+---------------------------------------+-------------+----------------+-----------------+--------------+----------------+------------------+-------------+
2021-12-06 23:30:48 [INFO] src.evaluation.evaluator: Dataset: Syn Trend Outliers (extremeness=0.125)
+----+----------------------------------------+-------------+----------------+-----------------+--------------+----------------+------------------+-------------+
|    | dataset                                | algorithm   |   accuracy_avg |   precision_avg |   recall_avg |   F1-score_avg |   F0.1-score_avg |   auroc_avg |
|----+----------------------------------------+-------------+----------------+-----------------+--------------+----------------+------------------+-------------|
|  2 | Syn Trend Outliers (extremeness=0.125) | LSTM-ED     |           0.16 |            0.16 |            1 |       0.275862 |         0.161342 |    0.501828 |
+----+----------------------------------------+-------------+----------------+-----------------+--------------+----------------+------------------+-------------+
2021-12-06 23:30:48 [INFO] src.evaluation.evaluator: Dataset: Syn Trend Outliers (extremeness=0.0625)
+----+-----------------------------------------+-------------+----------------+-----------------+--------------+----------------+------------------+-------------+
|    | dataset                                 | algorithm   |   accuracy_avg |   precision_avg |   recall_avg |   F1-score_avg |   F0.1-score_avg |   auroc_avg |
|----+-----------------------------------------+-------------+----------------+-----------------+--------------+----------------+------------------+-------------|
|  1 | Syn Trend Outliers (extremeness=0.0625) | LSTM-ED     |           0.16 |            0.16 |            1 |       0.275862 |         0.161342 |    0.505172 |
+----+-----------------------------------------+-------------+----------------+-----------------+--------------+----------------+------------------+-------------+
2021-12-06 23:30:48 [INFO] src.evaluation.evaluator: Dataset: Syn Trend Outliers (extremeness=0.03125)
+----+------------------------------------------+-------------+----------------+-----------------+--------------+----------------+------------------+-------------+
|    | dataset                                  | algorithm   |   accuracy_avg |   precision_avg |   recall_avg |   F1-score_avg |   F0.1-score_avg |   auroc_avg |
|----+------------------------------------------+-------------+----------------+-----------------+--------------+----------------+------------------+-------------|
|  0 | Syn Trend Outliers (extremeness=0.03125) | LSTM-ED     |           0.16 |            0.16 |            1 |       0.275862 |         0.161342 |    0.507211 |
+----+------------------------------------------+-------------+----------------+-----------------+--------------+----------------+------------------+-------------+
2021-12-06 23:30:48 [INFO] src.evaluation.evaluator: Stored tex file at reports/experiments/trend_1/intensity/tables/seed-1206099335/latex_merged_avg_per_dataset_for_extreme-1-10-1638804648.tex
2021-12-06 23:30:48 [INFO] src.evaluation.evaluator: Detector: LSTM-ED
+----+------------------------------------------+-------------+----------------+-----------------+--------------+----------------+------------------+-------------+
|    | dataset                                  | algorithm   |   accuracy_std |   precision_std |   recall_std |   F1-score_std |   F0.1-score_std |   auroc_std |
|----+------------------------------------------+-------------+----------------+-----------------+--------------+----------------+------------------+-------------|
|  0 | Syn Trend Outliers (extremeness=0.03125) | LSTM-ED     |              0 |               0 |            0 |              0 |                0 |           0 |
|  1 | Syn Trend Outliers (extremeness=0.0625)  | LSTM-ED     |              0 |               0 |            0 |              0 |                0 |           0 |
|  2 | Syn Trend Outliers (extremeness=0.125)   | LSTM-ED     |              0 |               0 |            0 |              0 |                0 |           0 |
|  3 | Syn Trend Outliers (extremeness=0.25)    | LSTM-ED     |              0 |               0 |            0 |              0 |                0 |           0 |
|  4 | Syn Trend Outliers (extremeness=0.5)     | LSTM-ED     |              0 |               0 |            0 |              0 |                0 |           0 |
|  5 | Syn Trend Outliers (extremeness=1.0)     | LSTM-ED     |              0 |               0 |            0 |              0 |                0 |           0 |
|  6 | Syn Trend Outliers (extremeness=16.0)    | LSTM-ED     |              0 |               0 |            0 |              0 |                0 |           0 |
|  7 | Syn Trend Outliers (extremeness=2.0)     | LSTM-ED     |              0 |               0 |            0 |              0 |                0 |           0 |
|  8 | Syn Trend Outliers (extremeness=4.0)     | LSTM-ED     |              0 |               0 |            0 |              0 |                0 |           0 |
|  9 | Syn Trend Outliers (extremeness=8.0)     | LSTM-ED     |              0 |               0 |            0 |              0 |                0 |           0 |
+----+------------------------------------------+-------------+----------------+-----------------+--------------+----------------+------------------+-------------+
2021-12-06 23:30:48 [INFO] src.evaluation.evaluator: Stored tex file at reports/experiments/trend_1/intensity/tables/seed-1206099335/latex_merged_std_per_algorithm_for_extreme-1-10-1638804648.tex
2021-12-06 23:30:48 [INFO] src.evaluation.evaluator: Detector: LSTM-ED
+----+------------------------------------------+-------------+----------------+-----------------+--------------+----------------+------------------+-------------+
|    | dataset                                  | algorithm   |   accuracy_avg |   precision_avg |   recall_avg |   F1-score_avg |   F0.1-score_avg |   auroc_avg |
|----+------------------------------------------+-------------+----------------+-----------------+--------------+----------------+------------------+-------------|
|  0 | Syn Trend Outliers (extremeness=0.03125) | LSTM-ED     |       0.16     |        0.16     |     1        |       0.275862 |         0.161342 |    0.507211 |
|  1 | Syn Trend Outliers (extremeness=0.0625)  | LSTM-ED     |       0.16     |        0.16     |     1        |       0.275862 |         0.161342 |    0.505172 |
|  2 | Syn Trend Outliers (extremeness=0.125)   | LSTM-ED     |       0.16     |        0.16     |     1        |       0.275862 |         0.161342 |    0.501828 |
|  3 | Syn Trend Outliers (extremeness=0.25)    | LSTM-ED     |       0.16     |        0.16     |     1        |       0.275862 |         0.161342 |    0.498218 |
|  4 | Syn Trend Outliers (extremeness=0.5)     | LSTM-ED     |       0.16     |        0.16     |     1        |       0.275862 |         0.161342 |    0.490998 |
|  5 | Syn Trend Outliers (extremeness=1.0)     | LSTM-ED     |       0.16     |        0.16     |     1        |       0.275862 |         0.161342 |    0.505153 |
|  6 | Syn Trend Outliers (extremeness=16.0)    | LSTM-ED     |       0.16     |        0.16     |     1        |       0.275862 |         0.161342 |    0.395411 |
|  7 | Syn Trend Outliers (extremeness=2.0)     | LSTM-ED     |       0.624444 |        0.243386 |     0.638889 |       0.35249  |         0.244887 |    0.640193 |
|  8 | Syn Trend Outliers (extremeness=4.0)     | LSTM-ED     |       0.633333 |        0.270936 |     0.763889 |       0.4      |         0.272678 |    0.692828 |
|  9 | Syn Trend Outliers (extremeness=8.0)     | LSTM-ED     |       0.551111 |        0.226891 |     0.75     |       0.348387 |         0.228468 |    0.557384 |
+----+------------------------------------------+-------------+----------------+-----------------+--------------+----------------+------------------+-------------+
2021-12-06 23:30:48 [INFO] src.evaluation.evaluator: Stored tex file at reports/experiments/trend_1/intensity/tables/seed-1206099335/latex_merged_avg_per_algorithm_for_extreme-1-10-1638804648.tex
2021-12-06 23:30:49 [DEBUG] matplotlib.backends.backend_pdf: Assigning font /b'F1' = '/home/tianyu/anaconda3/envs/DeepADoTS/lib/python3.7/site-packages/matplotlib/mpl-data/fonts/ttf/DejaVuSans.ttf'
2021-12-06 23:30:49 [DEBUG] matplotlib.backends.backend_pdf: Embedding font /home/tianyu/anaconda3/envs/DeepADoTS/lib/python3.7/site-packages/matplotlib/mpl-data/fonts/ttf/DejaVuSans.ttf.
2021-12-06 23:30:49 [DEBUG] matplotlib.backends.backend_pdf: Writing TrueType font.
2021-12-06 23:30:49 [INFO] src.evaluation.evaluator: Stored plot at reports/experiments/trend_1/intensity/figures/barchart_auc_for_LSTM-ED_1_runs-1-10-2021-12-06-233049.pdf
2021-12-06 23:30:49 [DEBUG] matplotlib.backends.backend_pdf: Assigning font /b'F1' = '/home/tianyu/anaconda3/envs/DeepADoTS/lib/python3.7/site-packages/matplotlib/mpl-data/fonts/ttf/DejaVuSans.ttf'
2021-12-06 23:30:49 [DEBUG] matplotlib.backends.backend_pdf: Embedding font /home/tianyu/anaconda3/envs/DeepADoTS/lib/python3.7/site-packages/matplotlib/mpl-data/fonts/ttf/DejaVuSans.ttf.
2021-12-06 23:30:49 [DEBUG] matplotlib.backends.backend_pdf: Writing TrueType font.
2021-12-06 23:30:49 [INFO] src.evaluation.evaluator: Stored plot at reports/experiments/trend_1/intensity/figures/barchart_auc_for_Syn Trend Outliers (extremeness=16.0)_1_runs-1-10-2021-12-06-233049.pdf
2021-12-06 23:30:49 [DEBUG] matplotlib.backends.backend_pdf: Assigning font /b'F1' = '/home/tianyu/anaconda3/envs/DeepADoTS/lib/python3.7/site-packages/matplotlib/mpl-data/fonts/ttf/DejaVuSans.ttf'
2021-12-06 23:30:49 [DEBUG] matplotlib.backends.backend_pdf: Embedding font /home/tianyu/anaconda3/envs/DeepADoTS/lib/python3.7/site-packages/matplotlib/mpl-data/fonts/ttf/DejaVuSans.ttf.
2021-12-06 23:30:49 [DEBUG] matplotlib.backends.backend_pdf: Writing TrueType font.
2021-12-06 23:30:49 [INFO] src.evaluation.evaluator: Stored plot at reports/experiments/trend_1/intensity/figures/barchart_auc_for_Syn Trend Outliers (extremeness=8.0)_1_runs-1-10-2021-12-06-233049.pdf
2021-12-06 23:30:49 [DEBUG] matplotlib.backends.backend_pdf: Assigning font /b'F1' = '/home/tianyu/anaconda3/envs/DeepADoTS/lib/python3.7/site-packages/matplotlib/mpl-data/fonts/ttf/DejaVuSans.ttf'
2021-12-06 23:30:49 [DEBUG] matplotlib.backends.backend_pdf: Embedding font /home/tianyu/anaconda3/envs/DeepADoTS/lib/python3.7/site-packages/matplotlib/mpl-data/fonts/ttf/DejaVuSans.ttf.
2021-12-06 23:30:49 [DEBUG] matplotlib.backends.backend_pdf: Writing TrueType font.
2021-12-06 23:30:49 [INFO] src.evaluation.evaluator: Stored plot at reports/experiments/trend_1/intensity/figures/barchart_auc_for_Syn Trend Outliers (extremeness=4.0)_1_runs-1-10-2021-12-06-233049.pdf
2021-12-06 23:30:49 [DEBUG] matplotlib.backends.backend_pdf: Assigning font /b'F1' = '/home/tianyu/anaconda3/envs/DeepADoTS/lib/python3.7/site-packages/matplotlib/mpl-data/fonts/ttf/DejaVuSans.ttf'
2021-12-06 23:30:49 [DEBUG] matplotlib.backends.backend_pdf: Embedding font /home/tianyu/anaconda3/envs/DeepADoTS/lib/python3.7/site-packages/matplotlib/mpl-data/fonts/ttf/DejaVuSans.ttf.
2021-12-06 23:30:49 [DEBUG] matplotlib.backends.backend_pdf: Writing TrueType font.
2021-12-06 23:30:49 [INFO] src.evaluation.evaluator: Stored plot at reports/experiments/trend_1/intensity/figures/barchart_auc_for_Syn Trend Outliers (extremeness=2.0)_1_runs-1-10-2021-12-06-233049.pdf
2021-12-06 23:30:49 [DEBUG] matplotlib.backends.backend_pdf: Assigning font /b'F1' = '/home/tianyu/anaconda3/envs/DeepADoTS/lib/python3.7/site-packages/matplotlib/mpl-data/fonts/ttf/DejaVuSans.ttf'
2021-12-06 23:30:49 [DEBUG] matplotlib.backends.backend_pdf: Embedding font /home/tianyu/anaconda3/envs/DeepADoTS/lib/python3.7/site-packages/matplotlib/mpl-data/fonts/ttf/DejaVuSans.ttf.
2021-12-06 23:30:49 [DEBUG] matplotlib.backends.backend_pdf: Writing TrueType font.
2021-12-06 23:30:49 [INFO] src.evaluation.evaluator: Stored plot at reports/experiments/trend_1/intensity/figures/barchart_auc_for_Syn Trend Outliers (extremeness=1.0)_1_runs-1-10-2021-12-06-233049.pdf
2021-12-06 23:30:49 [DEBUG] matplotlib.backends.backend_pdf: Assigning font /b'F1' = '/home/tianyu/anaconda3/envs/DeepADoTS/lib/python3.7/site-packages/matplotlib/mpl-data/fonts/ttf/DejaVuSans.ttf'
2021-12-06 23:30:49 [DEBUG] matplotlib.backends.backend_pdf: Embedding font /home/tianyu/anaconda3/envs/DeepADoTS/lib/python3.7/site-packages/matplotlib/mpl-data/fonts/ttf/DejaVuSans.ttf.
2021-12-06 23:30:49 [DEBUG] matplotlib.backends.backend_pdf: Writing TrueType font.
2021-12-06 23:30:50 [INFO] src.evaluation.evaluator: Stored plot at reports/experiments/trend_1/intensity/figures/barchart_auc_for_Syn Trend Outliers (extremeness=0.5)_1_runs-1-10-2021-12-06-233049.pdf
2021-12-06 23:30:50 [DEBUG] matplotlib.backends.backend_pdf: Assigning font /b'F1' = '/home/tianyu/anaconda3/envs/DeepADoTS/lib/python3.7/site-packages/matplotlib/mpl-data/fonts/ttf/DejaVuSans.ttf'
2021-12-06 23:30:50 [DEBUG] matplotlib.backends.backend_pdf: Embedding font /home/tianyu/anaconda3/envs/DeepADoTS/lib/python3.7/site-packages/matplotlib/mpl-data/fonts/ttf/DejaVuSans.ttf.
2021-12-06 23:30:50 [DEBUG] matplotlib.backends.backend_pdf: Writing TrueType font.
2021-12-06 23:30:50 [INFO] src.evaluation.evaluator: Stored plot at reports/experiments/trend_1/intensity/figures/barchart_auc_for_Syn Trend Outliers (extremeness=0.25)_1_runs-1-10-2021-12-06-233050.pdf
2021-12-06 23:30:50 [DEBUG] matplotlib.backends.backend_pdf: Assigning font /b'F1' = '/home/tianyu/anaconda3/envs/DeepADoTS/lib/python3.7/site-packages/matplotlib/mpl-data/fonts/ttf/DejaVuSans.ttf'
2021-12-06 23:30:50 [DEBUG] matplotlib.backends.backend_pdf: Embedding font /home/tianyu/anaconda3/envs/DeepADoTS/lib/python3.7/site-packages/matplotlib/mpl-data/fonts/ttf/DejaVuSans.ttf.
2021-12-06 23:30:50 [DEBUG] matplotlib.backends.backend_pdf: Writing TrueType font.
2021-12-06 23:30:50 [INFO] src.evaluation.evaluator: Stored plot at reports/experiments/trend_1/intensity/figures/barchart_auc_for_Syn Trend Outliers (extremeness=0.125)_1_runs-1-10-2021-12-06-233050.pdf
2021-12-06 23:30:50 [DEBUG] matplotlib.backends.backend_pdf: Assigning font /b'F1' = '/home/tianyu/anaconda3/envs/DeepADoTS/lib/python3.7/site-packages/matplotlib/mpl-data/fonts/ttf/DejaVuSans.ttf'
2021-12-06 23:30:50 [DEBUG] matplotlib.backends.backend_pdf: Embedding font /home/tianyu/anaconda3/envs/DeepADoTS/lib/python3.7/site-packages/matplotlib/mpl-data/fonts/ttf/DejaVuSans.ttf.
2021-12-06 23:30:50 [DEBUG] matplotlib.backends.backend_pdf: Writing TrueType font.
2021-12-06 23:30:50 [INFO] src.evaluation.evaluator: Stored plot at reports/experiments/trend_1/intensity/figures/barchart_auc_for_Syn Trend Outliers (extremeness=0.0625)_1_runs-1-10-2021-12-06-233050.pdf
2021-12-06 23:30:50 [DEBUG] matplotlib.backends.backend_pdf: Assigning font /b'F1' = '/home/tianyu/anaconda3/envs/DeepADoTS/lib/python3.7/site-packages/matplotlib/mpl-data/fonts/ttf/DejaVuSans.ttf'
2021-12-06 23:30:50 [DEBUG] matplotlib.backends.backend_pdf: Embedding font /home/tianyu/anaconda3/envs/DeepADoTS/lib/python3.7/site-packages/matplotlib/mpl-data/fonts/ttf/DejaVuSans.ttf.
2021-12-06 23:30:50 [DEBUG] matplotlib.backends.backend_pdf: Writing TrueType font.
2021-12-06 23:30:50 [INFO] src.evaluation.evaluator: Stored plot at reports/experiments/trend_1/intensity/figures/barchart_auc_for_Syn Trend Outliers (extremeness=0.03125)_1_runs-1-10-2021-12-06-233050.pdf
2021-12-06 23:30:50 [DEBUG] matplotlib.backends.backend_pdf: Assigning font /b'F1' = '/home/tianyu/anaconda3/envs/DeepADoTS/lib/python3.7/site-packages/matplotlib/mpl-data/fonts/ttf/DejaVuSans.ttf'
2021-12-06 23:30:50 [DEBUG] matplotlib.backends.backend_pdf: Embedding font /home/tianyu/anaconda3/envs/DeepADoTS/lib/python3.7/site-packages/matplotlib/mpl-data/fonts/ttf/DejaVuSans.ttf.
2021-12-06 23:30:50 [DEBUG] matplotlib.backends.backend_pdf: Writing TrueType font.
2021-12-06 23:30:50 [INFO] src.evaluation.evaluator: Stored plot at reports/experiments/trend_1/intensity/figures/auroc-1-10-2021-12-06-233050.pdf
2021-12-06 23:30:54 [DEBUG] matplotlib.backends.backend_pdf: Assigning font /b'F1' = '/home/tianyu/anaconda3/envs/DeepADoTS/lib/python3.7/site-packages/matplotlib/mpl-data/fonts/ttf/DejaVuSans.ttf'
2021-12-06 23:30:55 [DEBUG] matplotlib.backends.backend_pdf: Embedding font /home/tianyu/anaconda3/envs/DeepADoTS/lib/python3.7/site-packages/matplotlib/mpl-data/fonts/ttf/DejaVuSans.ttf.
2021-12-06 23:30:55 [DEBUG] matplotlib.backends.backend_pdf: Writing TrueType font.
2021-12-06 23:30:55 [INFO] src.evaluation.evaluator: Stored plot at reports/experiments/trend_1/intensity/figures/seed-1206099335/metrics_by_thresholds-1-10-2021-12-06-233054.pdf
2021-12-06 23:30:56 [DEBUG] matplotlib.backends.backend_pdf: Assigning font /b'F1' = '/home/tianyu/anaconda3/envs/DeepADoTS/lib/python3.7/site-packages/matplotlib/mpl-data/fonts/ttf/DejaVuSans.ttf'
2021-12-06 23:30:56 [DEBUG] matplotlib.backends.backend_pdf: Embedding font /home/tianyu/anaconda3/envs/DeepADoTS/lib/python3.7/site-packages/matplotlib/mpl-data/fonts/ttf/DejaVuSans.ttf.
2021-12-06 23:30:56 [DEBUG] matplotlib.backends.backend_pdf: Writing TrueType font.
2021-12-06 23:30:56 [INFO] src.evaluation.evaluator: Stored plot at reports/experiments/trend_1/intensity/figures/seed-1206099335/scores_Syn Trend Outliers (extremeness=16.0)-1-10-2021-12-06-233056.pdf
2021-12-06 23:30:57 [DEBUG] matplotlib.backends.backend_pdf: Assigning font /b'F1' = '/home/tianyu/anaconda3/envs/DeepADoTS/lib/python3.7/site-packages/matplotlib/mpl-data/fonts/ttf/DejaVuSans.ttf'
2021-12-06 23:30:57 [DEBUG] matplotlib.backends.backend_pdf: Embedding font /home/tianyu/anaconda3/envs/DeepADoTS/lib/python3.7/site-packages/matplotlib/mpl-data/fonts/ttf/DejaVuSans.ttf.
2021-12-06 23:30:57 [DEBUG] matplotlib.backends.backend_pdf: Writing TrueType font.
2021-12-06 23:30:57 [INFO] src.evaluation.evaluator: Stored plot at reports/experiments/trend_1/intensity/figures/seed-1206099335/scores_Syn Trend Outliers (extremeness=8.0)-1-10-2021-12-06-233057.pdf
2021-12-06 23:30:58 [DEBUG] matplotlib.backends.backend_pdf: Assigning font /b'F1' = '/home/tianyu/anaconda3/envs/DeepADoTS/lib/python3.7/site-packages/matplotlib/mpl-data/fonts/ttf/DejaVuSans.ttf'
2021-12-06 23:30:58 [DEBUG] matplotlib.backends.backend_pdf: Embedding font /home/tianyu/anaconda3/envs/DeepADoTS/lib/python3.7/site-packages/matplotlib/mpl-data/fonts/ttf/DejaVuSans.ttf.
2021-12-06 23:30:58 [DEBUG] matplotlib.backends.backend_pdf: Writing TrueType font.
2021-12-06 23:30:58 [INFO] src.evaluation.evaluator: Stored plot at reports/experiments/trend_1/intensity/figures/seed-1206099335/scores_Syn Trend Outliers (extremeness=4.0)-1-10-2021-12-06-233058.pdf
2021-12-06 23:30:59 [DEBUG] matplotlib.backends.backend_pdf: Assigning font /b'F1' = '/home/tianyu/anaconda3/envs/DeepADoTS/lib/python3.7/site-packages/matplotlib/mpl-data/fonts/ttf/DejaVuSans.ttf'
2021-12-06 23:30:59 [DEBUG] matplotlib.backends.backend_pdf: Embedding font /home/tianyu/anaconda3/envs/DeepADoTS/lib/python3.7/site-packages/matplotlib/mpl-data/fonts/ttf/DejaVuSans.ttf.
2021-12-06 23:30:59 [DEBUG] matplotlib.backends.backend_pdf: Writing TrueType font.
2021-12-06 23:30:59 [INFO] src.evaluation.evaluator: Stored plot at reports/experiments/trend_1/intensity/figures/seed-1206099335/scores_Syn Trend Outliers (extremeness=2.0)-1-10-2021-12-06-233059.pdf
2021-12-06 23:31:00 [DEBUG] matplotlib.backends.backend_pdf: Assigning font /b'F1' = '/home/tianyu/anaconda3/envs/DeepADoTS/lib/python3.7/site-packages/matplotlib/mpl-data/fonts/ttf/DejaVuSans.ttf'
2021-12-06 23:31:00 [DEBUG] matplotlib.backends.backend_pdf: Embedding font /home/tianyu/anaconda3/envs/DeepADoTS/lib/python3.7/site-packages/matplotlib/mpl-data/fonts/ttf/DejaVuSans.ttf.
2021-12-06 23:31:00 [DEBUG] matplotlib.backends.backend_pdf: Writing TrueType font.
2021-12-06 23:31:00 [INFO] src.evaluation.evaluator: Stored plot at reports/experiments/trend_1/intensity/figures/seed-1206099335/scores_Syn Trend Outliers (extremeness=1.0)-1-10-2021-12-06-233100.pdf
2021-12-06 23:31:01 [DEBUG] matplotlib.backends.backend_pdf: Assigning font /b'F1' = '/home/tianyu/anaconda3/envs/DeepADoTS/lib/python3.7/site-packages/matplotlib/mpl-data/fonts/ttf/DejaVuSans.ttf'
2021-12-06 23:31:02 [DEBUG] matplotlib.backends.backend_pdf: Embedding font /home/tianyu/anaconda3/envs/DeepADoTS/lib/python3.7/site-packages/matplotlib/mpl-data/fonts/ttf/DejaVuSans.ttf.
2021-12-06 23:31:02 [DEBUG] matplotlib.backends.backend_pdf: Writing TrueType font.
2021-12-06 23:31:02 [INFO] src.evaluation.evaluator: Stored plot at reports/experiments/trend_1/intensity/figures/seed-1206099335/scores_Syn Trend Outliers (extremeness=0.5)-1-10-2021-12-06-233101.pdf
2021-12-06 23:31:03 [DEBUG] matplotlib.backends.backend_pdf: Assigning font /b'F1' = '/home/tianyu/anaconda3/envs/DeepADoTS/lib/python3.7/site-packages/matplotlib/mpl-data/fonts/ttf/DejaVuSans.ttf'
2021-12-06 23:31:03 [DEBUG] matplotlib.backends.backend_pdf: Embedding font /home/tianyu/anaconda3/envs/DeepADoTS/lib/python3.7/site-packages/matplotlib/mpl-data/fonts/ttf/DejaVuSans.ttf.
2021-12-06 23:31:03 [DEBUG] matplotlib.backends.backend_pdf: Writing TrueType font.
2021-12-06 23:31:03 [INFO] src.evaluation.evaluator: Stored plot at reports/experiments/trend_1/intensity/figures/seed-1206099335/scores_Syn Trend Outliers (extremeness=0.25)-1-10-2021-12-06-233103.pdf
2021-12-06 23:31:04 [DEBUG] matplotlib.backends.backend_pdf: Assigning font /b'F1' = '/home/tianyu/anaconda3/envs/DeepADoTS/lib/python3.7/site-packages/matplotlib/mpl-data/fonts/ttf/DejaVuSans.ttf'
2021-12-06 23:31:04 [DEBUG] matplotlib.backends.backend_pdf: Embedding font /home/tianyu/anaconda3/envs/DeepADoTS/lib/python3.7/site-packages/matplotlib/mpl-data/fonts/ttf/DejaVuSans.ttf.
2021-12-06 23:31:04 [DEBUG] matplotlib.backends.backend_pdf: Writing TrueType font.
2021-12-06 23:31:04 [INFO] src.evaluation.evaluator: Stored plot at reports/experiments/trend_1/intensity/figures/seed-1206099335/scores_Syn Trend Outliers (extremeness=0.125)-1-10-2021-12-06-233104.pdf
2021-12-06 23:31:05 [DEBUG] matplotlib.backends.backend_pdf: Assigning font /b'F1' = '/home/tianyu/anaconda3/envs/DeepADoTS/lib/python3.7/site-packages/matplotlib/mpl-data/fonts/ttf/DejaVuSans.ttf'
2021-12-06 23:31:05 [DEBUG] matplotlib.backends.backend_pdf: Embedding font /home/tianyu/anaconda3/envs/DeepADoTS/lib/python3.7/site-packages/matplotlib/mpl-data/fonts/ttf/DejaVuSans.ttf.
2021-12-06 23:31:05 [DEBUG] matplotlib.backends.backend_pdf: Writing TrueType font.
2021-12-06 23:31:05 [INFO] src.evaluation.evaluator: Stored plot at reports/experiments/trend_1/intensity/figures/seed-1206099335/scores_Syn Trend Outliers (extremeness=0.0625)-1-10-2021-12-06-233105.pdf
2021-12-06 23:31:06 [DEBUG] matplotlib.backends.backend_pdf: Assigning font /b'F1' = '/home/tianyu/anaconda3/envs/DeepADoTS/lib/python3.7/site-packages/matplotlib/mpl-data/fonts/ttf/DejaVuSans.ttf'
2021-12-06 23:31:06 [DEBUG] matplotlib.backends.backend_pdf: Embedding font /home/tianyu/anaconda3/envs/DeepADoTS/lib/python3.7/site-packages/matplotlib/mpl-data/fonts/ttf/DejaVuSans.ttf.
2021-12-06 23:31:06 [DEBUG] matplotlib.backends.backend_pdf: Writing TrueType font.
2021-12-06 23:31:06 [INFO] src.evaluation.evaluator: Stored plot at reports/experiments/trend_1/intensity/figures/seed-1206099335/scores_Syn Trend Outliers (extremeness=0.03125)-1-10-2021-12-06-233106.pdf
2021-12-06 23:31:06 [INFO] src.evaluation.evaluator: Plotting ROC curve for LSTM-ED on Syn Trend Outliers (extremeness=16.0)
2021-12-06 23:31:06 [DEBUG] matplotlib.backends.backend_pdf: Assigning font /b'F1' = '/home/tianyu/anaconda3/envs/DeepADoTS/lib/python3.7/site-packages/matplotlib/mpl-data/fonts/ttf/DejaVuSans.ttf'
2021-12-06 23:31:06 [DEBUG] matplotlib.backends.backend_pdf: Embedding font /home/tianyu/anaconda3/envs/DeepADoTS/lib/python3.7/site-packages/matplotlib/mpl-data/fonts/ttf/DejaVuSans.ttf.
2021-12-06 23:31:06 [DEBUG] matplotlib.backends.backend_pdf: Writing TrueType font.
2021-12-06 23:31:07 [INFO] src.evaluation.evaluator: Stored plot at reports/experiments/trend_1/intensity/figures/seed-1206099335/roc_Syn Trend Outliers (extremeness=16.0)-1-10-2021-12-06-233106.pdf
2021-12-06 23:31:07 [INFO] src.evaluation.evaluator: Plotting ROC curve for LSTM-ED on Syn Trend Outliers (extremeness=8.0)
2021-12-06 23:31:07 [DEBUG] matplotlib.backends.backend_pdf: Assigning font /b'F1' = '/home/tianyu/anaconda3/envs/DeepADoTS/lib/python3.7/site-packages/matplotlib/mpl-data/fonts/ttf/DejaVuSans.ttf'
2021-12-06 23:31:07 [DEBUG] matplotlib.backends.backend_pdf: Embedding font /home/tianyu/anaconda3/envs/DeepADoTS/lib/python3.7/site-packages/matplotlib/mpl-data/fonts/ttf/DejaVuSans.ttf.
2021-12-06 23:31:07 [DEBUG] matplotlib.backends.backend_pdf: Writing TrueType font.
2021-12-06 23:31:07 [INFO] src.evaluation.evaluator: Stored plot at reports/experiments/trend_1/intensity/figures/seed-1206099335/roc_Syn Trend Outliers (extremeness=8.0)-1-10-2021-12-06-233107.pdf
2021-12-06 23:31:07 [INFO] src.evaluation.evaluator: Plotting ROC curve for LSTM-ED on Syn Trend Outliers (extremeness=4.0)
2021-12-06 23:31:07 [DEBUG] matplotlib.backends.backend_pdf: Assigning font /b'F1' = '/home/tianyu/anaconda3/envs/DeepADoTS/lib/python3.7/site-packages/matplotlib/mpl-data/fonts/ttf/DejaVuSans.ttf'
2021-12-06 23:31:07 [DEBUG] matplotlib.backends.backend_pdf: Embedding font /home/tianyu/anaconda3/envs/DeepADoTS/lib/python3.7/site-packages/matplotlib/mpl-data/fonts/ttf/DejaVuSans.ttf.
2021-12-06 23:31:07 [DEBUG] matplotlib.backends.backend_pdf: Writing TrueType font.
2021-12-06 23:31:07 [INFO] src.evaluation.evaluator: Stored plot at reports/experiments/trend_1/intensity/figures/seed-1206099335/roc_Syn Trend Outliers (extremeness=4.0)-1-10-2021-12-06-233107.pdf
2021-12-06 23:31:07 [INFO] src.evaluation.evaluator: Plotting ROC curve for LSTM-ED on Syn Trend Outliers (extremeness=2.0)
2021-12-06 23:31:07 [DEBUG] matplotlib.backends.backend_pdf: Assigning font /b'F1' = '/home/tianyu/anaconda3/envs/DeepADoTS/lib/python3.7/site-packages/matplotlib/mpl-data/fonts/ttf/DejaVuSans.ttf'
2021-12-06 23:31:07 [DEBUG] matplotlib.backends.backend_pdf: Embedding font /home/tianyu/anaconda3/envs/DeepADoTS/lib/python3.7/site-packages/matplotlib/mpl-data/fonts/ttf/DejaVuSans.ttf.
2021-12-06 23:31:07 [DEBUG] matplotlib.backends.backend_pdf: Writing TrueType font.
2021-12-06 23:31:07 [INFO] src.evaluation.evaluator: Stored plot at reports/experiments/trend_1/intensity/figures/seed-1206099335/roc_Syn Trend Outliers (extremeness=2.0)-1-10-2021-12-06-233107.pdf
2021-12-06 23:31:07 [INFO] src.evaluation.evaluator: Plotting ROC curve for LSTM-ED on Syn Trend Outliers (extremeness=1.0)
2021-12-06 23:31:07 [DEBUG] matplotlib.backends.backend_pdf: Assigning font /b'F1' = '/home/tianyu/anaconda3/envs/DeepADoTS/lib/python3.7/site-packages/matplotlib/mpl-data/fonts/ttf/DejaVuSans.ttf'
2021-12-06 23:31:07 [DEBUG] matplotlib.backends.backend_pdf: Embedding font /home/tianyu/anaconda3/envs/DeepADoTS/lib/python3.7/site-packages/matplotlib/mpl-data/fonts/ttf/DejaVuSans.ttf.
2021-12-06 23:31:07 [DEBUG] matplotlib.backends.backend_pdf: Writing TrueType font.
2021-12-06 23:31:07 [INFO] src.evaluation.evaluator: Stored plot at reports/experiments/trend_1/intensity/figures/seed-1206099335/roc_Syn Trend Outliers (extremeness=1.0)-1-10-2021-12-06-233107.pdf
2021-12-06 23:31:07 [INFO] src.evaluation.evaluator: Plotting ROC curve for LSTM-ED on Syn Trend Outliers (extremeness=0.5)
2021-12-06 23:31:07 [DEBUG] matplotlib.backends.backend_pdf: Assigning font /b'F1' = '/home/tianyu/anaconda3/envs/DeepADoTS/lib/python3.7/site-packages/matplotlib/mpl-data/fonts/ttf/DejaVuSans.ttf'
2021-12-06 23:31:07 [DEBUG] matplotlib.backends.backend_pdf: Embedding font /home/tianyu/anaconda3/envs/DeepADoTS/lib/python3.7/site-packages/matplotlib/mpl-data/fonts/ttf/DejaVuSans.ttf.
2021-12-06 23:31:07 [DEBUG] matplotlib.backends.backend_pdf: Writing TrueType font.
2021-12-06 23:31:07 [INFO] src.evaluation.evaluator: Stored plot at reports/experiments/trend_1/intensity/figures/seed-1206099335/roc_Syn Trend Outliers (extremeness=0.5)-1-10-2021-12-06-233107.pdf
2021-12-06 23:31:07 [INFO] src.evaluation.evaluator: Plotting ROC curve for LSTM-ED on Syn Trend Outliers (extremeness=0.25)
2021-12-06 23:31:07 [DEBUG] matplotlib.backends.backend_pdf: Assigning font /b'F1' = '/home/tianyu/anaconda3/envs/DeepADoTS/lib/python3.7/site-packages/matplotlib/mpl-data/fonts/ttf/DejaVuSans.ttf'
2021-12-06 23:31:07 [DEBUG] matplotlib.backends.backend_pdf: Embedding font /home/tianyu/anaconda3/envs/DeepADoTS/lib/python3.7/site-packages/matplotlib/mpl-data/fonts/ttf/DejaVuSans.ttf.
2021-12-06 23:31:07 [DEBUG] matplotlib.backends.backend_pdf: Writing TrueType font.
2021-12-06 23:31:07 [INFO] src.evaluation.evaluator: Stored plot at reports/experiments/trend_1/intensity/figures/seed-1206099335/roc_Syn Trend Outliers (extremeness=0.25)-1-10-2021-12-06-233107.pdf
2021-12-06 23:31:07 [INFO] src.evaluation.evaluator: Plotting ROC curve for LSTM-ED on Syn Trend Outliers (extremeness=0.125)
2021-12-06 23:31:08 [DEBUG] matplotlib.backends.backend_pdf: Assigning font /b'F1' = '/home/tianyu/anaconda3/envs/DeepADoTS/lib/python3.7/site-packages/matplotlib/mpl-data/fonts/ttf/DejaVuSans.ttf'
2021-12-06 23:31:08 [DEBUG] matplotlib.backends.backend_pdf: Embedding font /home/tianyu/anaconda3/envs/DeepADoTS/lib/python3.7/site-packages/matplotlib/mpl-data/fonts/ttf/DejaVuSans.ttf.
2021-12-06 23:31:08 [DEBUG] matplotlib.backends.backend_pdf: Writing TrueType font.
2021-12-06 23:31:08 [INFO] src.evaluation.evaluator: Stored plot at reports/experiments/trend_1/intensity/figures/seed-1206099335/roc_Syn Trend Outliers (extremeness=0.125)-1-10-2021-12-06-233108.pdf
2021-12-06 23:31:08 [INFO] src.evaluation.evaluator: Plotting ROC curve for LSTM-ED on Syn Trend Outliers (extremeness=0.0625)
2021-12-06 23:31:08 [DEBUG] matplotlib.backends.backend_pdf: Assigning font /b'F1' = '/home/tianyu/anaconda3/envs/DeepADoTS/lib/python3.7/site-packages/matplotlib/mpl-data/fonts/ttf/DejaVuSans.ttf'
2021-12-06 23:31:08 [DEBUG] matplotlib.backends.backend_pdf: Embedding font /home/tianyu/anaconda3/envs/DeepADoTS/lib/python3.7/site-packages/matplotlib/mpl-data/fonts/ttf/DejaVuSans.ttf.
2021-12-06 23:31:08 [DEBUG] matplotlib.backends.backend_pdf: Writing TrueType font.
2021-12-06 23:31:08 [INFO] src.evaluation.evaluator: Stored plot at reports/experiments/trend_1/intensity/figures/seed-1206099335/roc_Syn Trend Outliers (extremeness=0.0625)-1-10-2021-12-06-233108.pdf
2021-12-06 23:31:08 [INFO] src.evaluation.evaluator: Plotting ROC curve for LSTM-ED on Syn Trend Outliers (extremeness=0.03125)
2021-12-06 23:31:08 [DEBUG] matplotlib.backends.backend_pdf: Assigning font /b'F1' = '/home/tianyu/anaconda3/envs/DeepADoTS/lib/python3.7/site-packages/matplotlib/mpl-data/fonts/ttf/DejaVuSans.ttf'
2021-12-06 23:31:08 [DEBUG] matplotlib.backends.backend_pdf: Embedding font /home/tianyu/anaconda3/envs/DeepADoTS/lib/python3.7/site-packages/matplotlib/mpl-data/fonts/ttf/DejaVuSans.ttf.
2021-12-06 23:31:08 [DEBUG] matplotlib.backends.backend_pdf: Writing TrueType font.
2021-12-06 23:31:08 [INFO] src.evaluation.evaluator: Stored plot at reports/experiments/trend_1/intensity/figures/seed-1206099335/roc_Syn Trend Outliers (extremeness=0.03125)-1-10-2021-12-06-233108.pdf
