2021-12-06 12:08:32 [DEBUG] src.evaluation.config: Logger initialized
2021-12-06 12:08:32 [INFO] src.evaluation.evaluator: Training LSTM-ED on Syn Variance Outliers (extremeness=16.0) with seed 22726272
2021-12-06 12:08:32 [DEBUG] root: Epoch 1/40.
2021-12-06 12:08:33 [DEBUG] root: Epoch 2/40.
2021-12-06 12:08:34 [DEBUG] root: Epoch 3/40.
2021-12-06 12:08:35 [DEBUG] root: Epoch 4/40.
2021-12-06 12:08:36 [DEBUG] root: Epoch 5/40.
2021-12-06 12:08:37 [DEBUG] root: Epoch 6/40.
2021-12-06 12:08:39 [DEBUG] root: Epoch 7/40.
2021-12-06 12:08:40 [DEBUG] root: Epoch 8/40.
2021-12-06 12:08:41 [DEBUG] root: Epoch 9/40.
2021-12-06 12:08:42 [DEBUG] root: Epoch 10/40.
2021-12-06 12:08:43 [DEBUG] root: Epoch 11/40.
2021-12-06 12:08:44 [DEBUG] root: Epoch 12/40.
2021-12-06 12:08:45 [DEBUG] root: Epoch 13/40.
2021-12-06 12:08:46 [DEBUG] root: Epoch 14/40.
2021-12-06 12:08:48 [DEBUG] root: Epoch 15/40.
2021-12-06 12:08:49 [DEBUG] root: Epoch 16/40.
2021-12-06 12:08:50 [DEBUG] root: Epoch 17/40.
2021-12-06 12:08:51 [DEBUG] root: Epoch 18/40.
2021-12-06 12:08:52 [DEBUG] root: Epoch 19/40.
2021-12-06 12:08:53 [DEBUG] root: Epoch 20/40.
2021-12-06 12:08:54 [DEBUG] root: Epoch 21/40.
2021-12-06 12:08:55 [DEBUG] root: Epoch 22/40.
2021-12-06 12:08:56 [DEBUG] root: Epoch 23/40.
2021-12-06 12:08:58 [DEBUG] root: Epoch 24/40.
2021-12-06 12:08:59 [DEBUG] root: Epoch 25/40.
2021-12-06 12:09:00 [DEBUG] root: Epoch 26/40.
2021-12-06 12:09:01 [DEBUG] root: Epoch 27/40.
2021-12-06 12:09:02 [DEBUG] root: Epoch 28/40.
2021-12-06 12:09:03 [DEBUG] root: Epoch 29/40.
2021-12-06 12:09:04 [DEBUG] root: Epoch 30/40.
2021-12-06 12:09:05 [DEBUG] root: Epoch 31/40.
2021-12-06 12:09:06 [DEBUG] root: Epoch 32/40.
2021-12-06 12:09:08 [DEBUG] root: Epoch 33/40.
2021-12-06 12:09:09 [DEBUG] root: Epoch 34/40.
2021-12-06 12:09:10 [DEBUG] root: Epoch 35/40.
2021-12-06 12:09:11 [DEBUG] root: Epoch 36/40.
2021-12-06 12:09:12 [DEBUG] root: Epoch 37/40.
2021-12-06 12:09:13 [DEBUG] root: Epoch 38/40.
2021-12-06 12:09:14 [DEBUG] root: Epoch 39/40.
2021-12-06 12:09:15 [DEBUG] root: Epoch 40/40.
2021-12-06 12:09:17 [DEBUG] matplotlib.backends.backend_pdf: Assigning font /b'F1' = '/home/tianyu/anaconda3/envs/DeepADoTS/lib/python3.7/site-packages/matplotlib/mpl-data/fonts/ttf/DejaVuSans.ttf'
2021-12-06 12:09:17 [DEBUG] matplotlib.backends.backend_pdf: Embedding font /home/tianyu/anaconda3/envs/DeepADoTS/lib/python3.7/site-packages/matplotlib/mpl-data/fonts/ttf/DejaVuSans.ttf.
2021-12-06 12:09:17 [DEBUG] matplotlib.backends.backend_pdf: Writing TrueType font.
2021-12-06 12:09:17 [INFO] src.evaluation.evaluator: Stored plot at reports/experiments/variance_1/intensity/figures/seed-22726272/details_LSTM-ED_Syn Variance Outliers (extremeness=16.0)-1-10-2021-12-06-120917.pdf
2021-12-06 12:09:17 [INFO] src.evaluation.evaluator: Training LSTM-ED on Syn Variance Outliers (extremeness=8.0) with seed 22726272
2021-12-06 12:09:17 [DEBUG] root: Epoch 1/40.
2021-12-06 12:09:19 [DEBUG] root: Epoch 2/40.
2021-12-06 12:09:20 [DEBUG] root: Epoch 3/40.
2021-12-06 12:09:21 [DEBUG] root: Epoch 4/40.
2021-12-06 12:09:22 [DEBUG] root: Epoch 5/40.
2021-12-06 12:09:23 [DEBUG] root: Epoch 6/40.
2021-12-06 12:09:25 [DEBUG] root: Epoch 7/40.
2021-12-06 12:09:26 [DEBUG] root: Epoch 8/40.
2021-12-06 12:09:27 [DEBUG] root: Epoch 9/40.
2021-12-06 12:09:28 [DEBUG] root: Epoch 10/40.
2021-12-06 12:09:29 [DEBUG] root: Epoch 11/40.
2021-12-06 12:09:31 [DEBUG] root: Epoch 12/40.
2021-12-06 12:09:32 [DEBUG] root: Epoch 13/40.
2021-12-06 12:09:33 [DEBUG] root: Epoch 14/40.
2021-12-06 12:09:34 [DEBUG] root: Epoch 15/40.
2021-12-06 12:09:35 [DEBUG] root: Epoch 16/40.
2021-12-06 12:09:37 [DEBUG] root: Epoch 17/40.
2021-12-06 12:09:38 [DEBUG] root: Epoch 18/40.
2021-12-06 12:09:39 [DEBUG] root: Epoch 19/40.
2021-12-06 12:09:40 [DEBUG] root: Epoch 20/40.
2021-12-06 12:09:41 [DEBUG] root: Epoch 21/40.
2021-12-06 12:09:43 [DEBUG] root: Epoch 22/40.
2021-12-06 12:09:44 [DEBUG] root: Epoch 23/40.
2021-12-06 12:09:45 [DEBUG] root: Epoch 24/40.
2021-12-06 12:09:46 [DEBUG] root: Epoch 25/40.
2021-12-06 12:09:47 [DEBUG] root: Epoch 26/40.
2021-12-06 12:09:49 [DEBUG] root: Epoch 27/40.
2021-12-06 12:09:50 [DEBUG] root: Epoch 28/40.
2021-12-06 12:09:51 [DEBUG] root: Epoch 29/40.
2021-12-06 12:09:52 [DEBUG] root: Epoch 30/40.
2021-12-06 12:09:53 [DEBUG] root: Epoch 31/40.
2021-12-06 12:09:55 [DEBUG] root: Epoch 32/40.
2021-12-06 12:09:56 [DEBUG] root: Epoch 33/40.
2021-12-06 12:09:57 [DEBUG] root: Epoch 34/40.
2021-12-06 12:09:58 [DEBUG] root: Epoch 35/40.
2021-12-06 12:09:59 [DEBUG] root: Epoch 36/40.
2021-12-06 12:10:01 [DEBUG] root: Epoch 37/40.
2021-12-06 12:10:02 [DEBUG] root: Epoch 38/40.
2021-12-06 12:10:03 [DEBUG] root: Epoch 39/40.
2021-12-06 12:10:04 [DEBUG] root: Epoch 40/40.
2021-12-06 12:10:06 [DEBUG] matplotlib.backends.backend_pdf: Assigning font /b'F1' = '/home/tianyu/anaconda3/envs/DeepADoTS/lib/python3.7/site-packages/matplotlib/mpl-data/fonts/ttf/DejaVuSans.ttf'
2021-12-06 12:10:06 [DEBUG] matplotlib.backends.backend_pdf: Embedding font /home/tianyu/anaconda3/envs/DeepADoTS/lib/python3.7/site-packages/matplotlib/mpl-data/fonts/ttf/DejaVuSans.ttf.
2021-12-06 12:10:06 [DEBUG] matplotlib.backends.backend_pdf: Writing TrueType font.
2021-12-06 12:10:06 [INFO] src.evaluation.evaluator: Stored plot at reports/experiments/variance_1/intensity/figures/seed-22726272/details_LSTM-ED_Syn Variance Outliers (extremeness=8.0)-1-10-2021-12-06-121006.pdf
2021-12-06 12:10:06 [INFO] src.evaluation.evaluator: Training LSTM-ED on Syn Variance Outliers (extremeness=4.0) with seed 22726272
2021-12-06 12:10:06 [DEBUG] root: Epoch 1/40.
2021-12-06 12:10:07 [DEBUG] root: Epoch 2/40.
2021-12-06 12:10:09 [DEBUG] root: Epoch 3/40.
2021-12-06 12:10:10 [DEBUG] root: Epoch 4/40.
2021-12-06 12:10:11 [DEBUG] root: Epoch 5/40.
2021-12-06 12:10:12 [DEBUG] root: Epoch 6/40.
2021-12-06 12:10:13 [DEBUG] root: Epoch 7/40.
2021-12-06 12:10:15 [DEBUG] root: Epoch 8/40.
2021-12-06 12:10:16 [DEBUG] root: Epoch 9/40.
2021-12-06 12:10:17 [DEBUG] root: Epoch 10/40.
2021-12-06 12:10:18 [DEBUG] root: Epoch 11/40.
2021-12-06 12:10:19 [DEBUG] root: Epoch 12/40.
2021-12-06 12:10:21 [DEBUG] root: Epoch 13/40.
2021-12-06 12:10:22 [DEBUG] root: Epoch 14/40.
2021-12-06 12:10:23 [DEBUG] root: Epoch 15/40.
2021-12-06 12:10:24 [DEBUG] root: Epoch 16/40.
2021-12-06 12:10:25 [DEBUG] root: Epoch 17/40.
2021-12-06 12:10:27 [DEBUG] root: Epoch 18/40.
2021-12-06 12:10:28 [DEBUG] root: Epoch 19/40.
2021-12-06 12:10:29 [DEBUG] root: Epoch 20/40.
2021-12-06 12:10:30 [DEBUG] root: Epoch 21/40.
2021-12-06 12:10:31 [DEBUG] root: Epoch 22/40.
2021-12-06 12:10:33 [DEBUG] root: Epoch 23/40.
2021-12-06 12:10:34 [DEBUG] root: Epoch 24/40.
2021-12-06 12:10:35 [DEBUG] root: Epoch 25/40.
2021-12-06 12:10:36 [DEBUG] root: Epoch 26/40.
2021-12-06 12:10:37 [DEBUG] root: Epoch 27/40.
2021-12-06 12:10:39 [DEBUG] root: Epoch 28/40.
2021-12-06 12:10:40 [DEBUG] root: Epoch 29/40.
2021-12-06 12:10:41 [DEBUG] root: Epoch 30/40.
2021-12-06 12:10:42 [DEBUG] root: Epoch 31/40.
2021-12-06 12:10:43 [DEBUG] root: Epoch 32/40.
2021-12-06 12:10:45 [DEBUG] root: Epoch 33/40.
2021-12-06 12:10:46 [DEBUG] root: Epoch 34/40.
2021-12-06 12:10:47 [DEBUG] root: Epoch 35/40.
2021-12-06 12:10:48 [DEBUG] root: Epoch 36/40.
2021-12-06 12:10:49 [DEBUG] root: Epoch 37/40.
2021-12-06 12:10:51 [DEBUG] root: Epoch 38/40.
2021-12-06 12:10:52 [DEBUG] root: Epoch 39/40.
2021-12-06 12:10:53 [DEBUG] root: Epoch 40/40.
2021-12-06 12:10:55 [DEBUG] matplotlib.backends.backend_pdf: Assigning font /b'F1' = '/home/tianyu/anaconda3/envs/DeepADoTS/lib/python3.7/site-packages/matplotlib/mpl-data/fonts/ttf/DejaVuSans.ttf'
2021-12-06 12:10:55 [DEBUG] matplotlib.backends.backend_pdf: Embedding font /home/tianyu/anaconda3/envs/DeepADoTS/lib/python3.7/site-packages/matplotlib/mpl-data/fonts/ttf/DejaVuSans.ttf.
2021-12-06 12:10:55 [DEBUG] matplotlib.backends.backend_pdf: Writing TrueType font.
2021-12-06 12:10:55 [INFO] src.evaluation.evaluator: Stored plot at reports/experiments/variance_1/intensity/figures/seed-22726272/details_LSTM-ED_Syn Variance Outliers (extremeness=4.0)-1-10-2021-12-06-121055.pdf
2021-12-06 12:10:55 [INFO] src.evaluation.evaluator: Training LSTM-ED on Syn Variance Outliers (extremeness=2.0) with seed 22726272
2021-12-06 12:10:55 [DEBUG] root: Epoch 1/40.
2021-12-06 12:10:56 [DEBUG] root: Epoch 2/40.
2021-12-06 12:10:57 [DEBUG] root: Epoch 3/40.
2021-12-06 12:10:58 [DEBUG] root: Epoch 4/40.
2021-12-06 12:11:00 [DEBUG] root: Epoch 5/40.
2021-12-06 12:11:01 [DEBUG] root: Epoch 6/40.
2021-12-06 12:11:02 [DEBUG] root: Epoch 7/40.
2021-12-06 12:11:03 [DEBUG] root: Epoch 8/40.
2021-12-06 12:11:04 [DEBUG] root: Epoch 9/40.
2021-12-06 12:11:06 [DEBUG] root: Epoch 10/40.
2021-12-06 12:11:07 [DEBUG] root: Epoch 11/40.
2021-12-06 12:11:08 [DEBUG] root: Epoch 12/40.
2021-12-06 12:11:09 [DEBUG] root: Epoch 13/40.
2021-12-06 12:11:10 [DEBUG] root: Epoch 14/40.
2021-12-06 12:11:11 [DEBUG] root: Epoch 15/40.
2021-12-06 12:11:13 [DEBUG] root: Epoch 16/40.
2021-12-06 12:11:14 [DEBUG] root: Epoch 17/40.
2021-12-06 12:11:15 [DEBUG] root: Epoch 18/40.
2021-12-06 12:11:16 [DEBUG] root: Epoch 19/40.
2021-12-06 12:11:17 [DEBUG] root: Epoch 20/40.
2021-12-06 12:11:18 [DEBUG] root: Epoch 21/40.
2021-12-06 12:11:20 [DEBUG] root: Epoch 22/40.
2021-12-06 12:11:21 [DEBUG] root: Epoch 23/40.
2021-12-06 12:11:22 [DEBUG] root: Epoch 24/40.
2021-12-06 12:11:23 [DEBUG] root: Epoch 25/40.
2021-12-06 12:11:24 [DEBUG] root: Epoch 26/40.
2021-12-06 12:11:26 [DEBUG] root: Epoch 27/40.
2021-12-06 12:11:27 [DEBUG] root: Epoch 28/40.
2021-12-06 12:11:28 [DEBUG] root: Epoch 29/40.
2021-12-06 12:11:29 [DEBUG] root: Epoch 30/40.
2021-12-06 12:11:30 [DEBUG] root: Epoch 31/40.
2021-12-06 12:11:31 [DEBUG] root: Epoch 32/40.
2021-12-06 12:11:33 [DEBUG] root: Epoch 33/40.
2021-12-06 12:11:34 [DEBUG] root: Epoch 34/40.
2021-12-06 12:11:35 [DEBUG] root: Epoch 35/40.
2021-12-06 12:11:36 [DEBUG] root: Epoch 36/40.
2021-12-06 12:11:37 [DEBUG] root: Epoch 37/40.
2021-12-06 12:11:38 [DEBUG] root: Epoch 38/40.
2021-12-06 12:11:40 [DEBUG] root: Epoch 39/40.
2021-12-06 12:11:41 [DEBUG] root: Epoch 40/40.
2021-12-06 12:11:43 [DEBUG] matplotlib.backends.backend_pdf: Assigning font /b'F1' = '/home/tianyu/anaconda3/envs/DeepADoTS/lib/python3.7/site-packages/matplotlib/mpl-data/fonts/ttf/DejaVuSans.ttf'
2021-12-06 12:11:43 [DEBUG] matplotlib.backends.backend_pdf: Embedding font /home/tianyu/anaconda3/envs/DeepADoTS/lib/python3.7/site-packages/matplotlib/mpl-data/fonts/ttf/DejaVuSans.ttf.
2021-12-06 12:11:43 [DEBUG] matplotlib.backends.backend_pdf: Writing TrueType font.
2021-12-06 12:11:43 [INFO] src.evaluation.evaluator: Stored plot at reports/experiments/variance_1/intensity/figures/seed-22726272/details_LSTM-ED_Syn Variance Outliers (extremeness=2.0)-1-10-2021-12-06-121143.pdf
2021-12-06 12:11:43 [INFO] src.evaluation.evaluator: Training LSTM-ED on Syn Variance Outliers (extremeness=1.0) with seed 22726272
2021-12-06 12:11:43 [DEBUG] root: Epoch 1/40.
2021-12-06 12:11:44 [DEBUG] root: Epoch 2/40.
2021-12-06 12:11:45 [DEBUG] root: Epoch 3/40.
2021-12-06 12:11:46 [DEBUG] root: Epoch 4/40.
2021-12-06 12:11:47 [DEBUG] root: Epoch 5/40.
2021-12-06 12:11:48 [DEBUG] root: Epoch 6/40.
2021-12-06 12:11:49 [DEBUG] root: Epoch 7/40.
2021-12-06 12:11:51 [DEBUG] root: Epoch 8/40.
2021-12-06 12:11:52 [DEBUG] root: Epoch 9/40.
2021-12-06 12:11:53 [DEBUG] root: Epoch 10/40.
2021-12-06 12:11:54 [DEBUG] root: Epoch 11/40.
2021-12-06 12:11:55 [DEBUG] root: Epoch 12/40.
2021-12-06 12:11:56 [DEBUG] root: Epoch 13/40.
2021-12-06 12:11:57 [DEBUG] root: Epoch 14/40.
2021-12-06 12:11:58 [DEBUG] root: Epoch 15/40.
2021-12-06 12:12:00 [DEBUG] root: Epoch 16/40.
2021-12-06 12:12:01 [DEBUG] root: Epoch 17/40.
2021-12-06 12:12:02 [DEBUG] root: Epoch 18/40.
2021-12-06 12:12:03 [DEBUG] root: Epoch 19/40.
2021-12-06 12:12:04 [DEBUG] root: Epoch 20/40.
2021-12-06 12:12:05 [DEBUG] root: Epoch 21/40.
2021-12-06 12:12:06 [DEBUG] root: Epoch 22/40.
2021-12-06 12:12:07 [DEBUG] root: Epoch 23/40.
2021-12-06 12:12:08 [DEBUG] root: Epoch 24/40.
2021-12-06 12:12:10 [DEBUG] root: Epoch 25/40.
2021-12-06 12:12:11 [DEBUG] root: Epoch 26/40.
2021-12-06 12:12:12 [DEBUG] root: Epoch 27/40.
2021-12-06 12:12:13 [DEBUG] root: Epoch 28/40.
2021-12-06 12:12:14 [DEBUG] root: Epoch 29/40.
2021-12-06 12:12:15 [DEBUG] root: Epoch 30/40.
2021-12-06 12:12:16 [DEBUG] root: Epoch 31/40.
2021-12-06 12:12:17 [DEBUG] root: Epoch 32/40.
2021-12-06 12:12:19 [DEBUG] root: Epoch 33/40.
2021-12-06 12:12:20 [DEBUG] root: Epoch 34/40.
2021-12-06 12:12:21 [DEBUG] root: Epoch 35/40.
2021-12-06 12:12:22 [DEBUG] root: Epoch 36/40.
2021-12-06 12:12:23 [DEBUG] root: Epoch 37/40.
2021-12-06 12:12:24 [DEBUG] root: Epoch 38/40.
2021-12-06 12:12:25 [DEBUG] root: Epoch 39/40.
2021-12-06 12:12:26 [DEBUG] root: Epoch 40/40.
2021-12-06 12:12:28 [DEBUG] matplotlib.backends.backend_pdf: Assigning font /b'F1' = '/home/tianyu/anaconda3/envs/DeepADoTS/lib/python3.7/site-packages/matplotlib/mpl-data/fonts/ttf/DejaVuSans.ttf'
2021-12-06 12:12:28 [DEBUG] matplotlib.backends.backend_pdf: Embedding font /home/tianyu/anaconda3/envs/DeepADoTS/lib/python3.7/site-packages/matplotlib/mpl-data/fonts/ttf/DejaVuSans.ttf.
2021-12-06 12:12:28 [DEBUG] matplotlib.backends.backend_pdf: Writing TrueType font.
2021-12-06 12:12:28 [INFO] src.evaluation.evaluator: Stored plot at reports/experiments/variance_1/intensity/figures/seed-22726272/details_LSTM-ED_Syn Variance Outliers (extremeness=1.0)-1-10-2021-12-06-121228.pdf
2021-12-06 12:12:28 [INFO] src.evaluation.evaluator: Training LSTM-ED on Syn Variance Outliers (extremeness=0.5) with seed 22726272
2021-12-06 12:12:28 [DEBUG] root: Epoch 1/40.
2021-12-06 12:12:29 [DEBUG] root: Epoch 2/40.
2021-12-06 12:12:31 [DEBUG] root: Epoch 3/40.
2021-12-06 12:12:32 [DEBUG] root: Epoch 4/40.
2021-12-06 12:12:33 [DEBUG] root: Epoch 5/40.
2021-12-06 12:12:34 [DEBUG] root: Epoch 6/40.
2021-12-06 12:12:35 [DEBUG] root: Epoch 7/40.
2021-12-06 12:12:36 [DEBUG] root: Epoch 8/40.
2021-12-06 12:12:37 [DEBUG] root: Epoch 9/40.
2021-12-06 12:12:38 [DEBUG] root: Epoch 10/40.
2021-12-06 12:12:40 [DEBUG] root: Epoch 11/40.
2021-12-06 12:12:41 [DEBUG] root: Epoch 12/40.
2021-12-06 12:12:42 [DEBUG] root: Epoch 13/40.
2021-12-06 12:12:43 [DEBUG] root: Epoch 14/40.
2021-12-06 12:12:44 [DEBUG] root: Epoch 15/40.
2021-12-06 12:12:45 [DEBUG] root: Epoch 16/40.
2021-12-06 12:12:46 [DEBUG] root: Epoch 17/40.
2021-12-06 12:12:47 [DEBUG] root: Epoch 18/40.
2021-12-06 12:12:49 [DEBUG] root: Epoch 19/40.
2021-12-06 12:12:50 [DEBUG] root: Epoch 20/40.
2021-12-06 12:12:51 [DEBUG] root: Epoch 21/40.
2021-12-06 12:12:52 [DEBUG] root: Epoch 22/40.
2021-12-06 12:12:53 [DEBUG] root: Epoch 23/40.
2021-12-06 12:12:54 [DEBUG] root: Epoch 24/40.
2021-12-06 12:12:55 [DEBUG] root: Epoch 25/40.
2021-12-06 12:12:57 [DEBUG] root: Epoch 26/40.
2021-12-06 12:12:58 [DEBUG] root: Epoch 27/40.
2021-12-06 12:12:59 [DEBUG] root: Epoch 28/40.
2021-12-06 12:13:00 [DEBUG] root: Epoch 29/40.
2021-12-06 12:13:01 [DEBUG] root: Epoch 30/40.
2021-12-06 12:13:02 [DEBUG] root: Epoch 31/40.
2021-12-06 12:13:03 [DEBUG] root: Epoch 32/40.
2021-12-06 12:13:04 [DEBUG] root: Epoch 33/40.
2021-12-06 12:13:06 [DEBUG] root: Epoch 34/40.
2021-12-06 12:13:07 [DEBUG] root: Epoch 35/40.
2021-12-06 12:13:08 [DEBUG] root: Epoch 36/40.
2021-12-06 12:13:09 [DEBUG] root: Epoch 37/40.
2021-12-06 12:13:10 [DEBUG] root: Epoch 38/40.
2021-12-06 12:13:11 [DEBUG] root: Epoch 39/40.
2021-12-06 12:13:12 [DEBUG] root: Epoch 40/40.
2021-12-06 12:13:14 [DEBUG] matplotlib.backends.backend_pdf: Assigning font /b'F1' = '/home/tianyu/anaconda3/envs/DeepADoTS/lib/python3.7/site-packages/matplotlib/mpl-data/fonts/ttf/DejaVuSans.ttf'
2021-12-06 12:13:14 [DEBUG] matplotlib.backends.backend_pdf: Embedding font /home/tianyu/anaconda3/envs/DeepADoTS/lib/python3.7/site-packages/matplotlib/mpl-data/fonts/ttf/DejaVuSans.ttf.
2021-12-06 12:13:14 [DEBUG] matplotlib.backends.backend_pdf: Writing TrueType font.
2021-12-06 12:13:14 [INFO] src.evaluation.evaluator: Stored plot at reports/experiments/variance_1/intensity/figures/seed-22726272/details_LSTM-ED_Syn Variance Outliers (extremeness=0.5)-1-10-2021-12-06-121314.pdf
2021-12-06 12:13:14 [INFO] src.evaluation.evaluator: Training LSTM-ED on Syn Variance Outliers (extremeness=0.25) with seed 22726272
2021-12-06 12:13:14 [DEBUG] root: Epoch 1/40.
2021-12-06 12:13:15 [DEBUG] root: Epoch 2/40.
2021-12-06 12:13:16 [DEBUG] root: Epoch 3/40.
2021-12-06 12:13:18 [DEBUG] root: Epoch 4/40.
2021-12-06 12:13:19 [DEBUG] root: Epoch 5/40.
2021-12-06 12:13:20 [DEBUG] root: Epoch 6/40.
2021-12-06 12:13:21 [DEBUG] root: Epoch 7/40.
2021-12-06 12:13:22 [DEBUG] root: Epoch 8/40.
2021-12-06 12:13:23 [DEBUG] root: Epoch 9/40.
2021-12-06 12:13:24 [DEBUG] root: Epoch 10/40.
2021-12-06 12:13:25 [DEBUG] root: Epoch 11/40.
2021-12-06 12:13:27 [DEBUG] root: Epoch 12/40.
2021-12-06 12:13:28 [DEBUG] root: Epoch 13/40.
2021-12-06 12:13:29 [DEBUG] root: Epoch 14/40.
2021-12-06 12:13:30 [DEBUG] root: Epoch 15/40.
2021-12-06 12:13:31 [DEBUG] root: Epoch 16/40.
2021-12-06 12:13:32 [DEBUG] root: Epoch 17/40.
2021-12-06 12:13:33 [DEBUG] root: Epoch 18/40.
2021-12-06 12:13:34 [DEBUG] root: Epoch 19/40.
2021-12-06 12:13:36 [DEBUG] root: Epoch 20/40.
2021-12-06 12:13:37 [DEBUG] root: Epoch 21/40.
2021-12-06 12:13:38 [DEBUG] root: Epoch 22/40.
2021-12-06 12:13:39 [DEBUG] root: Epoch 23/40.
2021-12-06 12:13:40 [DEBUG] root: Epoch 24/40.
2021-12-06 12:13:41 [DEBUG] root: Epoch 25/40.
2021-12-06 12:13:42 [DEBUG] root: Epoch 26/40.
2021-12-06 12:13:44 [DEBUG] root: Epoch 27/40.
2021-12-06 12:13:45 [DEBUG] root: Epoch 28/40.
2021-12-06 12:13:46 [DEBUG] root: Epoch 29/40.
2021-12-06 12:13:47 [DEBUG] root: Epoch 30/40.
2021-12-06 12:13:48 [DEBUG] root: Epoch 31/40.
2021-12-06 12:13:49 [DEBUG] root: Epoch 32/40.
2021-12-06 12:13:50 [DEBUG] root: Epoch 33/40.
2021-12-06 12:13:51 [DEBUG] root: Epoch 34/40.
2021-12-06 12:13:53 [DEBUG] root: Epoch 35/40.
2021-12-06 12:13:54 [DEBUG] root: Epoch 36/40.
2021-12-06 12:13:55 [DEBUG] root: Epoch 37/40.
2021-12-06 12:13:56 [DEBUG] root: Epoch 38/40.
2021-12-06 12:13:57 [DEBUG] root: Epoch 39/40.
2021-12-06 12:13:58 [DEBUG] root: Epoch 40/40.
2021-12-06 12:14:00 [DEBUG] matplotlib.backends.backend_pdf: Assigning font /b'F1' = '/home/tianyu/anaconda3/envs/DeepADoTS/lib/python3.7/site-packages/matplotlib/mpl-data/fonts/ttf/DejaVuSans.ttf'
2021-12-06 12:14:00 [DEBUG] matplotlib.backends.backend_pdf: Embedding font /home/tianyu/anaconda3/envs/DeepADoTS/lib/python3.7/site-packages/matplotlib/mpl-data/fonts/ttf/DejaVuSans.ttf.
2021-12-06 12:14:00 [DEBUG] matplotlib.backends.backend_pdf: Writing TrueType font.
2021-12-06 12:14:00 [INFO] src.evaluation.evaluator: Stored plot at reports/experiments/variance_1/intensity/figures/seed-22726272/details_LSTM-ED_Syn Variance Outliers (extremeness=0.25)-1-10-2021-12-06-121400.pdf
2021-12-06 12:14:00 [INFO] src.evaluation.evaluator: Training LSTM-ED on Syn Variance Outliers (extremeness=0.125) with seed 22726272
2021-12-06 12:14:00 [DEBUG] root: Epoch 1/40.
2021-12-06 12:14:01 [DEBUG] root: Epoch 2/40.
2021-12-06 12:14:03 [DEBUG] root: Epoch 3/40.
2021-12-06 12:14:04 [DEBUG] root: Epoch 4/40.
2021-12-06 12:14:05 [DEBUG] root: Epoch 5/40.
2021-12-06 12:14:06 [DEBUG] root: Epoch 6/40.
2021-12-06 12:14:07 [DEBUG] root: Epoch 7/40.
2021-12-06 12:14:09 [DEBUG] root: Epoch 8/40.
2021-12-06 12:14:10 [DEBUG] root: Epoch 9/40.
2021-12-06 12:14:11 [DEBUG] root: Epoch 10/40.
2021-12-06 12:14:12 [DEBUG] root: Epoch 11/40.
2021-12-06 12:14:13 [DEBUG] root: Epoch 12/40.
2021-12-06 12:14:15 [DEBUG] root: Epoch 13/40.
2021-12-06 12:14:16 [DEBUG] root: Epoch 14/40.
2021-12-06 12:14:17 [DEBUG] root: Epoch 15/40.
2021-12-06 12:14:18 [DEBUG] root: Epoch 16/40.
2021-12-06 12:14:19 [DEBUG] root: Epoch 17/40.
2021-12-06 12:14:21 [DEBUG] root: Epoch 18/40.
2021-12-06 12:14:22 [DEBUG] root: Epoch 19/40.
2021-12-06 12:14:23 [DEBUG] root: Epoch 20/40.
2021-12-06 12:14:24 [DEBUG] root: Epoch 21/40.
2021-12-06 12:14:25 [DEBUG] root: Epoch 22/40.
2021-12-06 12:14:27 [DEBUG] root: Epoch 23/40.
2021-12-06 12:14:28 [DEBUG] root: Epoch 24/40.
2021-12-06 12:14:29 [DEBUG] root: Epoch 25/40.
2021-12-06 12:14:30 [DEBUG] root: Epoch 26/40.
2021-12-06 12:14:31 [DEBUG] root: Epoch 27/40.
2021-12-06 12:14:33 [DEBUG] root: Epoch 28/40.
2021-12-06 12:14:34 [DEBUG] root: Epoch 29/40.
2021-12-06 12:14:35 [DEBUG] root: Epoch 30/40.
2021-12-06 12:14:36 [DEBUG] root: Epoch 31/40.
2021-12-06 12:14:37 [DEBUG] root: Epoch 32/40.
2021-12-06 12:14:39 [DEBUG] root: Epoch 33/40.
2021-12-06 12:14:40 [DEBUG] root: Epoch 34/40.
2021-12-06 12:14:41 [DEBUG] root: Epoch 35/40.
2021-12-06 12:14:42 [DEBUG] root: Epoch 36/40.
2021-12-06 12:14:43 [DEBUG] root: Epoch 37/40.
2021-12-06 12:14:45 [DEBUG] root: Epoch 38/40.
2021-12-06 12:14:46 [DEBUG] root: Epoch 39/40.
2021-12-06 12:14:47 [DEBUG] root: Epoch 40/40.
2021-12-06 12:14:49 [DEBUG] matplotlib.backends.backend_pdf: Assigning font /b'F1' = '/home/tianyu/anaconda3/envs/DeepADoTS/lib/python3.7/site-packages/matplotlib/mpl-data/fonts/ttf/DejaVuSans.ttf'
2021-12-06 12:14:49 [DEBUG] matplotlib.backends.backend_pdf: Embedding font /home/tianyu/anaconda3/envs/DeepADoTS/lib/python3.7/site-packages/matplotlib/mpl-data/fonts/ttf/DejaVuSans.ttf.
2021-12-06 12:14:49 [DEBUG] matplotlib.backends.backend_pdf: Writing TrueType font.
2021-12-06 12:14:49 [INFO] src.evaluation.evaluator: Stored plot at reports/experiments/variance_1/intensity/figures/seed-22726272/details_LSTM-ED_Syn Variance Outliers (extremeness=0.125)-1-10-2021-12-06-121449.pdf
2021-12-06 12:14:49 [INFO] src.evaluation.evaluator: Training LSTM-ED on Syn Variance Outliers (extremeness=0.0625) with seed 22726272
2021-12-06 12:14:49 [DEBUG] root: Epoch 1/40.
2021-12-06 12:14:50 [DEBUG] root: Epoch 2/40.
2021-12-06 12:14:51 [DEBUG] root: Epoch 3/40.
2021-12-06 12:14:53 [DEBUG] root: Epoch 4/40.
2021-12-06 12:14:54 [DEBUG] root: Epoch 5/40.
2021-12-06 12:14:55 [DEBUG] root: Epoch 6/40.
2021-12-06 12:14:56 [DEBUG] root: Epoch 7/40.
2021-12-06 12:14:57 [DEBUG] root: Epoch 8/40.
2021-12-06 12:14:59 [DEBUG] root: Epoch 9/40.
2021-12-06 12:15:00 [DEBUG] root: Epoch 10/40.
2021-12-06 12:15:01 [DEBUG] root: Epoch 11/40.
2021-12-06 12:15:02 [DEBUG] root: Epoch 12/40.
2021-12-06 12:15:03 [DEBUG] root: Epoch 13/40.
2021-12-06 12:15:04 [DEBUG] root: Epoch 14/40.
2021-12-06 12:15:06 [DEBUG] root: Epoch 15/40.
2021-12-06 12:15:07 [DEBUG] root: Epoch 16/40.
2021-12-06 12:15:08 [DEBUG] root: Epoch 17/40.
2021-12-06 12:15:09 [DEBUG] root: Epoch 18/40.
2021-12-06 12:15:10 [DEBUG] root: Epoch 19/40.
2021-12-06 12:15:12 [DEBUG] root: Epoch 20/40.
2021-12-06 12:15:13 [DEBUG] root: Epoch 21/40.
2021-12-06 12:15:14 [DEBUG] root: Epoch 22/40.
2021-12-06 12:15:15 [DEBUG] root: Epoch 23/40.
2021-12-06 12:15:16 [DEBUG] root: Epoch 24/40.
2021-12-06 12:15:18 [DEBUG] root: Epoch 25/40.
2021-12-06 12:15:19 [DEBUG] root: Epoch 26/40.
2021-12-06 12:15:20 [DEBUG] root: Epoch 27/40.
2021-12-06 12:15:21 [DEBUG] root: Epoch 28/40.
2021-12-06 12:15:22 [DEBUG] root: Epoch 29/40.
2021-12-06 12:15:23 [DEBUG] root: Epoch 30/40.
2021-12-06 12:15:25 [DEBUG] root: Epoch 31/40.
2021-12-06 12:15:26 [DEBUG] root: Epoch 32/40.
2021-12-06 12:15:27 [DEBUG] root: Epoch 33/40.
2021-12-06 12:15:28 [DEBUG] root: Epoch 34/40.
2021-12-06 12:15:29 [DEBUG] root: Epoch 35/40.
2021-12-06 12:15:31 [DEBUG] root: Epoch 36/40.
2021-12-06 12:15:32 [DEBUG] root: Epoch 37/40.
2021-12-06 12:15:33 [DEBUG] root: Epoch 38/40.
2021-12-06 12:15:34 [DEBUG] root: Epoch 39/40.
2021-12-06 12:15:35 [DEBUG] root: Epoch 40/40.
2021-12-06 12:15:37 [DEBUG] matplotlib.backends.backend_pdf: Assigning font /b'F1' = '/home/tianyu/anaconda3/envs/DeepADoTS/lib/python3.7/site-packages/matplotlib/mpl-data/fonts/ttf/DejaVuSans.ttf'
2021-12-06 12:15:37 [DEBUG] matplotlib.backends.backend_pdf: Embedding font /home/tianyu/anaconda3/envs/DeepADoTS/lib/python3.7/site-packages/matplotlib/mpl-data/fonts/ttf/DejaVuSans.ttf.
2021-12-06 12:15:37 [DEBUG] matplotlib.backends.backend_pdf: Writing TrueType font.
2021-12-06 12:15:37 [INFO] src.evaluation.evaluator: Stored plot at reports/experiments/variance_1/intensity/figures/seed-22726272/details_LSTM-ED_Syn Variance Outliers (extremeness=0.0625)-1-10-2021-12-06-121537.pdf
2021-12-06 12:15:37 [INFO] src.evaluation.evaluator: Training LSTM-ED on Syn Variance Outliers (extremeness=0.03125) with seed 22726272
2021-12-06 12:15:37 [DEBUG] root: Epoch 1/40.
2021-12-06 12:15:39 [DEBUG] root: Epoch 2/40.
2021-12-06 12:15:40 [DEBUG] root: Epoch 3/40.
2021-12-06 12:15:41 [DEBUG] root: Epoch 4/40.
2021-12-06 12:15:42 [DEBUG] root: Epoch 5/40.
2021-12-06 12:15:43 [DEBUG] root: Epoch 6/40.
2021-12-06 12:15:44 [DEBUG] root: Epoch 7/40.
2021-12-06 12:15:46 [DEBUG] root: Epoch 8/40.
2021-12-06 12:15:47 [DEBUG] root: Epoch 9/40.
2021-12-06 12:15:48 [DEBUG] root: Epoch 10/40.
2021-12-06 12:15:49 [DEBUG] root: Epoch 11/40.
2021-12-06 12:15:50 [DEBUG] root: Epoch 12/40.
2021-12-06 12:15:51 [DEBUG] root: Epoch 13/40.
2021-12-06 12:15:53 [DEBUG] root: Epoch 14/40.
2021-12-06 12:15:54 [DEBUG] root: Epoch 15/40.
2021-12-06 12:15:55 [DEBUG] root: Epoch 16/40.
2021-12-06 12:15:56 [DEBUG] root: Epoch 17/40.
2021-12-06 12:15:57 [DEBUG] root: Epoch 18/40.
2021-12-06 12:15:59 [DEBUG] root: Epoch 19/40.
2021-12-06 12:16:00 [DEBUG] root: Epoch 20/40.
2021-12-06 12:16:01 [DEBUG] root: Epoch 21/40.
2021-12-06 12:16:02 [DEBUG] root: Epoch 22/40.
2021-12-06 12:16:03 [DEBUG] root: Epoch 23/40.
2021-12-06 12:16:04 [DEBUG] root: Epoch 24/40.
2021-12-06 12:16:06 [DEBUG] root: Epoch 25/40.
2021-12-06 12:16:07 [DEBUG] root: Epoch 26/40.
2021-12-06 12:16:08 [DEBUG] root: Epoch 27/40.
2021-12-06 12:16:09 [DEBUG] root: Epoch 28/40.
2021-12-06 12:16:10 [DEBUG] root: Epoch 29/40.
2021-12-06 12:16:11 [DEBUG] root: Epoch 30/40.
2021-12-06 12:16:13 [DEBUG] root: Epoch 31/40.
2021-12-06 12:16:14 [DEBUG] root: Epoch 32/40.
2021-12-06 12:16:15 [DEBUG] root: Epoch 33/40.
2021-12-06 12:16:16 [DEBUG] root: Epoch 34/40.
2021-12-06 12:16:17 [DEBUG] root: Epoch 35/40.
2021-12-06 12:16:19 [DEBUG] root: Epoch 36/40.
2021-12-06 12:16:20 [DEBUG] root: Epoch 37/40.
2021-12-06 12:16:21 [DEBUG] root: Epoch 38/40.
2021-12-06 12:16:22 [DEBUG] root: Epoch 39/40.
2021-12-06 12:16:23 [DEBUG] root: Epoch 40/40.
2021-12-06 12:16:25 [DEBUG] matplotlib.backends.backend_pdf: Assigning font /b'F1' = '/home/tianyu/anaconda3/envs/DeepADoTS/lib/python3.7/site-packages/matplotlib/mpl-data/fonts/ttf/DejaVuSans.ttf'
2021-12-06 12:16:25 [DEBUG] matplotlib.backends.backend_pdf: Embedding font /home/tianyu/anaconda3/envs/DeepADoTS/lib/python3.7/site-packages/matplotlib/mpl-data/fonts/ttf/DejaVuSans.ttf.
2021-12-06 12:16:25 [DEBUG] matplotlib.backends.backend_pdf: Writing TrueType font.
2021-12-06 12:16:25 [INFO] src.evaluation.evaluator: Stored plot at reports/experiments/variance_1/intensity/figures/seed-22726272/details_LSTM-ED_Syn Variance Outliers (extremeness=0.03125)-1-10-2021-12-06-121625.pdf
2021-12-06 12:16:27 [INFO] src.evaluation.evaluator: Plotting ROC curve for LSTM-ED on Syn Variance Outliers (extremeness=16.0)
2021-12-06 12:16:27 [DEBUG] matplotlib.backends.backend_pdf: Assigning font /b'F1' = '/home/tianyu/anaconda3/envs/DeepADoTS/lib/python3.7/site-packages/matplotlib/mpl-data/fonts/ttf/DejaVuSans.ttf'
2021-12-06 12:16:27 [DEBUG] matplotlib.backends.backend_pdf: Embedding font /home/tianyu/anaconda3/envs/DeepADoTS/lib/python3.7/site-packages/matplotlib/mpl-data/fonts/ttf/DejaVuSans.ttf.
2021-12-06 12:16:27 [DEBUG] matplotlib.backends.backend_pdf: Writing TrueType font.
2021-12-06 12:16:27 [INFO] src.evaluation.evaluator: Stored plot at reports/experiments/variance_1/intensity/figures/seed-22726272/roc_Syn Variance Outliers (extremeness=16.0)-1-10-2021-12-06-121627.pdf
2021-12-06 12:16:27 [INFO] src.evaluation.evaluator: Plotting ROC curve for LSTM-ED on Syn Variance Outliers (extremeness=8.0)
2021-12-06 12:16:27 [DEBUG] matplotlib.backends.backend_pdf: Assigning font /b'F1' = '/home/tianyu/anaconda3/envs/DeepADoTS/lib/python3.7/site-packages/matplotlib/mpl-data/fonts/ttf/DejaVuSans.ttf'
2021-12-06 12:16:27 [DEBUG] matplotlib.backends.backend_pdf: Embedding font /home/tianyu/anaconda3/envs/DeepADoTS/lib/python3.7/site-packages/matplotlib/mpl-data/fonts/ttf/DejaVuSans.ttf.
2021-12-06 12:16:27 [DEBUG] matplotlib.backends.backend_pdf: Writing TrueType font.
2021-12-06 12:16:27 [INFO] src.evaluation.evaluator: Stored plot at reports/experiments/variance_1/intensity/figures/seed-22726272/roc_Syn Variance Outliers (extremeness=8.0)-1-10-2021-12-06-121627.pdf
2021-12-06 12:16:27 [INFO] src.evaluation.evaluator: Plotting ROC curve for LSTM-ED on Syn Variance Outliers (extremeness=4.0)
2021-12-06 12:16:27 [DEBUG] matplotlib.backends.backend_pdf: Assigning font /b'F1' = '/home/tianyu/anaconda3/envs/DeepADoTS/lib/python3.7/site-packages/matplotlib/mpl-data/fonts/ttf/DejaVuSans.ttf'
2021-12-06 12:16:27 [DEBUG] matplotlib.backends.backend_pdf: Embedding font /home/tianyu/anaconda3/envs/DeepADoTS/lib/python3.7/site-packages/matplotlib/mpl-data/fonts/ttf/DejaVuSans.ttf.
2021-12-06 12:16:27 [DEBUG] matplotlib.backends.backend_pdf: Writing TrueType font.
2021-12-06 12:16:27 [INFO] src.evaluation.evaluator: Stored plot at reports/experiments/variance_1/intensity/figures/seed-22726272/roc_Syn Variance Outliers (extremeness=4.0)-1-10-2021-12-06-121627.pdf
2021-12-06 12:16:27 [INFO] src.evaluation.evaluator: Plotting ROC curve for LSTM-ED on Syn Variance Outliers (extremeness=2.0)
2021-12-06 12:16:27 [DEBUG] matplotlib.backends.backend_pdf: Assigning font /b'F1' = '/home/tianyu/anaconda3/envs/DeepADoTS/lib/python3.7/site-packages/matplotlib/mpl-data/fonts/ttf/DejaVuSans.ttf'
2021-12-06 12:16:27 [DEBUG] matplotlib.backends.backend_pdf: Embedding font /home/tianyu/anaconda3/envs/DeepADoTS/lib/python3.7/site-packages/matplotlib/mpl-data/fonts/ttf/DejaVuSans.ttf.
2021-12-06 12:16:27 [DEBUG] matplotlib.backends.backend_pdf: Writing TrueType font.
2021-12-06 12:16:27 [INFO] src.evaluation.evaluator: Stored plot at reports/experiments/variance_1/intensity/figures/seed-22726272/roc_Syn Variance Outliers (extremeness=2.0)-1-10-2021-12-06-121627.pdf
2021-12-06 12:16:27 [INFO] src.evaluation.evaluator: Plotting ROC curve for LSTM-ED on Syn Variance Outliers (extremeness=1.0)
2021-12-06 12:16:27 [DEBUG] matplotlib.backends.backend_pdf: Assigning font /b'F1' = '/home/tianyu/anaconda3/envs/DeepADoTS/lib/python3.7/site-packages/matplotlib/mpl-data/fonts/ttf/DejaVuSans.ttf'
2021-12-06 12:16:27 [DEBUG] matplotlib.backends.backend_pdf: Embedding font /home/tianyu/anaconda3/envs/DeepADoTS/lib/python3.7/site-packages/matplotlib/mpl-data/fonts/ttf/DejaVuSans.ttf.
2021-12-06 12:16:27 [DEBUG] matplotlib.backends.backend_pdf: Writing TrueType font.
2021-12-06 12:16:27 [INFO] src.evaluation.evaluator: Stored plot at reports/experiments/variance_1/intensity/figures/seed-22726272/roc_Syn Variance Outliers (extremeness=1.0)-1-10-2021-12-06-121627.pdf
2021-12-06 12:16:27 [INFO] src.evaluation.evaluator: Plotting ROC curve for LSTM-ED on Syn Variance Outliers (extremeness=0.5)
2021-12-06 12:16:27 [DEBUG] matplotlib.backends.backend_pdf: Assigning font /b'F1' = '/home/tianyu/anaconda3/envs/DeepADoTS/lib/python3.7/site-packages/matplotlib/mpl-data/fonts/ttf/DejaVuSans.ttf'
2021-12-06 12:16:27 [DEBUG] matplotlib.backends.backend_pdf: Embedding font /home/tianyu/anaconda3/envs/DeepADoTS/lib/python3.7/site-packages/matplotlib/mpl-data/fonts/ttf/DejaVuSans.ttf.
2021-12-06 12:16:27 [DEBUG] matplotlib.backends.backend_pdf: Writing TrueType font.
2021-12-06 12:16:27 [INFO] src.evaluation.evaluator: Stored plot at reports/experiments/variance_1/intensity/figures/seed-22726272/roc_Syn Variance Outliers (extremeness=0.5)-1-10-2021-12-06-121627.pdf
2021-12-06 12:16:27 [INFO] src.evaluation.evaluator: Plotting ROC curve for LSTM-ED on Syn Variance Outliers (extremeness=0.25)
2021-12-06 12:16:27 [DEBUG] matplotlib.backends.backend_pdf: Assigning font /b'F1' = '/home/tianyu/anaconda3/envs/DeepADoTS/lib/python3.7/site-packages/matplotlib/mpl-data/fonts/ttf/DejaVuSans.ttf'
2021-12-06 12:16:27 [DEBUG] matplotlib.backends.backend_pdf: Embedding font /home/tianyu/anaconda3/envs/DeepADoTS/lib/python3.7/site-packages/matplotlib/mpl-data/fonts/ttf/DejaVuSans.ttf.
2021-12-06 12:16:27 [DEBUG] matplotlib.backends.backend_pdf: Writing TrueType font.
2021-12-06 12:16:27 [INFO] src.evaluation.evaluator: Stored plot at reports/experiments/variance_1/intensity/figures/seed-22726272/roc_Syn Variance Outliers (extremeness=0.25)-1-10-2021-12-06-121627.pdf
2021-12-06 12:16:27 [INFO] src.evaluation.evaluator: Plotting ROC curve for LSTM-ED on Syn Variance Outliers (extremeness=0.125)
2021-12-06 12:16:27 [DEBUG] matplotlib.backends.backend_pdf: Assigning font /b'F1' = '/home/tianyu/anaconda3/envs/DeepADoTS/lib/python3.7/site-packages/matplotlib/mpl-data/fonts/ttf/DejaVuSans.ttf'
2021-12-06 12:16:27 [DEBUG] matplotlib.backends.backend_pdf: Embedding font /home/tianyu/anaconda3/envs/DeepADoTS/lib/python3.7/site-packages/matplotlib/mpl-data/fonts/ttf/DejaVuSans.ttf.
2021-12-06 12:16:27 [DEBUG] matplotlib.backends.backend_pdf: Writing TrueType font.
2021-12-06 12:16:27 [INFO] src.evaluation.evaluator: Stored plot at reports/experiments/variance_1/intensity/figures/seed-22726272/roc_Syn Variance Outliers (extremeness=0.125)-1-10-2021-12-06-121627.pdf
2021-12-06 12:16:27 [INFO] src.evaluation.evaluator: Plotting ROC curve for LSTM-ED on Syn Variance Outliers (extremeness=0.0625)
2021-12-06 12:16:27 [DEBUG] matplotlib.backends.backend_pdf: Assigning font /b'F1' = '/home/tianyu/anaconda3/envs/DeepADoTS/lib/python3.7/site-packages/matplotlib/mpl-data/fonts/ttf/DejaVuSans.ttf'
2021-12-06 12:16:27 [DEBUG] matplotlib.backends.backend_pdf: Embedding font /home/tianyu/anaconda3/envs/DeepADoTS/lib/python3.7/site-packages/matplotlib/mpl-data/fonts/ttf/DejaVuSans.ttf.
2021-12-06 12:16:27 [DEBUG] matplotlib.backends.backend_pdf: Writing TrueType font.
2021-12-06 12:16:27 [INFO] src.evaluation.evaluator: Stored plot at reports/experiments/variance_1/intensity/figures/seed-22726272/roc_Syn Variance Outliers (extremeness=0.0625)-1-10-2021-12-06-121627.pdf
2021-12-06 12:16:27 [INFO] src.evaluation.evaluator: Plotting ROC curve for LSTM-ED on Syn Variance Outliers (extremeness=0.03125)
2021-12-06 12:16:27 [DEBUG] matplotlib.backends.backend_pdf: Assigning font /b'F1' = '/home/tianyu/anaconda3/envs/DeepADoTS/lib/python3.7/site-packages/matplotlib/mpl-data/fonts/ttf/DejaVuSans.ttf'
2021-12-06 12:16:27 [DEBUG] matplotlib.backends.backend_pdf: Embedding font /home/tianyu/anaconda3/envs/DeepADoTS/lib/python3.7/site-packages/matplotlib/mpl-data/fonts/ttf/DejaVuSans.ttf.
2021-12-06 12:16:27 [DEBUG] matplotlib.backends.backend_pdf: Writing TrueType font.
2021-12-06 12:16:27 [INFO] src.evaluation.evaluator: Stored plot at reports/experiments/variance_1/intensity/figures/seed-22726272/roc_Syn Variance Outliers (extremeness=0.03125)-1-10-2021-12-06-121627.pdf
2021-12-06 12:16:29 [DEBUG] matplotlib.backends.backend_pdf: Assigning font /b'F1' = '/home/tianyu/anaconda3/envs/DeepADoTS/lib/python3.7/site-packages/matplotlib/mpl-data/fonts/ttf/DejaVuSans.ttf'
2021-12-06 12:16:29 [DEBUG] matplotlib.backends.backend_pdf: Embedding font /home/tianyu/anaconda3/envs/DeepADoTS/lib/python3.7/site-packages/matplotlib/mpl-data/fonts/ttf/DejaVuSans.ttf.
2021-12-06 12:16:29 [DEBUG] matplotlib.backends.backend_pdf: Writing TrueType font.
2021-12-06 12:16:29 [INFO] src.evaluation.evaluator: Stored plot at reports/experiments/variance_1/intensity/figures/seed-22726272/metrics_by_thresholds-1-10-2021-12-06-121629.pdf
2021-12-06 12:16:30 [DEBUG] matplotlib.backends.backend_pdf: Assigning font /b'F1' = '/home/tianyu/anaconda3/envs/DeepADoTS/lib/python3.7/site-packages/matplotlib/mpl-data/fonts/ttf/DejaVuSans.ttf'
2021-12-06 12:16:30 [DEBUG] matplotlib.backends.backend_pdf: Embedding font /home/tianyu/anaconda3/envs/DeepADoTS/lib/python3.7/site-packages/matplotlib/mpl-data/fonts/ttf/DejaVuSans.ttf.
2021-12-06 12:16:30 [DEBUG] matplotlib.backends.backend_pdf: Writing TrueType font.
2021-12-06 12:16:30 [INFO] src.evaluation.evaluator: Stored plot at reports/experiments/variance_1/intensity/figures/seed-22726272/scores_Syn Variance Outliers (extremeness=16.0)-1-10-2021-12-06-121630.pdf
2021-12-06 12:16:30 [DEBUG] matplotlib.backends.backend_pdf: Assigning font /b'F1' = '/home/tianyu/anaconda3/envs/DeepADoTS/lib/python3.7/site-packages/matplotlib/mpl-data/fonts/ttf/DejaVuSans.ttf'
2021-12-06 12:16:30 [DEBUG] matplotlib.backends.backend_pdf: Embedding font /home/tianyu/anaconda3/envs/DeepADoTS/lib/python3.7/site-packages/matplotlib/mpl-data/fonts/ttf/DejaVuSans.ttf.
2021-12-06 12:16:30 [DEBUG] matplotlib.backends.backend_pdf: Writing TrueType font.
2021-12-06 12:16:30 [INFO] src.evaluation.evaluator: Stored plot at reports/experiments/variance_1/intensity/figures/seed-22726272/scores_Syn Variance Outliers (extremeness=8.0)-1-10-2021-12-06-121630.pdf
2021-12-06 12:16:31 [DEBUG] matplotlib.backends.backend_pdf: Assigning font /b'F1' = '/home/tianyu/anaconda3/envs/DeepADoTS/lib/python3.7/site-packages/matplotlib/mpl-data/fonts/ttf/DejaVuSans.ttf'
2021-12-06 12:16:31 [DEBUG] matplotlib.backends.backend_pdf: Embedding font /home/tianyu/anaconda3/envs/DeepADoTS/lib/python3.7/site-packages/matplotlib/mpl-data/fonts/ttf/DejaVuSans.ttf.
2021-12-06 12:16:31 [DEBUG] matplotlib.backends.backend_pdf: Writing TrueType font.
2021-12-06 12:16:31 [INFO] src.evaluation.evaluator: Stored plot at reports/experiments/variance_1/intensity/figures/seed-22726272/scores_Syn Variance Outliers (extremeness=4.0)-1-10-2021-12-06-121631.pdf
2021-12-06 12:16:31 [DEBUG] matplotlib.backends.backend_pdf: Assigning font /b'F1' = '/home/tianyu/anaconda3/envs/DeepADoTS/lib/python3.7/site-packages/matplotlib/mpl-data/fonts/ttf/DejaVuSans.ttf'
2021-12-06 12:16:31 [DEBUG] matplotlib.backends.backend_pdf: Embedding font /home/tianyu/anaconda3/envs/DeepADoTS/lib/python3.7/site-packages/matplotlib/mpl-data/fonts/ttf/DejaVuSans.ttf.
2021-12-06 12:16:31 [DEBUG] matplotlib.backends.backend_pdf: Writing TrueType font.
2021-12-06 12:16:31 [INFO] src.evaluation.evaluator: Stored plot at reports/experiments/variance_1/intensity/figures/seed-22726272/scores_Syn Variance Outliers (extremeness=2.0)-1-10-2021-12-06-121631.pdf
2021-12-06 12:16:32 [DEBUG] matplotlib.backends.backend_pdf: Assigning font /b'F1' = '/home/tianyu/anaconda3/envs/DeepADoTS/lib/python3.7/site-packages/matplotlib/mpl-data/fonts/ttf/DejaVuSans.ttf'
2021-12-06 12:16:32 [DEBUG] matplotlib.backends.backend_pdf: Embedding font /home/tianyu/anaconda3/envs/DeepADoTS/lib/python3.7/site-packages/matplotlib/mpl-data/fonts/ttf/DejaVuSans.ttf.
2021-12-06 12:16:32 [DEBUG] matplotlib.backends.backend_pdf: Writing TrueType font.
2021-12-06 12:16:32 [INFO] src.evaluation.evaluator: Stored plot at reports/experiments/variance_1/intensity/figures/seed-22726272/scores_Syn Variance Outliers (extremeness=1.0)-1-10-2021-12-06-121632.pdf
2021-12-06 12:16:32 [DEBUG] matplotlib.backends.backend_pdf: Assigning font /b'F1' = '/home/tianyu/anaconda3/envs/DeepADoTS/lib/python3.7/site-packages/matplotlib/mpl-data/fonts/ttf/DejaVuSans.ttf'
2021-12-06 12:16:32 [DEBUG] matplotlib.backends.backend_pdf: Embedding font /home/tianyu/anaconda3/envs/DeepADoTS/lib/python3.7/site-packages/matplotlib/mpl-data/fonts/ttf/DejaVuSans.ttf.
2021-12-06 12:16:32 [DEBUG] matplotlib.backends.backend_pdf: Writing TrueType font.
2021-12-06 12:16:32 [INFO] src.evaluation.evaluator: Stored plot at reports/experiments/variance_1/intensity/figures/seed-22726272/scores_Syn Variance Outliers (extremeness=0.5)-1-10-2021-12-06-121632.pdf
2021-12-06 12:16:32 [DEBUG] matplotlib.backends.backend_pdf: Assigning font /b'F1' = '/home/tianyu/anaconda3/envs/DeepADoTS/lib/python3.7/site-packages/matplotlib/mpl-data/fonts/ttf/DejaVuSans.ttf'
2021-12-06 12:16:33 [DEBUG] matplotlib.backends.backend_pdf: Embedding font /home/tianyu/anaconda3/envs/DeepADoTS/lib/python3.7/site-packages/matplotlib/mpl-data/fonts/ttf/DejaVuSans.ttf.
2021-12-06 12:16:33 [DEBUG] matplotlib.backends.backend_pdf: Writing TrueType font.
2021-12-06 12:16:33 [INFO] src.evaluation.evaluator: Stored plot at reports/experiments/variance_1/intensity/figures/seed-22726272/scores_Syn Variance Outliers (extremeness=0.25)-1-10-2021-12-06-121632.pdf
2021-12-06 12:16:33 [DEBUG] matplotlib.backends.backend_pdf: Assigning font /b'F1' = '/home/tianyu/anaconda3/envs/DeepADoTS/lib/python3.7/site-packages/matplotlib/mpl-data/fonts/ttf/DejaVuSans.ttf'
2021-12-06 12:16:33 [DEBUG] matplotlib.backends.backend_pdf: Embedding font /home/tianyu/anaconda3/envs/DeepADoTS/lib/python3.7/site-packages/matplotlib/mpl-data/fonts/ttf/DejaVuSans.ttf.
2021-12-06 12:16:33 [DEBUG] matplotlib.backends.backend_pdf: Writing TrueType font.
2021-12-06 12:16:33 [INFO] src.evaluation.evaluator: Stored plot at reports/experiments/variance_1/intensity/figures/seed-22726272/scores_Syn Variance Outliers (extremeness=0.125)-1-10-2021-12-06-121633.pdf
2021-12-06 12:16:33 [DEBUG] matplotlib.backends.backend_pdf: Assigning font /b'F1' = '/home/tianyu/anaconda3/envs/DeepADoTS/lib/python3.7/site-packages/matplotlib/mpl-data/fonts/ttf/DejaVuSans.ttf'
2021-12-06 12:16:33 [DEBUG] matplotlib.backends.backend_pdf: Embedding font /home/tianyu/anaconda3/envs/DeepADoTS/lib/python3.7/site-packages/matplotlib/mpl-data/fonts/ttf/DejaVuSans.ttf.
2021-12-06 12:16:33 [DEBUG] matplotlib.backends.backend_pdf: Writing TrueType font.
2021-12-06 12:16:33 [INFO] src.evaluation.evaluator: Stored plot at reports/experiments/variance_1/intensity/figures/seed-22726272/scores_Syn Variance Outliers (extremeness=0.0625)-1-10-2021-12-06-121633.pdf
2021-12-06 12:16:34 [DEBUG] matplotlib.backends.backend_pdf: Assigning font /b'F1' = '/home/tianyu/anaconda3/envs/DeepADoTS/lib/python3.7/site-packages/matplotlib/mpl-data/fonts/ttf/DejaVuSans.ttf'
2021-12-06 12:16:34 [DEBUG] matplotlib.backends.backend_pdf: Embedding font /home/tianyu/anaconda3/envs/DeepADoTS/lib/python3.7/site-packages/matplotlib/mpl-data/fonts/ttf/DejaVuSans.ttf.
2021-12-06 12:16:34 [DEBUG] matplotlib.backends.backend_pdf: Writing TrueType font.
2021-12-06 12:16:34 [INFO] src.evaluation.evaluator: Stored plot at reports/experiments/variance_1/intensity/figures/seed-22726272/scores_Syn Variance Outliers (extremeness=0.03125)-1-10-2021-12-06-121634.pdf
2021-12-06 12:16:34 [INFO] src.evaluation.evaluator: Store evaluator results at /home/tianyu/Desktop/work_space/DeepADoTS/reports/experiments/variance_1/intensity/evaluators/experiment-run-0-22726272-2021-12-06-121634.pkl
2021-12-06 12:16:34 [INFO] src.evaluation.evaluator: Store evaluator results at /home/tianyu/Desktop/work_space/DeepADoTS/reports/experiments/variance_1/intensity/evaluators/experiment-extreme-2021-12-06-121634.pkl
2021-12-06 12:16:34 [DEBUG] matplotlib.backends.backend_pdf: Assigning font /b'F1' = '/home/tianyu/anaconda3/envs/DeepADoTS/lib/python3.7/site-packages/matplotlib/mpl-data/fonts/ttf/DejaVuSans.ttf'
2021-12-06 12:16:34 [DEBUG] matplotlib.backends.backend_pdf: Embedding font /home/tianyu/anaconda3/envs/DeepADoTS/lib/python3.7/site-packages/matplotlib/mpl-data/fonts/ttf/DejaVuSans.ttf.
2021-12-06 12:16:34 [DEBUG] matplotlib.backends.backend_pdf: Writing TrueType font.
2021-12-06 12:16:34 [INFO] src.evaluation.evaluator: Stored plot at reports/experiments/variance_1/intensity/figures/boxplot_auc_for_LSTM-ED_1_runs-1-10-2021-12-06-121634.pdf
2021-12-06 12:16:34 [DEBUG] matplotlib.backends.backend_pdf: Assigning font /b'F1' = '/home/tianyu/anaconda3/envs/DeepADoTS/lib/python3.7/site-packages/matplotlib/mpl-data/fonts/ttf/DejaVuSans.ttf'
2021-12-06 12:16:34 [DEBUG] matplotlib.backends.backend_pdf: Embedding font /home/tianyu/anaconda3/envs/DeepADoTS/lib/python3.7/site-packages/matplotlib/mpl-data/fonts/ttf/DejaVuSans.ttf.
2021-12-06 12:16:34 [DEBUG] matplotlib.backends.backend_pdf: Writing TrueType font.
2021-12-06 12:16:34 [INFO] src.evaluation.evaluator: Stored plot at reports/experiments/variance_1/intensity/figures/boxplot_auc_for_Syn Variance Outliers (extremeness=16.0)_1_runs-1-10-2021-12-06-121634.pdf
2021-12-06 12:16:34 [DEBUG] matplotlib.backends.backend_pdf: Assigning font /b'F1' = '/home/tianyu/anaconda3/envs/DeepADoTS/lib/python3.7/site-packages/matplotlib/mpl-data/fonts/ttf/DejaVuSans.ttf'
2021-12-06 12:16:34 [DEBUG] matplotlib.backends.backend_pdf: Embedding font /home/tianyu/anaconda3/envs/DeepADoTS/lib/python3.7/site-packages/matplotlib/mpl-data/fonts/ttf/DejaVuSans.ttf.
2021-12-06 12:16:34 [DEBUG] matplotlib.backends.backend_pdf: Writing TrueType font.
2021-12-06 12:16:34 [INFO] src.evaluation.evaluator: Stored plot at reports/experiments/variance_1/intensity/figures/boxplot_auc_for_Syn Variance Outliers (extremeness=8.0)_1_runs-1-10-2021-12-06-121634.pdf
2021-12-06 12:16:34 [DEBUG] matplotlib.backends.backend_pdf: Assigning font /b'F1' = '/home/tianyu/anaconda3/envs/DeepADoTS/lib/python3.7/site-packages/matplotlib/mpl-data/fonts/ttf/DejaVuSans.ttf'
2021-12-06 12:16:34 [DEBUG] matplotlib.backends.backend_pdf: Embedding font /home/tianyu/anaconda3/envs/DeepADoTS/lib/python3.7/site-packages/matplotlib/mpl-data/fonts/ttf/DejaVuSans.ttf.
2021-12-06 12:16:34 [DEBUG] matplotlib.backends.backend_pdf: Writing TrueType font.
2021-12-06 12:16:34 [INFO] src.evaluation.evaluator: Stored plot at reports/experiments/variance_1/intensity/figures/boxplot_auc_for_Syn Variance Outliers (extremeness=4.0)_1_runs-1-10-2021-12-06-121634.pdf
2021-12-06 12:16:34 [DEBUG] matplotlib.backends.backend_pdf: Assigning font /b'F1' = '/home/tianyu/anaconda3/envs/DeepADoTS/lib/python3.7/site-packages/matplotlib/mpl-data/fonts/ttf/DejaVuSans.ttf'
2021-12-06 12:16:34 [DEBUG] matplotlib.backends.backend_pdf: Embedding font /home/tianyu/anaconda3/envs/DeepADoTS/lib/python3.7/site-packages/matplotlib/mpl-data/fonts/ttf/DejaVuSans.ttf.
2021-12-06 12:16:34 [DEBUG] matplotlib.backends.backend_pdf: Writing TrueType font.
2021-12-06 12:16:34 [INFO] src.evaluation.evaluator: Stored plot at reports/experiments/variance_1/intensity/figures/boxplot_auc_for_Syn Variance Outliers (extremeness=2.0)_1_runs-1-10-2021-12-06-121634.pdf
2021-12-06 12:16:34 [DEBUG] matplotlib.backends.backend_pdf: Assigning font /b'F1' = '/home/tianyu/anaconda3/envs/DeepADoTS/lib/python3.7/site-packages/matplotlib/mpl-data/fonts/ttf/DejaVuSans.ttf'
2021-12-06 12:16:34 [DEBUG] matplotlib.backends.backend_pdf: Embedding font /home/tianyu/anaconda3/envs/DeepADoTS/lib/python3.7/site-packages/matplotlib/mpl-data/fonts/ttf/DejaVuSans.ttf.
2021-12-06 12:16:34 [DEBUG] matplotlib.backends.backend_pdf: Writing TrueType font.
2021-12-06 12:16:34 [INFO] src.evaluation.evaluator: Stored plot at reports/experiments/variance_1/intensity/figures/boxplot_auc_for_Syn Variance Outliers (extremeness=1.0)_1_runs-1-10-2021-12-06-121634.pdf
2021-12-06 12:16:34 [DEBUG] matplotlib.backends.backend_pdf: Assigning font /b'F1' = '/home/tianyu/anaconda3/envs/DeepADoTS/lib/python3.7/site-packages/matplotlib/mpl-data/fonts/ttf/DejaVuSans.ttf'
2021-12-06 12:16:34 [DEBUG] matplotlib.backends.backend_pdf: Embedding font /home/tianyu/anaconda3/envs/DeepADoTS/lib/python3.7/site-packages/matplotlib/mpl-data/fonts/ttf/DejaVuSans.ttf.
2021-12-06 12:16:34 [DEBUG] matplotlib.backends.backend_pdf: Writing TrueType font.
2021-12-06 12:16:34 [INFO] src.evaluation.evaluator: Stored plot at reports/experiments/variance_1/intensity/figures/boxplot_auc_for_Syn Variance Outliers (extremeness=0.5)_1_runs-1-10-2021-12-06-121634.pdf
2021-12-06 12:16:34 [DEBUG] matplotlib.backends.backend_pdf: Assigning font /b'F1' = '/home/tianyu/anaconda3/envs/DeepADoTS/lib/python3.7/site-packages/matplotlib/mpl-data/fonts/ttf/DejaVuSans.ttf'
2021-12-06 12:16:35 [DEBUG] matplotlib.backends.backend_pdf: Embedding font /home/tianyu/anaconda3/envs/DeepADoTS/lib/python3.7/site-packages/matplotlib/mpl-data/fonts/ttf/DejaVuSans.ttf.
2021-12-06 12:16:35 [DEBUG] matplotlib.backends.backend_pdf: Writing TrueType font.
2021-12-06 12:16:35 [INFO] src.evaluation.evaluator: Stored plot at reports/experiments/variance_1/intensity/figures/boxplot_auc_for_Syn Variance Outliers (extremeness=0.25)_1_runs-1-10-2021-12-06-121634.pdf
2021-12-06 12:16:35 [DEBUG] matplotlib.backends.backend_pdf: Assigning font /b'F1' = '/home/tianyu/anaconda3/envs/DeepADoTS/lib/python3.7/site-packages/matplotlib/mpl-data/fonts/ttf/DejaVuSans.ttf'
2021-12-06 12:16:35 [DEBUG] matplotlib.backends.backend_pdf: Embedding font /home/tianyu/anaconda3/envs/DeepADoTS/lib/python3.7/site-packages/matplotlib/mpl-data/fonts/ttf/DejaVuSans.ttf.
2021-12-06 12:16:35 [DEBUG] matplotlib.backends.backend_pdf: Writing TrueType font.
2021-12-06 12:16:35 [INFO] src.evaluation.evaluator: Stored plot at reports/experiments/variance_1/intensity/figures/boxplot_auc_for_Syn Variance Outliers (extremeness=0.125)_1_runs-1-10-2021-12-06-121635.pdf
2021-12-06 12:16:35 [DEBUG] matplotlib.backends.backend_pdf: Assigning font /b'F1' = '/home/tianyu/anaconda3/envs/DeepADoTS/lib/python3.7/site-packages/matplotlib/mpl-data/fonts/ttf/DejaVuSans.ttf'
2021-12-06 12:16:35 [DEBUG] matplotlib.backends.backend_pdf: Embedding font /home/tianyu/anaconda3/envs/DeepADoTS/lib/python3.7/site-packages/matplotlib/mpl-data/fonts/ttf/DejaVuSans.ttf.
2021-12-06 12:16:35 [DEBUG] matplotlib.backends.backend_pdf: Writing TrueType font.
2021-12-06 12:16:35 [INFO] src.evaluation.evaluator: Stored plot at reports/experiments/variance_1/intensity/figures/boxplot_auc_for_Syn Variance Outliers (extremeness=0.0625)_1_runs-1-10-2021-12-06-121635.pdf
2021-12-06 12:16:35 [DEBUG] matplotlib.backends.backend_pdf: Assigning font /b'F1' = '/home/tianyu/anaconda3/envs/DeepADoTS/lib/python3.7/site-packages/matplotlib/mpl-data/fonts/ttf/DejaVuSans.ttf'
2021-12-06 12:16:35 [DEBUG] matplotlib.backends.backend_pdf: Embedding font /home/tianyu/anaconda3/envs/DeepADoTS/lib/python3.7/site-packages/matplotlib/mpl-data/fonts/ttf/DejaVuSans.ttf.
2021-12-06 12:16:35 [DEBUG] matplotlib.backends.backend_pdf: Writing TrueType font.
2021-12-06 12:16:35 [INFO] src.evaluation.evaluator: Stored plot at reports/experiments/variance_1/intensity/figures/boxplot_auc_for_Syn Variance Outliers (extremeness=0.03125)_1_runs-1-10-2021-12-06-121635.pdf
2021-12-06 12:16:35 [INFO] src.evaluation.evaluator: Dataset: Syn Variance Outliers (extremeness=16.0)
+----+------------------------------------------+-------------+----------------+-----------------+--------------+----------------+------------------+-------------+
|    | dataset                                  | algorithm   |   accuracy_std |   precision_std |   recall_std |   F1-score_std |   F0.1-score_std |   auroc_std |
|----+------------------------------------------+-------------+----------------+-----------------+--------------+----------------+------------------+-------------|
|  6 | Syn Variance Outliers (extremeness=16.0) | LSTM-ED     |              0 |               0 |            0 |              0 |                0 |           0 |
+----+------------------------------------------+-------------+----------------+-----------------+--------------+----------------+------------------+-------------+
2021-12-06 12:16:35 [INFO] src.evaluation.evaluator: Dataset: Syn Variance Outliers (extremeness=8.0)
+----+-----------------------------------------+-------------+----------------+-----------------+--------------+----------------+------------------+-------------+
|    | dataset                                 | algorithm   |   accuracy_std |   precision_std |   recall_std |   F1-score_std |   F0.1-score_std |   auroc_std |
|----+-----------------------------------------+-------------+----------------+-----------------+--------------+----------------+------------------+-------------|
|  9 | Syn Variance Outliers (extremeness=8.0) | LSTM-ED     |              0 |               0 |            0 |              0 |                0 |           0 |
+----+-----------------------------------------+-------------+----------------+-----------------+--------------+----------------+------------------+-------------+
2021-12-06 12:16:35 [INFO] src.evaluation.evaluator: Dataset: Syn Variance Outliers (extremeness=4.0)
+----+-----------------------------------------+-------------+----------------+-----------------+--------------+----------------+------------------+-------------+
|    | dataset                                 | algorithm   |   accuracy_std |   precision_std |   recall_std |   F1-score_std |   F0.1-score_std |   auroc_std |
|----+-----------------------------------------+-------------+----------------+-----------------+--------------+----------------+------------------+-------------|
|  8 | Syn Variance Outliers (extremeness=4.0) | LSTM-ED     |              0 |               0 |            0 |              0 |                0 |           0 |
+----+-----------------------------------------+-------------+----------------+-----------------+--------------+----------------+------------------+-------------+
2021-12-06 12:16:35 [INFO] src.evaluation.evaluator: Dataset: Syn Variance Outliers (extremeness=2.0)
+----+-----------------------------------------+-------------+----------------+-----------------+--------------+----------------+------------------+-------------+
|    | dataset                                 | algorithm   |   accuracy_std |   precision_std |   recall_std |   F1-score_std |   F0.1-score_std |   auroc_std |
|----+-----------------------------------------+-------------+----------------+-----------------+--------------+----------------+------------------+-------------|
|  7 | Syn Variance Outliers (extremeness=2.0) | LSTM-ED     |              0 |               0 |            0 |              0 |                0 |           0 |
+----+-----------------------------------------+-------------+----------------+-----------------+--------------+----------------+------------------+-------------+
2021-12-06 12:16:35 [INFO] src.evaluation.evaluator: Dataset: Syn Variance Outliers (extremeness=1.0)
+----+-----------------------------------------+-------------+----------------+-----------------+--------------+----------------+------------------+-------------+
|    | dataset                                 | algorithm   |   accuracy_std |   precision_std |   recall_std |   F1-score_std |   F0.1-score_std |   auroc_std |
|----+-----------------------------------------+-------------+----------------+-----------------+--------------+----------------+------------------+-------------|
|  5 | Syn Variance Outliers (extremeness=1.0) | LSTM-ED     |              0 |               0 |            0 |              0 |                0 |           0 |
+----+-----------------------------------------+-------------+----------------+-----------------+--------------+----------------+------------------+-------------+
2021-12-06 12:16:35 [INFO] src.evaluation.evaluator: Dataset: Syn Variance Outliers (extremeness=0.5)
+----+-----------------------------------------+-------------+----------------+-----------------+--------------+----------------+------------------+-------------+
|    | dataset                                 | algorithm   |   accuracy_std |   precision_std |   recall_std |   F1-score_std |   F0.1-score_std |   auroc_std |
|----+-----------------------------------------+-------------+----------------+-----------------+--------------+----------------+------------------+-------------|
|  4 | Syn Variance Outliers (extremeness=0.5) | LSTM-ED     |              0 |               0 |            0 |              0 |                0 |           0 |
+----+-----------------------------------------+-------------+----------------+-----------------+--------------+----------------+------------------+-------------+
2021-12-06 12:16:35 [INFO] src.evaluation.evaluator: Dataset: Syn Variance Outliers (extremeness=0.25)
+----+------------------------------------------+-------------+----------------+-----------------+--------------+----------------+------------------+-------------+
|    | dataset                                  | algorithm   |   accuracy_std |   precision_std |   recall_std |   F1-score_std |   F0.1-score_std |   auroc_std |
|----+------------------------------------------+-------------+----------------+-----------------+--------------+----------------+------------------+-------------|
|  3 | Syn Variance Outliers (extremeness=0.25) | LSTM-ED     |              0 |               0 |            0 |              0 |                0 |           0 |
+----+------------------------------------------+-------------+----------------+-----------------+--------------+----------------+------------------+-------------+
2021-12-06 12:16:35 [INFO] src.evaluation.evaluator: Dataset: Syn Variance Outliers (extremeness=0.125)
+----+-------------------------------------------+-------------+----------------+-----------------+--------------+----------------+------------------+-------------+
|    | dataset                                   | algorithm   |   accuracy_std |   precision_std |   recall_std |   F1-score_std |   F0.1-score_std |   auroc_std |
|----+-------------------------------------------+-------------+----------------+-----------------+--------------+----------------+------------------+-------------|
|  2 | Syn Variance Outliers (extremeness=0.125) | LSTM-ED     |              0 |               0 |            0 |              0 |                0 |           0 |
+----+-------------------------------------------+-------------+----------------+-----------------+--------------+----------------+------------------+-------------+
2021-12-06 12:16:35 [INFO] src.evaluation.evaluator: Dataset: Syn Variance Outliers (extremeness=0.0625)
+----+--------------------------------------------+-------------+----------------+-----------------+--------------+----------------+------------------+-------------+
|    | dataset                                    | algorithm   |   accuracy_std |   precision_std |   recall_std |   F1-score_std |   F0.1-score_std |   auroc_std |
|----+--------------------------------------------+-------------+----------------+-----------------+--------------+----------------+------------------+-------------|
|  1 | Syn Variance Outliers (extremeness=0.0625) | LSTM-ED     |              0 |               0 |            0 |              0 |                0 |           0 |
+----+--------------------------------------------+-------------+----------------+-----------------+--------------+----------------+------------------+-------------+
2021-12-06 12:16:35 [INFO] src.evaluation.evaluator: Dataset: Syn Variance Outliers (extremeness=0.03125)
+----+---------------------------------------------+-------------+----------------+-----------------+--------------+----------------+------------------+-------------+
|    | dataset                                     | algorithm   |   accuracy_std |   precision_std |   recall_std |   F1-score_std |   F0.1-score_std |   auroc_std |
|----+---------------------------------------------+-------------+----------------+-----------------+--------------+----------------+------------------+-------------|
|  0 | Syn Variance Outliers (extremeness=0.03125) | LSTM-ED     |              0 |               0 |            0 |              0 |                0 |           0 |
+----+---------------------------------------------+-------------+----------------+-----------------+--------------+----------------+------------------+-------------+
2021-12-06 12:16:35 [INFO] src.evaluation.evaluator: Stored tex file at reports/experiments/variance_1/intensity/tables/seed-22726272/latex_merged_std_per_dataset_for_extreme-1-10-1638764195.tex
2021-12-06 12:16:35 [INFO] src.evaluation.evaluator: Dataset: Syn Variance Outliers (extremeness=16.0)
+----+------------------------------------------+-------------+----------------+-----------------+--------------+----------------+------------------+-------------+
|    | dataset                                  | algorithm   |   accuracy_avg |   precision_avg |   recall_avg |   F1-score_avg |   F0.1-score_avg |   auroc_avg |
|----+------------------------------------------+-------------+----------------+-----------------+--------------+----------------+------------------+-------------|
|  6 | Syn Variance Outliers (extremeness=16.0) | LSTM-ED     |       0.887778 |         0.63871 |       0.6875 |       0.662207 |         0.639159 |    0.908491 |
+----+------------------------------------------+-------------+----------------+-----------------+--------------+----------------+------------------+-------------+
2021-12-06 12:16:35 [INFO] src.evaluation.evaluator: Dataset: Syn Variance Outliers (extremeness=8.0)
+----+-----------------------------------------+-------------+----------------+-----------------+--------------+----------------+------------------+-------------+
|    | dataset                                 | algorithm   |   accuracy_avg |   precision_avg |   recall_avg |   F1-score_avg |   F0.1-score_avg |   auroc_avg |
|----+-----------------------------------------+-------------+----------------+-----------------+--------------+----------------+------------------+-------------|
|  9 | Syn Variance Outliers (extremeness=8.0) | LSTM-ED     |       0.761111 |         0.37276 |     0.722222 |       0.491726 |         0.374554 |    0.795332 |
+----+-----------------------------------------+-------------+----------------+-----------------+--------------+----------------+------------------+-------------+
2021-12-06 12:16:35 [INFO] src.evaluation.evaluator: Dataset: Syn Variance Outliers (extremeness=4.0)
+----+-----------------------------------------+-------------+----------------+-----------------+--------------+----------------+------------------+-------------+
|    | dataset                                 | algorithm   |   accuracy_avg |   precision_avg |   recall_avg |   F1-score_avg |   F0.1-score_avg |   auroc_avg |
|----+-----------------------------------------+-------------+----------------+-----------------+--------------+----------------+------------------+-------------|
|  8 | Syn Variance Outliers (extremeness=4.0) | LSTM-ED     |       0.627778 |        0.233983 |     0.583333 |       0.333996 |         0.235379 |    0.638953 |
+----+-----------------------------------------+-------------+----------------+-----------------+--------------+----------------+------------------+-------------+
2021-12-06 12:16:35 [INFO] src.evaluation.evaluator: Dataset: Syn Variance Outliers (extremeness=2.0)
+----+-----------------------------------------+-------------+----------------+-----------------+--------------+----------------+------------------+-------------+
|    | dataset                                 | algorithm   |   accuracy_avg |   precision_avg |   recall_avg |   F1-score_avg |   F0.1-score_avg |   auroc_avg |
|----+-----------------------------------------+-------------+----------------+-----------------+--------------+----------------+------------------+-------------|
|  7 | Syn Variance Outliers (extremeness=2.0) | LSTM-ED     |       0.613333 |        0.198225 |     0.465278 |       0.278008 |         0.199358 |    0.539407 |
+----+-----------------------------------------+-------------+----------------+-----------------+--------------+----------------+------------------+-------------+
2021-12-06 12:16:35 [INFO] src.evaluation.evaluator: Dataset: Syn Variance Outliers (extremeness=1.0)
+----+-----------------------------------------+-------------+----------------+-----------------+--------------+----------------+------------------+-------------+
|    | dataset                                 | algorithm   |   accuracy_avg |   precision_avg |   recall_avg |   F1-score_avg |   F0.1-score_avg |   auroc_avg |
|----+-----------------------------------------+-------------+----------------+-----------------+--------------+----------------+------------------+-------------|
|  5 | Syn Variance Outliers (extremeness=1.0) | LSTM-ED     |           0.16 |            0.16 |            1 |       0.275862 |         0.161342 |    0.506696 |
+----+-----------------------------------------+-------------+----------------+-----------------+--------------+----------------+------------------+-------------+
2021-12-06 12:16:35 [INFO] src.evaluation.evaluator: Dataset: Syn Variance Outliers (extremeness=0.5)
+----+-----------------------------------------+-------------+----------------+-----------------+--------------+----------------+------------------+-------------+
|    | dataset                                 | algorithm   |   accuracy_avg |   precision_avg |   recall_avg |   F1-score_avg |   F0.1-score_avg |   auroc_avg |
|----+-----------------------------------------+-------------+----------------+-----------------+--------------+----------------+------------------+-------------|
|  4 | Syn Variance Outliers (extremeness=0.5) | LSTM-ED     |           0.16 |            0.16 |            1 |       0.275862 |         0.161342 |    0.504841 |
+----+-----------------------------------------+-------------+----------------+-----------------+--------------+----------------+------------------+-------------+
2021-12-06 12:16:35 [INFO] src.evaluation.evaluator: Dataset: Syn Variance Outliers (extremeness=0.25)
+----+------------------------------------------+-------------+----------------+-----------------+--------------+----------------+------------------+-------------+
|    | dataset                                  | algorithm   |   accuracy_avg |   precision_avg |   recall_avg |   F1-score_avg |   F0.1-score_avg |   auroc_avg |
|----+------------------------------------------+-------------+----------------+-----------------+--------------+----------------+------------------+-------------|
|  3 | Syn Variance Outliers (extremeness=0.25) | LSTM-ED     |           0.16 |            0.16 |            1 |       0.275862 |         0.161342 |    0.505052 |
+----+------------------------------------------+-------------+----------------+-----------------+--------------+----------------+------------------+-------------+
2021-12-06 12:16:35 [INFO] src.evaluation.evaluator: Dataset: Syn Variance Outliers (extremeness=0.125)
+----+-------------------------------------------+-------------+----------------+-----------------+--------------+----------------+------------------+-------------+
|    | dataset                                   | algorithm   |   accuracy_avg |   precision_avg |   recall_avg |   F1-score_avg |   F0.1-score_avg |   auroc_avg |
|----+-------------------------------------------+-------------+----------------+-----------------+--------------+----------------+------------------+-------------|
|  2 | Syn Variance Outliers (extremeness=0.125) | LSTM-ED     |           0.16 |            0.16 |            1 |       0.275862 |         0.161342 |     0.50429 |
+----+-------------------------------------------+-------------+----------------+-----------------+--------------+----------------+------------------+-------------+
2021-12-06 12:16:35 [INFO] src.evaluation.evaluator: Dataset: Syn Variance Outliers (extremeness=0.0625)
+----+--------------------------------------------+-------------+----------------+-----------------+--------------+----------------+------------------+-------------+
|    | dataset                                    | algorithm   |   accuracy_avg |   precision_avg |   recall_avg |   F1-score_avg |   F0.1-score_avg |   auroc_avg |
|----+--------------------------------------------+-------------+----------------+-----------------+--------------+----------------+------------------+-------------|
|  1 | Syn Variance Outliers (extremeness=0.0625) | LSTM-ED     |           0.16 |            0.16 |            1 |       0.275862 |         0.161342 |    0.503729 |
+----+--------------------------------------------+-------------+----------------+-----------------+--------------+----------------+------------------+-------------+
2021-12-06 12:16:35 [INFO] src.evaluation.evaluator: Dataset: Syn Variance Outliers (extremeness=0.03125)
+----+---------------------------------------------+-------------+----------------+-----------------+--------------+----------------+------------------+-------------+
|    | dataset                                     | algorithm   |   accuracy_avg |   precision_avg |   recall_avg |   F1-score_avg |   F0.1-score_avg |   auroc_avg |
|----+---------------------------------------------+-------------+----------------+-----------------+--------------+----------------+------------------+-------------|
|  0 | Syn Variance Outliers (extremeness=0.03125) | LSTM-ED     |           0.16 |            0.16 |            1 |       0.275862 |         0.161342 |    0.503334 |
+----+---------------------------------------------+-------------+----------------+-----------------+--------------+----------------+------------------+-------------+
2021-12-06 12:16:35 [INFO] src.evaluation.evaluator: Stored tex file at reports/experiments/variance_1/intensity/tables/seed-22726272/latex_merged_avg_per_dataset_for_extreme-1-10-1638764195.tex
2021-12-06 12:16:35 [INFO] src.evaluation.evaluator: Detector: LSTM-ED
+----+---------------------------------------------+-------------+----------------+-----------------+--------------+----------------+------------------+-------------+
|    | dataset                                     | algorithm   |   accuracy_std |   precision_std |   recall_std |   F1-score_std |   F0.1-score_std |   auroc_std |
|----+---------------------------------------------+-------------+----------------+-----------------+--------------+----------------+------------------+-------------|
|  0 | Syn Variance Outliers (extremeness=0.03125) | LSTM-ED     |              0 |               0 |            0 |              0 |                0 |           0 |
|  1 | Syn Variance Outliers (extremeness=0.0625)  | LSTM-ED     |              0 |               0 |            0 |              0 |                0 |           0 |
|  2 | Syn Variance Outliers (extremeness=0.125)   | LSTM-ED     |              0 |               0 |            0 |              0 |                0 |           0 |
|  3 | Syn Variance Outliers (extremeness=0.25)    | LSTM-ED     |              0 |               0 |            0 |              0 |                0 |           0 |
|  4 | Syn Variance Outliers (extremeness=0.5)     | LSTM-ED     |              0 |               0 |            0 |              0 |                0 |           0 |
|  5 | Syn Variance Outliers (extremeness=1.0)     | LSTM-ED     |              0 |               0 |            0 |              0 |                0 |           0 |
|  6 | Syn Variance Outliers (extremeness=16.0)    | LSTM-ED     |              0 |               0 |            0 |              0 |                0 |           0 |
|  7 | Syn Variance Outliers (extremeness=2.0)     | LSTM-ED     |              0 |               0 |            0 |              0 |                0 |           0 |
|  8 | Syn Variance Outliers (extremeness=4.0)     | LSTM-ED     |              0 |               0 |            0 |              0 |                0 |           0 |
|  9 | Syn Variance Outliers (extremeness=8.0)     | LSTM-ED     |              0 |               0 |            0 |              0 |                0 |           0 |
+----+---------------------------------------------+-------------+----------------+-----------------+--------------+----------------+------------------+-------------+
2021-12-06 12:16:35 [INFO] src.evaluation.evaluator: Stored tex file at reports/experiments/variance_1/intensity/tables/seed-22726272/latex_merged_std_per_algorithm_for_extreme-1-10-1638764195.tex
2021-12-06 12:16:35 [INFO] src.evaluation.evaluator: Detector: LSTM-ED
+----+---------------------------------------------+-------------+----------------+-----------------+--------------+----------------+------------------+-------------+
|    | dataset                                     | algorithm   |   accuracy_avg |   precision_avg |   recall_avg |   F1-score_avg |   F0.1-score_avg |   auroc_avg |
|----+---------------------------------------------+-------------+----------------+-----------------+--------------+----------------+------------------+-------------|
|  0 | Syn Variance Outliers (extremeness=0.03125) | LSTM-ED     |       0.16     |        0.16     |     1        |       0.275862 |         0.161342 |    0.503334 |
|  1 | Syn Variance Outliers (extremeness=0.0625)  | LSTM-ED     |       0.16     |        0.16     |     1        |       0.275862 |         0.161342 |    0.503729 |
|  2 | Syn Variance Outliers (extremeness=0.125)   | LSTM-ED     |       0.16     |        0.16     |     1        |       0.275862 |         0.161342 |    0.50429  |
|  3 | Syn Variance Outliers (extremeness=0.25)    | LSTM-ED     |       0.16     |        0.16     |     1        |       0.275862 |         0.161342 |    0.505052 |
|  4 | Syn Variance Outliers (extremeness=0.5)     | LSTM-ED     |       0.16     |        0.16     |     1        |       0.275862 |         0.161342 |    0.504841 |
|  5 | Syn Variance Outliers (extremeness=1.0)     | LSTM-ED     |       0.16     |        0.16     |     1        |       0.275862 |         0.161342 |    0.506696 |
|  6 | Syn Variance Outliers (extremeness=16.0)    | LSTM-ED     |       0.887778 |        0.63871  |     0.6875   |       0.662207 |         0.639159 |    0.908491 |
|  7 | Syn Variance Outliers (extremeness=2.0)     | LSTM-ED     |       0.613333 |        0.198225 |     0.465278 |       0.278008 |         0.199358 |    0.539407 |
|  8 | Syn Variance Outliers (extremeness=4.0)     | LSTM-ED     |       0.627778 |        0.233983 |     0.583333 |       0.333996 |         0.235379 |    0.638953 |
|  9 | Syn Variance Outliers (extremeness=8.0)     | LSTM-ED     |       0.761111 |        0.37276  |     0.722222 |       0.491726 |         0.374554 |    0.795332 |
+----+---------------------------------------------+-------------+----------------+-----------------+--------------+----------------+------------------+-------------+
2021-12-06 12:16:35 [INFO] src.evaluation.evaluator: Stored tex file at reports/experiments/variance_1/intensity/tables/seed-22726272/latex_merged_avg_per_algorithm_for_extreme-1-10-1638764195.tex
2021-12-06 12:16:35 [DEBUG] matplotlib.backends.backend_pdf: Assigning font /b'F1' = '/home/tianyu/anaconda3/envs/DeepADoTS/lib/python3.7/site-packages/matplotlib/mpl-data/fonts/ttf/DejaVuSans.ttf'
2021-12-06 12:16:35 [DEBUG] matplotlib.backends.backend_pdf: Embedding font /home/tianyu/anaconda3/envs/DeepADoTS/lib/python3.7/site-packages/matplotlib/mpl-data/fonts/ttf/DejaVuSans.ttf.
2021-12-06 12:16:35 [DEBUG] matplotlib.backends.backend_pdf: Writing TrueType font.
2021-12-06 12:16:35 [INFO] src.evaluation.evaluator: Stored plot at reports/experiments/variance_1/intensity/figures/barchart_auc_for_LSTM-ED_1_runs-1-10-2021-12-06-121635.pdf
2021-12-06 12:16:35 [DEBUG] matplotlib.backends.backend_pdf: Assigning font /b'F1' = '/home/tianyu/anaconda3/envs/DeepADoTS/lib/python3.7/site-packages/matplotlib/mpl-data/fonts/ttf/DejaVuSans.ttf'
2021-12-06 12:16:35 [DEBUG] matplotlib.backends.backend_pdf: Embedding font /home/tianyu/anaconda3/envs/DeepADoTS/lib/python3.7/site-packages/matplotlib/mpl-data/fonts/ttf/DejaVuSans.ttf.
2021-12-06 12:16:35 [DEBUG] matplotlib.backends.backend_pdf: Writing TrueType font.
2021-12-06 12:16:35 [INFO] src.evaluation.evaluator: Stored plot at reports/experiments/variance_1/intensity/figures/barchart_auc_for_Syn Variance Outliers (extremeness=16.0)_1_runs-1-10-2021-12-06-121635.pdf
2021-12-06 12:16:35 [DEBUG] matplotlib.backends.backend_pdf: Assigning font /b'F1' = '/home/tianyu/anaconda3/envs/DeepADoTS/lib/python3.7/site-packages/matplotlib/mpl-data/fonts/ttf/DejaVuSans.ttf'
2021-12-06 12:16:35 [DEBUG] matplotlib.backends.backend_pdf: Embedding font /home/tianyu/anaconda3/envs/DeepADoTS/lib/python3.7/site-packages/matplotlib/mpl-data/fonts/ttf/DejaVuSans.ttf.
2021-12-06 12:16:35 [DEBUG] matplotlib.backends.backend_pdf: Writing TrueType font.
2021-12-06 12:16:35 [INFO] src.evaluation.evaluator: Stored plot at reports/experiments/variance_1/intensity/figures/barchart_auc_for_Syn Variance Outliers (extremeness=8.0)_1_runs-1-10-2021-12-06-121635.pdf
2021-12-06 12:16:35 [DEBUG] matplotlib.backends.backend_pdf: Assigning font /b'F1' = '/home/tianyu/anaconda3/envs/DeepADoTS/lib/python3.7/site-packages/matplotlib/mpl-data/fonts/ttf/DejaVuSans.ttf'
2021-12-06 12:16:35 [DEBUG] matplotlib.backends.backend_pdf: Embedding font /home/tianyu/anaconda3/envs/DeepADoTS/lib/python3.7/site-packages/matplotlib/mpl-data/fonts/ttf/DejaVuSans.ttf.
2021-12-06 12:16:35 [DEBUG] matplotlib.backends.backend_pdf: Writing TrueType font.
2021-12-06 12:16:35 [INFO] src.evaluation.evaluator: Stored plot at reports/experiments/variance_1/intensity/figures/barchart_auc_for_Syn Variance Outliers (extremeness=4.0)_1_runs-1-10-2021-12-06-121635.pdf
2021-12-06 12:16:35 [DEBUG] matplotlib.backends.backend_pdf: Assigning font /b'F1' = '/home/tianyu/anaconda3/envs/DeepADoTS/lib/python3.7/site-packages/matplotlib/mpl-data/fonts/ttf/DejaVuSans.ttf'
2021-12-06 12:16:35 [DEBUG] matplotlib.backends.backend_pdf: Embedding font /home/tianyu/anaconda3/envs/DeepADoTS/lib/python3.7/site-packages/matplotlib/mpl-data/fonts/ttf/DejaVuSans.ttf.
2021-12-06 12:16:35 [DEBUG] matplotlib.backends.backend_pdf: Writing TrueType font.
2021-12-06 12:16:35 [INFO] src.evaluation.evaluator: Stored plot at reports/experiments/variance_1/intensity/figures/barchart_auc_for_Syn Variance Outliers (extremeness=2.0)_1_runs-1-10-2021-12-06-121635.pdf
2021-12-06 12:16:35 [DEBUG] matplotlib.backends.backend_pdf: Assigning font /b'F1' = '/home/tianyu/anaconda3/envs/DeepADoTS/lib/python3.7/site-packages/matplotlib/mpl-data/fonts/ttf/DejaVuSans.ttf'
2021-12-06 12:16:35 [DEBUG] matplotlib.backends.backend_pdf: Embedding font /home/tianyu/anaconda3/envs/DeepADoTS/lib/python3.7/site-packages/matplotlib/mpl-data/fonts/ttf/DejaVuSans.ttf.
2021-12-06 12:16:35 [DEBUG] matplotlib.backends.backend_pdf: Writing TrueType font.
2021-12-06 12:16:35 [INFO] src.evaluation.evaluator: Stored plot at reports/experiments/variance_1/intensity/figures/barchart_auc_for_Syn Variance Outliers (extremeness=1.0)_1_runs-1-10-2021-12-06-121635.pdf
2021-12-06 12:16:35 [DEBUG] matplotlib.backends.backend_pdf: Assigning font /b'F1' = '/home/tianyu/anaconda3/envs/DeepADoTS/lib/python3.7/site-packages/matplotlib/mpl-data/fonts/ttf/DejaVuSans.ttf'
2021-12-06 12:16:35 [DEBUG] matplotlib.backends.backend_pdf: Embedding font /home/tianyu/anaconda3/envs/DeepADoTS/lib/python3.7/site-packages/matplotlib/mpl-data/fonts/ttf/DejaVuSans.ttf.
2021-12-06 12:16:35 [DEBUG] matplotlib.backends.backend_pdf: Writing TrueType font.
2021-12-06 12:16:35 [INFO] src.evaluation.evaluator: Stored plot at reports/experiments/variance_1/intensity/figures/barchart_auc_for_Syn Variance Outliers (extremeness=0.5)_1_runs-1-10-2021-12-06-121635.pdf
2021-12-06 12:16:35 [DEBUG] matplotlib.backends.backend_pdf: Assigning font /b'F1' = '/home/tianyu/anaconda3/envs/DeepADoTS/lib/python3.7/site-packages/matplotlib/mpl-data/fonts/ttf/DejaVuSans.ttf'
2021-12-06 12:16:35 [DEBUG] matplotlib.backends.backend_pdf: Embedding font /home/tianyu/anaconda3/envs/DeepADoTS/lib/python3.7/site-packages/matplotlib/mpl-data/fonts/ttf/DejaVuSans.ttf.
2021-12-06 12:16:35 [DEBUG] matplotlib.backends.backend_pdf: Writing TrueType font.
2021-12-06 12:16:35 [INFO] src.evaluation.evaluator: Stored plot at reports/experiments/variance_1/intensity/figures/barchart_auc_for_Syn Variance Outliers (extremeness=0.25)_1_runs-1-10-2021-12-06-121635.pdf
2021-12-06 12:16:35 [DEBUG] matplotlib.backends.backend_pdf: Assigning font /b'F1' = '/home/tianyu/anaconda3/envs/DeepADoTS/lib/python3.7/site-packages/matplotlib/mpl-data/fonts/ttf/DejaVuSans.ttf'
2021-12-06 12:16:35 [DEBUG] matplotlib.backends.backend_pdf: Embedding font /home/tianyu/anaconda3/envs/DeepADoTS/lib/python3.7/site-packages/matplotlib/mpl-data/fonts/ttf/DejaVuSans.ttf.
2021-12-06 12:16:35 [DEBUG] matplotlib.backends.backend_pdf: Writing TrueType font.
2021-12-06 12:16:35 [INFO] src.evaluation.evaluator: Stored plot at reports/experiments/variance_1/intensity/figures/barchart_auc_for_Syn Variance Outliers (extremeness=0.125)_1_runs-1-10-2021-12-06-121635.pdf
2021-12-06 12:16:35 [DEBUG] matplotlib.backends.backend_pdf: Assigning font /b'F1' = '/home/tianyu/anaconda3/envs/DeepADoTS/lib/python3.7/site-packages/matplotlib/mpl-data/fonts/ttf/DejaVuSans.ttf'
2021-12-06 12:16:35 [DEBUG] matplotlib.backends.backend_pdf: Embedding font /home/tianyu/anaconda3/envs/DeepADoTS/lib/python3.7/site-packages/matplotlib/mpl-data/fonts/ttf/DejaVuSans.ttf.
2021-12-06 12:16:35 [DEBUG] matplotlib.backends.backend_pdf: Writing TrueType font.
2021-12-06 12:16:35 [INFO] src.evaluation.evaluator: Stored plot at reports/experiments/variance_1/intensity/figures/barchart_auc_for_Syn Variance Outliers (extremeness=0.0625)_1_runs-1-10-2021-12-06-121635.pdf
2021-12-06 12:16:35 [DEBUG] matplotlib.backends.backend_pdf: Assigning font /b'F1' = '/home/tianyu/anaconda3/envs/DeepADoTS/lib/python3.7/site-packages/matplotlib/mpl-data/fonts/ttf/DejaVuSans.ttf'
2021-12-06 12:16:35 [DEBUG] matplotlib.backends.backend_pdf: Embedding font /home/tianyu/anaconda3/envs/DeepADoTS/lib/python3.7/site-packages/matplotlib/mpl-data/fonts/ttf/DejaVuSans.ttf.
2021-12-06 12:16:35 [DEBUG] matplotlib.backends.backend_pdf: Writing TrueType font.
2021-12-06 12:16:35 [INFO] src.evaluation.evaluator: Stored plot at reports/experiments/variance_1/intensity/figures/barchart_auc_for_Syn Variance Outliers (extremeness=0.03125)_1_runs-1-10-2021-12-06-121635.pdf
2021-12-06 12:16:36 [DEBUG] matplotlib.backends.backend_pdf: Assigning font /b'F1' = '/home/tianyu/anaconda3/envs/DeepADoTS/lib/python3.7/site-packages/matplotlib/mpl-data/fonts/ttf/DejaVuSans.ttf'
2021-12-06 12:16:36 [DEBUG] matplotlib.backends.backend_pdf: Embedding font /home/tianyu/anaconda3/envs/DeepADoTS/lib/python3.7/site-packages/matplotlib/mpl-data/fonts/ttf/DejaVuSans.ttf.
2021-12-06 12:16:36 [DEBUG] matplotlib.backends.backend_pdf: Writing TrueType font.
2021-12-06 12:16:36 [INFO] src.evaluation.evaluator: Stored plot at reports/experiments/variance_1/intensity/figures/auroc-1-10-2021-12-06-121636.pdf
2021-12-06 12:16:37 [DEBUG] matplotlib.backends.backend_pdf: Assigning font /b'F1' = '/home/tianyu/anaconda3/envs/DeepADoTS/lib/python3.7/site-packages/matplotlib/mpl-data/fonts/ttf/DejaVuSans.ttf'
2021-12-06 12:16:37 [DEBUG] matplotlib.backends.backend_pdf: Embedding font /home/tianyu/anaconda3/envs/DeepADoTS/lib/python3.7/site-packages/matplotlib/mpl-data/fonts/ttf/DejaVuSans.ttf.
2021-12-06 12:16:37 [DEBUG] matplotlib.backends.backend_pdf: Writing TrueType font.
2021-12-06 12:16:38 [INFO] src.evaluation.evaluator: Stored plot at reports/experiments/variance_1/intensity/figures/seed-22726272/metrics_by_thresholds-1-10-2021-12-06-121637.pdf
2021-12-06 12:16:38 [DEBUG] matplotlib.backends.backend_pdf: Assigning font /b'F1' = '/home/tianyu/anaconda3/envs/DeepADoTS/lib/python3.7/site-packages/matplotlib/mpl-data/fonts/ttf/DejaVuSans.ttf'
2021-12-06 12:16:38 [DEBUG] matplotlib.backends.backend_pdf: Embedding font /home/tianyu/anaconda3/envs/DeepADoTS/lib/python3.7/site-packages/matplotlib/mpl-data/fonts/ttf/DejaVuSans.ttf.
2021-12-06 12:16:38 [DEBUG] matplotlib.backends.backend_pdf: Writing TrueType font.
2021-12-06 12:16:38 [INFO] src.evaluation.evaluator: Stored plot at reports/experiments/variance_1/intensity/figures/seed-22726272/scores_Syn Variance Outliers (extremeness=16.0)-1-10-2021-12-06-121638.pdf
2021-12-06 12:16:39 [DEBUG] matplotlib.backends.backend_pdf: Assigning font /b'F1' = '/home/tianyu/anaconda3/envs/DeepADoTS/lib/python3.7/site-packages/matplotlib/mpl-data/fonts/ttf/DejaVuSans.ttf'
2021-12-06 12:16:39 [DEBUG] matplotlib.backends.backend_pdf: Embedding font /home/tianyu/anaconda3/envs/DeepADoTS/lib/python3.7/site-packages/matplotlib/mpl-data/fonts/ttf/DejaVuSans.ttf.
2021-12-06 12:16:39 [DEBUG] matplotlib.backends.backend_pdf: Writing TrueType font.
2021-12-06 12:16:39 [INFO] src.evaluation.evaluator: Stored plot at reports/experiments/variance_1/intensity/figures/seed-22726272/scores_Syn Variance Outliers (extremeness=8.0)-1-10-2021-12-06-121639.pdf
2021-12-06 12:16:39 [DEBUG] matplotlib.backends.backend_pdf: Assigning font /b'F1' = '/home/tianyu/anaconda3/envs/DeepADoTS/lib/python3.7/site-packages/matplotlib/mpl-data/fonts/ttf/DejaVuSans.ttf'
2021-12-06 12:16:39 [DEBUG] matplotlib.backends.backend_pdf: Embedding font /home/tianyu/anaconda3/envs/DeepADoTS/lib/python3.7/site-packages/matplotlib/mpl-data/fonts/ttf/DejaVuSans.ttf.
2021-12-06 12:16:39 [DEBUG] matplotlib.backends.backend_pdf: Writing TrueType font.
2021-12-06 12:16:39 [INFO] src.evaluation.evaluator: Stored plot at reports/experiments/variance_1/intensity/figures/seed-22726272/scores_Syn Variance Outliers (extremeness=4.0)-1-10-2021-12-06-121639.pdf
2021-12-06 12:16:40 [DEBUG] matplotlib.backends.backend_pdf: Assigning font /b'F1' = '/home/tianyu/anaconda3/envs/DeepADoTS/lib/python3.7/site-packages/matplotlib/mpl-data/fonts/ttf/DejaVuSans.ttf'
2021-12-06 12:16:40 [DEBUG] matplotlib.backends.backend_pdf: Embedding font /home/tianyu/anaconda3/envs/DeepADoTS/lib/python3.7/site-packages/matplotlib/mpl-data/fonts/ttf/DejaVuSans.ttf.
2021-12-06 12:16:40 [DEBUG] matplotlib.backends.backend_pdf: Writing TrueType font.
2021-12-06 12:16:40 [INFO] src.evaluation.evaluator: Stored plot at reports/experiments/variance_1/intensity/figures/seed-22726272/scores_Syn Variance Outliers (extremeness=2.0)-1-10-2021-12-06-121640.pdf
2021-12-06 12:16:40 [DEBUG] matplotlib.backends.backend_pdf: Assigning font /b'F1' = '/home/tianyu/anaconda3/envs/DeepADoTS/lib/python3.7/site-packages/matplotlib/mpl-data/fonts/ttf/DejaVuSans.ttf'
2021-12-06 12:16:40 [DEBUG] matplotlib.backends.backend_pdf: Embedding font /home/tianyu/anaconda3/envs/DeepADoTS/lib/python3.7/site-packages/matplotlib/mpl-data/fonts/ttf/DejaVuSans.ttf.
2021-12-06 12:16:40 [DEBUG] matplotlib.backends.backend_pdf: Writing TrueType font.
2021-12-06 12:16:40 [INFO] src.evaluation.evaluator: Stored plot at reports/experiments/variance_1/intensity/figures/seed-22726272/scores_Syn Variance Outliers (extremeness=1.0)-1-10-2021-12-06-121640.pdf
2021-12-06 12:16:40 [DEBUG] matplotlib.backends.backend_pdf: Assigning font /b'F1' = '/home/tianyu/anaconda3/envs/DeepADoTS/lib/python3.7/site-packages/matplotlib/mpl-data/fonts/ttf/DejaVuSans.ttf'
2021-12-06 12:16:41 [DEBUG] matplotlib.backends.backend_pdf: Embedding font /home/tianyu/anaconda3/envs/DeepADoTS/lib/python3.7/site-packages/matplotlib/mpl-data/fonts/ttf/DejaVuSans.ttf.
2021-12-06 12:16:41 [DEBUG] matplotlib.backends.backend_pdf: Writing TrueType font.
2021-12-06 12:16:41 [INFO] src.evaluation.evaluator: Stored plot at reports/experiments/variance_1/intensity/figures/seed-22726272/scores_Syn Variance Outliers (extremeness=0.5)-1-10-2021-12-06-121640.pdf
2021-12-06 12:16:41 [DEBUG] matplotlib.backends.backend_pdf: Assigning font /b'F1' = '/home/tianyu/anaconda3/envs/DeepADoTS/lib/python3.7/site-packages/matplotlib/mpl-data/fonts/ttf/DejaVuSans.ttf'
2021-12-06 12:16:41 [DEBUG] matplotlib.backends.backend_pdf: Embedding font /home/tianyu/anaconda3/envs/DeepADoTS/lib/python3.7/site-packages/matplotlib/mpl-data/fonts/ttf/DejaVuSans.ttf.
2021-12-06 12:16:41 [DEBUG] matplotlib.backends.backend_pdf: Writing TrueType font.
2021-12-06 12:16:41 [INFO] src.evaluation.evaluator: Stored plot at reports/experiments/variance_1/intensity/figures/seed-22726272/scores_Syn Variance Outliers (extremeness=0.25)-1-10-2021-12-06-121641.pdf
2021-12-06 12:16:41 [DEBUG] matplotlib.backends.backend_pdf: Assigning font /b'F1' = '/home/tianyu/anaconda3/envs/DeepADoTS/lib/python3.7/site-packages/matplotlib/mpl-data/fonts/ttf/DejaVuSans.ttf'
2021-12-06 12:16:41 [DEBUG] matplotlib.backends.backend_pdf: Embedding font /home/tianyu/anaconda3/envs/DeepADoTS/lib/python3.7/site-packages/matplotlib/mpl-data/fonts/ttf/DejaVuSans.ttf.
2021-12-06 12:16:41 [DEBUG] matplotlib.backends.backend_pdf: Writing TrueType font.
2021-12-06 12:16:41 [INFO] src.evaluation.evaluator: Stored plot at reports/experiments/variance_1/intensity/figures/seed-22726272/scores_Syn Variance Outliers (extremeness=0.125)-1-10-2021-12-06-121641.pdf
2021-12-06 12:16:42 [DEBUG] matplotlib.backends.backend_pdf: Assigning font /b'F1' = '/home/tianyu/anaconda3/envs/DeepADoTS/lib/python3.7/site-packages/matplotlib/mpl-data/fonts/ttf/DejaVuSans.ttf'
2021-12-06 12:16:42 [DEBUG] matplotlib.backends.backend_pdf: Embedding font /home/tianyu/anaconda3/envs/DeepADoTS/lib/python3.7/site-packages/matplotlib/mpl-data/fonts/ttf/DejaVuSans.ttf.
2021-12-06 12:16:42 [DEBUG] matplotlib.backends.backend_pdf: Writing TrueType font.
2021-12-06 12:16:42 [INFO] src.evaluation.evaluator: Stored plot at reports/experiments/variance_1/intensity/figures/seed-22726272/scores_Syn Variance Outliers (extremeness=0.0625)-1-10-2021-12-06-121642.pdf
2021-12-06 12:16:42 [DEBUG] matplotlib.backends.backend_pdf: Assigning font /b'F1' = '/home/tianyu/anaconda3/envs/DeepADoTS/lib/python3.7/site-packages/matplotlib/mpl-data/fonts/ttf/DejaVuSans.ttf'
2021-12-06 12:16:42 [DEBUG] matplotlib.backends.backend_pdf: Embedding font /home/tianyu/anaconda3/envs/DeepADoTS/lib/python3.7/site-packages/matplotlib/mpl-data/fonts/ttf/DejaVuSans.ttf.
2021-12-06 12:16:42 [DEBUG] matplotlib.backends.backend_pdf: Writing TrueType font.
2021-12-06 12:16:42 [INFO] src.evaluation.evaluator: Stored plot at reports/experiments/variance_1/intensity/figures/seed-22726272/scores_Syn Variance Outliers (extremeness=0.03125)-1-10-2021-12-06-121642.pdf
2021-12-06 12:16:42 [INFO] src.evaluation.evaluator: Plotting ROC curve for LSTM-ED on Syn Variance Outliers (extremeness=16.0)
2021-12-06 12:16:42 [DEBUG] matplotlib.backends.backend_pdf: Assigning font /b'F1' = '/home/tianyu/anaconda3/envs/DeepADoTS/lib/python3.7/site-packages/matplotlib/mpl-data/fonts/ttf/DejaVuSans.ttf'
2021-12-06 12:16:42 [DEBUG] matplotlib.backends.backend_pdf: Embedding font /home/tianyu/anaconda3/envs/DeepADoTS/lib/python3.7/site-packages/matplotlib/mpl-data/fonts/ttf/DejaVuSans.ttf.
2021-12-06 12:16:42 [DEBUG] matplotlib.backends.backend_pdf: Writing TrueType font.
2021-12-06 12:16:42 [INFO] src.evaluation.evaluator: Stored plot at reports/experiments/variance_1/intensity/figures/seed-22726272/roc_Syn Variance Outliers (extremeness=16.0)-1-10-2021-12-06-121642.pdf
2021-12-06 12:16:42 [INFO] src.evaluation.evaluator: Plotting ROC curve for LSTM-ED on Syn Variance Outliers (extremeness=8.0)
2021-12-06 12:16:42 [DEBUG] matplotlib.backends.backend_pdf: Assigning font /b'F1' = '/home/tianyu/anaconda3/envs/DeepADoTS/lib/python3.7/site-packages/matplotlib/mpl-data/fonts/ttf/DejaVuSans.ttf'
2021-12-06 12:16:42 [DEBUG] matplotlib.backends.backend_pdf: Embedding font /home/tianyu/anaconda3/envs/DeepADoTS/lib/python3.7/site-packages/matplotlib/mpl-data/fonts/ttf/DejaVuSans.ttf.
2021-12-06 12:16:42 [DEBUG] matplotlib.backends.backend_pdf: Writing TrueType font.
2021-12-06 12:16:42 [INFO] src.evaluation.evaluator: Stored plot at reports/experiments/variance_1/intensity/figures/seed-22726272/roc_Syn Variance Outliers (extremeness=8.0)-1-10-2021-12-06-121642.pdf
2021-12-06 12:16:42 [INFO] src.evaluation.evaluator: Plotting ROC curve for LSTM-ED on Syn Variance Outliers (extremeness=4.0)
2021-12-06 12:16:43 [DEBUG] matplotlib.backends.backend_pdf: Assigning font /b'F1' = '/home/tianyu/anaconda3/envs/DeepADoTS/lib/python3.7/site-packages/matplotlib/mpl-data/fonts/ttf/DejaVuSans.ttf'
2021-12-06 12:16:43 [DEBUG] matplotlib.backends.backend_pdf: Embedding font /home/tianyu/anaconda3/envs/DeepADoTS/lib/python3.7/site-packages/matplotlib/mpl-data/fonts/ttf/DejaVuSans.ttf.
2021-12-06 12:16:43 [DEBUG] matplotlib.backends.backend_pdf: Writing TrueType font.
2021-12-06 12:16:43 [INFO] src.evaluation.evaluator: Stored plot at reports/experiments/variance_1/intensity/figures/seed-22726272/roc_Syn Variance Outliers (extremeness=4.0)-1-10-2021-12-06-121643.pdf
2021-12-06 12:16:43 [INFO] src.evaluation.evaluator: Plotting ROC curve for LSTM-ED on Syn Variance Outliers (extremeness=2.0)
2021-12-06 12:16:43 [DEBUG] matplotlib.backends.backend_pdf: Assigning font /b'F1' = '/home/tianyu/anaconda3/envs/DeepADoTS/lib/python3.7/site-packages/matplotlib/mpl-data/fonts/ttf/DejaVuSans.ttf'
2021-12-06 12:16:43 [DEBUG] matplotlib.backends.backend_pdf: Embedding font /home/tianyu/anaconda3/envs/DeepADoTS/lib/python3.7/site-packages/matplotlib/mpl-data/fonts/ttf/DejaVuSans.ttf.
2021-12-06 12:16:43 [DEBUG] matplotlib.backends.backend_pdf: Writing TrueType font.
2021-12-06 12:16:43 [INFO] src.evaluation.evaluator: Stored plot at reports/experiments/variance_1/intensity/figures/seed-22726272/roc_Syn Variance Outliers (extremeness=2.0)-1-10-2021-12-06-121643.pdf
2021-12-06 12:16:43 [INFO] src.evaluation.evaluator: Plotting ROC curve for LSTM-ED on Syn Variance Outliers (extremeness=1.0)
2021-12-06 12:16:43 [DEBUG] matplotlib.backends.backend_pdf: Assigning font /b'F1' = '/home/tianyu/anaconda3/envs/DeepADoTS/lib/python3.7/site-packages/matplotlib/mpl-data/fonts/ttf/DejaVuSans.ttf'
2021-12-06 12:16:43 [DEBUG] matplotlib.backends.backend_pdf: Embedding font /home/tianyu/anaconda3/envs/DeepADoTS/lib/python3.7/site-packages/matplotlib/mpl-data/fonts/ttf/DejaVuSans.ttf.
2021-12-06 12:16:43 [DEBUG] matplotlib.backends.backend_pdf: Writing TrueType font.
2021-12-06 12:16:43 [INFO] src.evaluation.evaluator: Stored plot at reports/experiments/variance_1/intensity/figures/seed-22726272/roc_Syn Variance Outliers (extremeness=1.0)-1-10-2021-12-06-121643.pdf
2021-12-06 12:16:43 [INFO] src.evaluation.evaluator: Plotting ROC curve for LSTM-ED on Syn Variance Outliers (extremeness=0.5)
2021-12-06 12:16:43 [DEBUG] matplotlib.backends.backend_pdf: Assigning font /b'F1' = '/home/tianyu/anaconda3/envs/DeepADoTS/lib/python3.7/site-packages/matplotlib/mpl-data/fonts/ttf/DejaVuSans.ttf'
2021-12-06 12:16:43 [DEBUG] matplotlib.backends.backend_pdf: Embedding font /home/tianyu/anaconda3/envs/DeepADoTS/lib/python3.7/site-packages/matplotlib/mpl-data/fonts/ttf/DejaVuSans.ttf.
2021-12-06 12:16:43 [DEBUG] matplotlib.backends.backend_pdf: Writing TrueType font.
2021-12-06 12:16:43 [INFO] src.evaluation.evaluator: Stored plot at reports/experiments/variance_1/intensity/figures/seed-22726272/roc_Syn Variance Outliers (extremeness=0.5)-1-10-2021-12-06-121643.pdf
2021-12-06 12:16:43 [INFO] src.evaluation.evaluator: Plotting ROC curve for LSTM-ED on Syn Variance Outliers (extremeness=0.25)
2021-12-06 12:16:43 [DEBUG] matplotlib.backends.backend_pdf: Assigning font /b'F1' = '/home/tianyu/anaconda3/envs/DeepADoTS/lib/python3.7/site-packages/matplotlib/mpl-data/fonts/ttf/DejaVuSans.ttf'
2021-12-06 12:16:43 [DEBUG] matplotlib.backends.backend_pdf: Embedding font /home/tianyu/anaconda3/envs/DeepADoTS/lib/python3.7/site-packages/matplotlib/mpl-data/fonts/ttf/DejaVuSans.ttf.
2021-12-06 12:16:43 [DEBUG] matplotlib.backends.backend_pdf: Writing TrueType font.
2021-12-06 12:16:43 [INFO] src.evaluation.evaluator: Stored plot at reports/experiments/variance_1/intensity/figures/seed-22726272/roc_Syn Variance Outliers (extremeness=0.25)-1-10-2021-12-06-121643.pdf
2021-12-06 12:16:43 [INFO] src.evaluation.evaluator: Plotting ROC curve for LSTM-ED on Syn Variance Outliers (extremeness=0.125)
2021-12-06 12:16:43 [DEBUG] matplotlib.backends.backend_pdf: Assigning font /b'F1' = '/home/tianyu/anaconda3/envs/DeepADoTS/lib/python3.7/site-packages/matplotlib/mpl-data/fonts/ttf/DejaVuSans.ttf'
2021-12-06 12:16:43 [DEBUG] matplotlib.backends.backend_pdf: Embedding font /home/tianyu/anaconda3/envs/DeepADoTS/lib/python3.7/site-packages/matplotlib/mpl-data/fonts/ttf/DejaVuSans.ttf.
2021-12-06 12:16:43 [DEBUG] matplotlib.backends.backend_pdf: Writing TrueType font.
2021-12-06 12:16:43 [INFO] src.evaluation.evaluator: Stored plot at reports/experiments/variance_1/intensity/figures/seed-22726272/roc_Syn Variance Outliers (extremeness=0.125)-1-10-2021-12-06-121643.pdf
2021-12-06 12:16:43 [INFO] src.evaluation.evaluator: Plotting ROC curve for LSTM-ED on Syn Variance Outliers (extremeness=0.0625)
2021-12-06 12:16:43 [DEBUG] matplotlib.backends.backend_pdf: Assigning font /b'F1' = '/home/tianyu/anaconda3/envs/DeepADoTS/lib/python3.7/site-packages/matplotlib/mpl-data/fonts/ttf/DejaVuSans.ttf'
2021-12-06 12:16:43 [DEBUG] matplotlib.backends.backend_pdf: Embedding font /home/tianyu/anaconda3/envs/DeepADoTS/lib/python3.7/site-packages/matplotlib/mpl-data/fonts/ttf/DejaVuSans.ttf.
2021-12-06 12:16:43 [DEBUG] matplotlib.backends.backend_pdf: Writing TrueType font.
2021-12-06 12:16:43 [INFO] src.evaluation.evaluator: Stored plot at reports/experiments/variance_1/intensity/figures/seed-22726272/roc_Syn Variance Outliers (extremeness=0.0625)-1-10-2021-12-06-121643.pdf
2021-12-06 12:16:43 [INFO] src.evaluation.evaluator: Plotting ROC curve for LSTM-ED on Syn Variance Outliers (extremeness=0.03125)
2021-12-06 12:16:43 [DEBUG] matplotlib.backends.backend_pdf: Assigning font /b'F1' = '/home/tianyu/anaconda3/envs/DeepADoTS/lib/python3.7/site-packages/matplotlib/mpl-data/fonts/ttf/DejaVuSans.ttf'
2021-12-06 12:16:43 [DEBUG] matplotlib.backends.backend_pdf: Embedding font /home/tianyu/anaconda3/envs/DeepADoTS/lib/python3.7/site-packages/matplotlib/mpl-data/fonts/ttf/DejaVuSans.ttf.
2021-12-06 12:16:43 [DEBUG] matplotlib.backends.backend_pdf: Writing TrueType font.
2021-12-06 12:16:43 [INFO] src.evaluation.evaluator: Stored plot at reports/experiments/variance_1/intensity/figures/seed-22726272/roc_Syn Variance Outliers (extremeness=0.03125)-1-10-2021-12-06-121643.pdf
