2021-12-06 21:02:14 [DEBUG] src.evaluation.config: Logger initialized
2021-12-06 21:02:14 [INFO] src.evaluation.evaluator: Training LSTM-ED on Syn Variance Outliers (extremeness=16.0) with seed 1206099335
2021-12-06 21:02:14 [DEBUG] root: Epoch 1/40.
2021-12-06 21:02:16 [DEBUG] root: Epoch 2/40.
2021-12-06 21:02:17 [DEBUG] root: Epoch 3/40.
2021-12-06 21:02:18 [DEBUG] root: Epoch 4/40.
2021-12-06 21:02:19 [DEBUG] root: Epoch 5/40.
2021-12-06 21:02:20 [DEBUG] root: Epoch 6/40.
2021-12-06 21:02:22 [DEBUG] root: Epoch 7/40.
2021-12-06 21:02:23 [DEBUG] root: Epoch 8/40.
2021-12-06 21:02:24 [DEBUG] root: Epoch 9/40.
2021-12-06 21:02:25 [DEBUG] root: Epoch 10/40.
2021-12-06 21:02:26 [DEBUG] root: Epoch 11/40.
2021-12-06 21:02:27 [DEBUG] root: Epoch 12/40.
2021-12-06 21:02:28 [DEBUG] root: Epoch 13/40.
2021-12-06 21:02:30 [DEBUG] root: Epoch 14/40.
2021-12-06 21:02:31 [DEBUG] root: Epoch 15/40.
2021-12-06 21:02:32 [DEBUG] root: Epoch 16/40.
2021-12-06 21:02:34 [DEBUG] root: Epoch 17/40.
2021-12-06 21:02:36 [DEBUG] root: Epoch 18/40.
2021-12-06 21:02:37 [DEBUG] root: Epoch 19/40.
2021-12-06 21:02:38 [DEBUG] root: Epoch 20/40.
2021-12-06 21:02:39 [DEBUG] root: Epoch 21/40.
2021-12-06 21:02:41 [DEBUG] root: Epoch 22/40.
2021-12-06 21:02:42 [DEBUG] root: Epoch 23/40.
2021-12-06 21:02:43 [DEBUG] root: Epoch 24/40.
2021-12-06 21:02:44 [DEBUG] root: Epoch 25/40.
2021-12-06 21:02:45 [DEBUG] root: Epoch 26/40.
2021-12-06 21:02:47 [DEBUG] root: Epoch 27/40.
2021-12-06 21:02:48 [DEBUG] root: Epoch 28/40.
2021-12-06 21:02:49 [DEBUG] root: Epoch 29/40.
2021-12-06 21:02:50 [DEBUG] root: Epoch 30/40.
2021-12-06 21:02:51 [DEBUG] root: Epoch 31/40.
2021-12-06 21:02:53 [DEBUG] root: Epoch 32/40.
2021-12-06 21:02:54 [DEBUG] root: Epoch 33/40.
2021-12-06 21:02:55 [DEBUG] root: Epoch 34/40.
2021-12-06 21:02:57 [DEBUG] root: Epoch 35/40.
2021-12-06 21:02:58 [DEBUG] root: Epoch 36/40.
2021-12-06 21:03:00 [DEBUG] root: Epoch 37/40.
2021-12-06 21:03:01 [DEBUG] root: Epoch 38/40.
2021-12-06 21:03:02 [DEBUG] root: Epoch 39/40.
2021-12-06 21:03:04 [DEBUG] root: Epoch 40/40.
2021-12-06 21:03:06 [DEBUG] matplotlib.backends.backend_pdf: Assigning font /b'F1' = '/home/tianyu/anaconda3/envs/DeepADoTS/lib/python3.7/site-packages/matplotlib/mpl-data/fonts/ttf/DejaVuSans.ttf'
2021-12-06 21:03:06 [DEBUG] matplotlib.backends.backend_pdf: Embedding font /home/tianyu/anaconda3/envs/DeepADoTS/lib/python3.7/site-packages/matplotlib/mpl-data/fonts/ttf/DejaVuSans.ttf.
2021-12-06 21:03:06 [DEBUG] matplotlib.backends.backend_pdf: Writing TrueType font.
2021-12-06 21:03:06 [INFO] src.evaluation.evaluator: Stored plot at reports/experiments/variance_1/intensity/figures/seed-1206099335/details_LSTM-ED_Syn Variance Outliers (extremeness=16.0)-1-10-2021-12-06-210306.pdf
2021-12-06 21:03:06 [INFO] src.evaluation.evaluator: Training LSTM-ED on Syn Variance Outliers (extremeness=8.0) with seed 1206099335
2021-12-06 21:03:06 [DEBUG] root: Epoch 1/40.
2021-12-06 21:03:07 [DEBUG] root: Epoch 2/40.
2021-12-06 21:03:09 [DEBUG] root: Epoch 3/40.
2021-12-06 21:03:10 [DEBUG] root: Epoch 4/40.
2021-12-06 21:03:11 [DEBUG] root: Epoch 5/40.
2021-12-06 21:03:12 [DEBUG] root: Epoch 6/40.
2021-12-06 21:03:14 [DEBUG] root: Epoch 7/40.
2021-12-06 21:03:15 [DEBUG] root: Epoch 8/40.
2021-12-06 21:03:16 [DEBUG] root: Epoch 9/40.
2021-12-06 21:03:17 [DEBUG] root: Epoch 10/40.
2021-12-06 21:03:19 [DEBUG] root: Epoch 11/40.
2021-12-06 21:03:20 [DEBUG] root: Epoch 12/40.
2021-12-06 21:03:21 [DEBUG] root: Epoch 13/40.
2021-12-06 21:03:22 [DEBUG] root: Epoch 14/40.
2021-12-06 21:03:24 [DEBUG] root: Epoch 15/40.
2021-12-06 21:03:25 [DEBUG] root: Epoch 16/40.
2021-12-06 21:03:26 [DEBUG] root: Epoch 17/40.
2021-12-06 21:03:28 [DEBUG] root: Epoch 18/40.
2021-12-06 21:03:29 [DEBUG] root: Epoch 19/40.
2021-12-06 21:03:30 [DEBUG] root: Epoch 20/40.
2021-12-06 21:03:32 [DEBUG] root: Epoch 21/40.
2021-12-06 21:03:33 [DEBUG] root: Epoch 22/40.
2021-12-06 21:03:34 [DEBUG] root: Epoch 23/40.
2021-12-06 21:03:36 [DEBUG] root: Epoch 24/40.
2021-12-06 21:03:38 [DEBUG] root: Epoch 25/40.
2021-12-06 21:03:40 [DEBUG] root: Epoch 26/40.
2021-12-06 21:03:41 [DEBUG] root: Epoch 27/40.
2021-12-06 21:03:42 [DEBUG] root: Epoch 28/40.
2021-12-06 21:03:43 [DEBUG] root: Epoch 29/40.
2021-12-06 21:03:45 [DEBUG] root: Epoch 30/40.
2021-12-06 21:03:46 [DEBUG] root: Epoch 31/40.
2021-12-06 21:03:47 [DEBUG] root: Epoch 32/40.
2021-12-06 21:03:49 [DEBUG] root: Epoch 33/40.
2021-12-06 21:03:50 [DEBUG] root: Epoch 34/40.
2021-12-06 21:03:52 [DEBUG] root: Epoch 35/40.
2021-12-06 21:03:53 [DEBUG] root: Epoch 36/40.
2021-12-06 21:03:55 [DEBUG] root: Epoch 37/40.
2021-12-06 21:03:56 [DEBUG] root: Epoch 38/40.
2021-12-06 21:03:57 [DEBUG] root: Epoch 39/40.
2021-12-06 21:03:59 [DEBUG] root: Epoch 40/40.
2021-12-06 21:04:01 [DEBUG] matplotlib.backends.backend_pdf: Assigning font /b'F1' = '/home/tianyu/anaconda3/envs/DeepADoTS/lib/python3.7/site-packages/matplotlib/mpl-data/fonts/ttf/DejaVuSans.ttf'
2021-12-06 21:04:02 [DEBUG] matplotlib.backends.backend_pdf: Embedding font /home/tianyu/anaconda3/envs/DeepADoTS/lib/python3.7/site-packages/matplotlib/mpl-data/fonts/ttf/DejaVuSans.ttf.
2021-12-06 21:04:02 [DEBUG] matplotlib.backends.backend_pdf: Writing TrueType font.
2021-12-06 21:04:02 [INFO] src.evaluation.evaluator: Stored plot at reports/experiments/variance_1/intensity/figures/seed-1206099335/details_LSTM-ED_Syn Variance Outliers (extremeness=8.0)-1-10-2021-12-06-210401.pdf
2021-12-06 21:04:02 [INFO] src.evaluation.evaluator: Training LSTM-ED on Syn Variance Outliers (extremeness=4.0) with seed 1206099335
2021-12-06 21:04:02 [DEBUG] root: Epoch 1/40.
2021-12-06 21:04:03 [DEBUG] root: Epoch 2/40.
2021-12-06 21:04:04 [DEBUG] root: Epoch 3/40.
2021-12-06 21:04:06 [DEBUG] root: Epoch 4/40.
2021-12-06 21:04:07 [DEBUG] root: Epoch 5/40.
2021-12-06 21:04:09 [DEBUG] root: Epoch 6/40.
2021-12-06 21:04:10 [DEBUG] root: Epoch 7/40.
2021-12-06 21:04:11 [DEBUG] root: Epoch 8/40.
2021-12-06 21:04:13 [DEBUG] root: Epoch 9/40.
2021-12-06 21:04:14 [DEBUG] root: Epoch 10/40.
2021-12-06 21:04:16 [DEBUG] root: Epoch 11/40.
2021-12-06 21:04:17 [DEBUG] root: Epoch 12/40.
2021-12-06 21:04:18 [DEBUG] root: Epoch 13/40.
2021-12-06 21:04:20 [DEBUG] root: Epoch 14/40.
2021-12-06 21:04:21 [DEBUG] root: Epoch 15/40.
2021-12-06 21:04:23 [DEBUG] root: Epoch 16/40.
2021-12-06 21:04:24 [DEBUG] root: Epoch 17/40.
2021-12-06 21:04:26 [DEBUG] root: Epoch 18/40.
2021-12-06 21:04:27 [DEBUG] root: Epoch 19/40.
2021-12-06 21:04:29 [DEBUG] root: Epoch 20/40.
2021-12-06 21:04:30 [DEBUG] root: Epoch 21/40.
2021-12-06 21:04:31 [DEBUG] root: Epoch 22/40.
2021-12-06 21:04:33 [DEBUG] root: Epoch 23/40.
2021-12-06 21:04:34 [DEBUG] root: Epoch 24/40.
2021-12-06 21:04:36 [DEBUG] root: Epoch 25/40.
2021-12-06 21:04:37 [DEBUG] root: Epoch 26/40.
2021-12-06 21:04:38 [DEBUG] root: Epoch 27/40.
2021-12-06 21:04:40 [DEBUG] root: Epoch 28/40.
2021-12-06 21:04:41 [DEBUG] root: Epoch 29/40.
2021-12-06 21:04:42 [DEBUG] root: Epoch 30/40.
2021-12-06 21:04:43 [DEBUG] root: Epoch 31/40.
2021-12-06 21:04:45 [DEBUG] root: Epoch 32/40.
2021-12-06 21:04:46 [DEBUG] root: Epoch 33/40.
2021-12-06 21:04:47 [DEBUG] root: Epoch 34/40.
2021-12-06 21:04:48 [DEBUG] root: Epoch 35/40.
2021-12-06 21:04:50 [DEBUG] root: Epoch 36/40.
2021-12-06 21:04:51 [DEBUG] root: Epoch 37/40.
2021-12-06 21:04:52 [DEBUG] root: Epoch 38/40.
2021-12-06 21:04:53 [DEBUG] root: Epoch 39/40.
2021-12-06 21:04:55 [DEBUG] root: Epoch 40/40.
2021-12-06 21:04:57 [DEBUG] matplotlib.backends.backend_pdf: Assigning font /b'F1' = '/home/tianyu/anaconda3/envs/DeepADoTS/lib/python3.7/site-packages/matplotlib/mpl-data/fonts/ttf/DejaVuSans.ttf'
2021-12-06 21:04:57 [DEBUG] matplotlib.backends.backend_pdf: Embedding font /home/tianyu/anaconda3/envs/DeepADoTS/lib/python3.7/site-packages/matplotlib/mpl-data/fonts/ttf/DejaVuSans.ttf.
2021-12-06 21:04:57 [DEBUG] matplotlib.backends.backend_pdf: Writing TrueType font.
2021-12-06 21:04:57 [INFO] src.evaluation.evaluator: Stored plot at reports/experiments/variance_1/intensity/figures/seed-1206099335/details_LSTM-ED_Syn Variance Outliers (extremeness=4.0)-1-10-2021-12-06-210457.pdf
2021-12-06 21:04:57 [INFO] src.evaluation.evaluator: Training LSTM-ED on Syn Variance Outliers (extremeness=2.0) with seed 1206099335
2021-12-06 21:04:57 [DEBUG] root: Epoch 1/40.
2021-12-06 21:04:59 [DEBUG] root: Epoch 2/40.
2021-12-06 21:05:00 [DEBUG] root: Epoch 3/40.
2021-12-06 21:05:01 [DEBUG] root: Epoch 4/40.
2021-12-06 21:05:02 [DEBUG] root: Epoch 5/40.
2021-12-06 21:05:04 [DEBUG] root: Epoch 6/40.
2021-12-06 21:05:05 [DEBUG] root: Epoch 7/40.
2021-12-06 21:05:06 [DEBUG] root: Epoch 8/40.
2021-12-06 21:05:07 [DEBUG] root: Epoch 9/40.
2021-12-06 21:05:09 [DEBUG] root: Epoch 10/40.
2021-12-06 21:05:10 [DEBUG] root: Epoch 11/40.
2021-12-06 21:05:11 [DEBUG] root: Epoch 12/40.
2021-12-06 21:05:13 [DEBUG] root: Epoch 13/40.
2021-12-06 21:05:14 [DEBUG] root: Epoch 14/40.
2021-12-06 21:05:15 [DEBUG] root: Epoch 15/40.
2021-12-06 21:05:16 [DEBUG] root: Epoch 16/40.
2021-12-06 21:05:18 [DEBUG] root: Epoch 17/40.
2021-12-06 21:05:19 [DEBUG] root: Epoch 18/40.
2021-12-06 21:05:20 [DEBUG] root: Epoch 19/40.
2021-12-06 21:05:21 [DEBUG] root: Epoch 20/40.
2021-12-06 21:05:23 [DEBUG] root: Epoch 21/40.
2021-12-06 21:05:24 [DEBUG] root: Epoch 22/40.
2021-12-06 21:05:25 [DEBUG] root: Epoch 23/40.
2021-12-06 21:05:26 [DEBUG] root: Epoch 24/40.
2021-12-06 21:05:28 [DEBUG] root: Epoch 25/40.
2021-12-06 21:05:29 [DEBUG] root: Epoch 26/40.
2021-12-06 21:05:30 [DEBUG] root: Epoch 27/40.
2021-12-06 21:05:31 [DEBUG] root: Epoch 28/40.
2021-12-06 21:05:33 [DEBUG] root: Epoch 29/40.
2021-12-06 21:05:34 [DEBUG] root: Epoch 30/40.
2021-12-06 21:05:35 [DEBUG] root: Epoch 31/40.
2021-12-06 21:05:36 [DEBUG] root: Epoch 32/40.
2021-12-06 21:05:38 [DEBUG] root: Epoch 33/40.
2021-12-06 21:05:39 [DEBUG] root: Epoch 34/40.
2021-12-06 21:05:40 [DEBUG] root: Epoch 35/40.
2021-12-06 21:05:41 [DEBUG] root: Epoch 36/40.
2021-12-06 21:05:43 [DEBUG] root: Epoch 37/40.
2021-12-06 21:05:44 [DEBUG] root: Epoch 38/40.
2021-12-06 21:05:45 [DEBUG] root: Epoch 39/40.
2021-12-06 21:05:47 [DEBUG] root: Epoch 40/40.
2021-12-06 21:05:49 [DEBUG] matplotlib.backends.backend_pdf: Assigning font /b'F1' = '/home/tianyu/anaconda3/envs/DeepADoTS/lib/python3.7/site-packages/matplotlib/mpl-data/fonts/ttf/DejaVuSans.ttf'
2021-12-06 21:05:49 [DEBUG] matplotlib.backends.backend_pdf: Embedding font /home/tianyu/anaconda3/envs/DeepADoTS/lib/python3.7/site-packages/matplotlib/mpl-data/fonts/ttf/DejaVuSans.ttf.
2021-12-06 21:05:49 [DEBUG] matplotlib.backends.backend_pdf: Writing TrueType font.
2021-12-06 21:05:49 [INFO] src.evaluation.evaluator: Stored plot at reports/experiments/variance_1/intensity/figures/seed-1206099335/details_LSTM-ED_Syn Variance Outliers (extremeness=2.0)-1-10-2021-12-06-210549.pdf
2021-12-06 21:05:49 [INFO] src.evaluation.evaluator: Training LSTM-ED on Syn Variance Outliers (extremeness=1.0) with seed 1206099335
2021-12-06 21:05:49 [DEBUG] root: Epoch 1/40.
2021-12-06 21:05:51 [DEBUG] root: Epoch 2/40.
2021-12-06 21:05:52 [DEBUG] root: Epoch 3/40.
2021-12-06 21:05:53 [DEBUG] root: Epoch 4/40.
2021-12-06 21:05:54 [DEBUG] root: Epoch 5/40.
2021-12-06 21:05:56 [DEBUG] root: Epoch 6/40.
2021-12-06 21:05:57 [DEBUG] root: Epoch 7/40.
2021-12-06 21:05:58 [DEBUG] root: Epoch 8/40.
2021-12-06 21:05:59 [DEBUG] root: Epoch 9/40.
2021-12-06 21:06:01 [DEBUG] root: Epoch 10/40.
2021-12-06 21:06:02 [DEBUG] root: Epoch 11/40.
2021-12-06 21:06:03 [DEBUG] root: Epoch 12/40.
2021-12-06 21:06:04 [DEBUG] root: Epoch 13/40.
2021-12-06 21:06:06 [DEBUG] root: Epoch 14/40.
2021-12-06 21:06:07 [DEBUG] root: Epoch 15/40.
2021-12-06 21:06:08 [DEBUG] root: Epoch 16/40.
2021-12-06 21:06:09 [DEBUG] root: Epoch 17/40.
2021-12-06 21:06:11 [DEBUG] root: Epoch 18/40.
2021-12-06 21:06:12 [DEBUG] root: Epoch 19/40.
2021-12-06 21:06:13 [DEBUG] root: Epoch 20/40.
2021-12-06 21:06:14 [DEBUG] root: Epoch 21/40.
2021-12-06 21:06:16 [DEBUG] root: Epoch 22/40.
2021-12-06 21:06:17 [DEBUG] root: Epoch 23/40.
2021-12-06 21:06:18 [DEBUG] root: Epoch 24/40.
2021-12-06 21:06:20 [DEBUG] root: Epoch 25/40.
2021-12-06 21:06:21 [DEBUG] root: Epoch 26/40.
2021-12-06 21:06:22 [DEBUG] root: Epoch 27/40.
2021-12-06 21:06:24 [DEBUG] root: Epoch 28/40.
2021-12-06 21:06:25 [DEBUG] root: Epoch 29/40.
2021-12-06 21:06:26 [DEBUG] root: Epoch 30/40.
2021-12-06 21:06:28 [DEBUG] root: Epoch 31/40.
2021-12-06 21:06:29 [DEBUG] root: Epoch 32/40.
2021-12-06 21:06:30 [DEBUG] root: Epoch 33/40.
2021-12-06 21:06:31 [DEBUG] root: Epoch 34/40.
2021-12-06 21:06:33 [DEBUG] root: Epoch 35/40.
2021-12-06 21:06:34 [DEBUG] root: Epoch 36/40.
2021-12-06 21:06:35 [DEBUG] root: Epoch 37/40.
2021-12-06 21:06:36 [DEBUG] root: Epoch 38/40.
2021-12-06 21:06:38 [DEBUG] root: Epoch 39/40.
2021-12-06 21:06:39 [DEBUG] root: Epoch 40/40.
2021-12-06 21:06:41 [DEBUG] matplotlib.backends.backend_pdf: Assigning font /b'F1' = '/home/tianyu/anaconda3/envs/DeepADoTS/lib/python3.7/site-packages/matplotlib/mpl-data/fonts/ttf/DejaVuSans.ttf'
2021-12-06 21:06:41 [DEBUG] matplotlib.backends.backend_pdf: Embedding font /home/tianyu/anaconda3/envs/DeepADoTS/lib/python3.7/site-packages/matplotlib/mpl-data/fonts/ttf/DejaVuSans.ttf.
2021-12-06 21:06:41 [DEBUG] matplotlib.backends.backend_pdf: Writing TrueType font.
2021-12-06 21:06:41 [INFO] src.evaluation.evaluator: Stored plot at reports/experiments/variance_1/intensity/figures/seed-1206099335/details_LSTM-ED_Syn Variance Outliers (extremeness=1.0)-1-10-2021-12-06-210641.pdf
2021-12-06 21:06:41 [INFO] src.evaluation.evaluator: Training LSTM-ED on Syn Variance Outliers (extremeness=0.5) with seed 1206099335
2021-12-06 21:06:41 [DEBUG] root: Epoch 1/40.
2021-12-06 21:06:43 [DEBUG] root: Epoch 2/40.
2021-12-06 21:06:44 [DEBUG] root: Epoch 3/40.
2021-12-06 21:06:46 [DEBUG] root: Epoch 4/40.
2021-12-06 21:06:47 [DEBUG] root: Epoch 5/40.
2021-12-06 21:06:48 [DEBUG] root: Epoch 6/40.
2021-12-06 21:06:50 [DEBUG] root: Epoch 7/40.
2021-12-06 21:06:51 [DEBUG] root: Epoch 8/40.
2021-12-06 21:06:52 [DEBUG] root: Epoch 9/40.
2021-12-06 21:06:54 [DEBUG] root: Epoch 10/40.
2021-12-06 21:06:55 [DEBUG] root: Epoch 11/40.
2021-12-06 21:06:56 [DEBUG] root: Epoch 12/40.
2021-12-06 21:06:58 [DEBUG] root: Epoch 13/40.
2021-12-06 21:06:59 [DEBUG] root: Epoch 14/40.
2021-12-06 21:07:00 [DEBUG] root: Epoch 15/40.
2021-12-06 21:07:02 [DEBUG] root: Epoch 16/40.
2021-12-06 21:07:03 [DEBUG] root: Epoch 17/40.
2021-12-06 21:07:04 [DEBUG] root: Epoch 18/40.
2021-12-06 21:07:06 [DEBUG] root: Epoch 19/40.
2021-12-06 21:07:07 [DEBUG] root: Epoch 20/40.
2021-12-06 21:07:08 [DEBUG] root: Epoch 21/40.
2021-12-06 21:07:10 [DEBUG] root: Epoch 22/40.
2021-12-06 21:07:11 [DEBUG] root: Epoch 23/40.
2021-12-06 21:07:13 [DEBUG] root: Epoch 24/40.
2021-12-06 21:07:14 [DEBUG] root: Epoch 25/40.
2021-12-06 21:07:15 [DEBUG] root: Epoch 26/40.
2021-12-06 21:07:17 [DEBUG] root: Epoch 27/40.
2021-12-06 21:07:18 [DEBUG] root: Epoch 28/40.
2021-12-06 21:07:19 [DEBUG] root: Epoch 29/40.
2021-12-06 21:07:21 [DEBUG] root: Epoch 30/40.
2021-12-06 21:07:22 [DEBUG] root: Epoch 31/40.
2021-12-06 21:07:23 [DEBUG] root: Epoch 32/40.
2021-12-06 21:07:25 [DEBUG] root: Epoch 33/40.
2021-12-06 21:07:26 [DEBUG] root: Epoch 34/40.
2021-12-06 21:07:27 [DEBUG] root: Epoch 35/40.
2021-12-06 21:07:29 [DEBUG] root: Epoch 36/40.
2021-12-06 21:07:30 [DEBUG] root: Epoch 37/40.
2021-12-06 21:07:31 [DEBUG] root: Epoch 38/40.
2021-12-06 21:07:33 [DEBUG] root: Epoch 39/40.
2021-12-06 21:07:34 [DEBUG] root: Epoch 40/40.
2021-12-06 21:07:36 [DEBUG] matplotlib.backends.backend_pdf: Assigning font /b'F1' = '/home/tianyu/anaconda3/envs/DeepADoTS/lib/python3.7/site-packages/matplotlib/mpl-data/fonts/ttf/DejaVuSans.ttf'
2021-12-06 21:07:36 [DEBUG] matplotlib.backends.backend_pdf: Embedding font /home/tianyu/anaconda3/envs/DeepADoTS/lib/python3.7/site-packages/matplotlib/mpl-data/fonts/ttf/DejaVuSans.ttf.
2021-12-06 21:07:36 [DEBUG] matplotlib.backends.backend_pdf: Writing TrueType font.
2021-12-06 21:07:36 [INFO] src.evaluation.evaluator: Stored plot at reports/experiments/variance_1/intensity/figures/seed-1206099335/details_LSTM-ED_Syn Variance Outliers (extremeness=0.5)-1-10-2021-12-06-210736.pdf
2021-12-06 21:07:37 [INFO] src.evaluation.evaluator: Training LSTM-ED on Syn Variance Outliers (extremeness=0.25) with seed 1206099335
2021-12-06 21:07:37 [DEBUG] root: Epoch 1/40.
2021-12-06 21:07:38 [DEBUG] root: Epoch 2/40.
2021-12-06 21:07:39 [DEBUG] root: Epoch 3/40.
2021-12-06 21:07:40 [DEBUG] root: Epoch 4/40.
2021-12-06 21:07:42 [DEBUG] root: Epoch 5/40.
2021-12-06 21:07:43 [DEBUG] root: Epoch 6/40.
2021-12-06 21:07:44 [DEBUG] root: Epoch 7/40.
2021-12-06 21:07:45 [DEBUG] root: Epoch 8/40.
2021-12-06 21:07:47 [DEBUG] root: Epoch 9/40.
2021-12-06 21:07:48 [DEBUG] root: Epoch 10/40.
2021-12-06 21:07:49 [DEBUG] root: Epoch 11/40.
2021-12-06 21:07:50 [DEBUG] root: Epoch 12/40.
2021-12-06 21:07:52 [DEBUG] root: Epoch 13/40.
2021-12-06 21:07:53 [DEBUG] root: Epoch 14/40.
2021-12-06 21:07:54 [DEBUG] root: Epoch 15/40.
2021-12-06 21:07:56 [DEBUG] root: Epoch 16/40.
2021-12-06 21:07:57 [DEBUG] root: Epoch 17/40.
2021-12-06 21:07:58 [DEBUG] root: Epoch 18/40.
2021-12-06 21:07:59 [DEBUG] root: Epoch 19/40.
2021-12-06 21:08:01 [DEBUG] root: Epoch 20/40.
2021-12-06 21:08:02 [DEBUG] root: Epoch 21/40.
2021-12-06 21:08:03 [DEBUG] root: Epoch 22/40.
2021-12-06 21:08:04 [DEBUG] root: Epoch 23/40.
2021-12-06 21:08:06 [DEBUG] root: Epoch 24/40.
2021-12-06 21:08:07 [DEBUG] root: Epoch 25/40.
2021-12-06 21:08:08 [DEBUG] root: Epoch 26/40.
2021-12-06 21:08:09 [DEBUG] root: Epoch 27/40.
2021-12-06 21:08:11 [DEBUG] root: Epoch 28/40.
2021-12-06 21:08:12 [DEBUG] root: Epoch 29/40.
2021-12-06 21:08:13 [DEBUG] root: Epoch 30/40.
2021-12-06 21:08:14 [DEBUG] root: Epoch 31/40.
2021-12-06 21:08:16 [DEBUG] root: Epoch 32/40.
2021-12-06 21:08:17 [DEBUG] root: Epoch 33/40.
2021-12-06 21:08:18 [DEBUG] root: Epoch 34/40.
2021-12-06 21:08:19 [DEBUG] root: Epoch 35/40.
2021-12-06 21:08:21 [DEBUG] root: Epoch 36/40.
2021-12-06 21:08:22 [DEBUG] root: Epoch 37/40.
2021-12-06 21:08:23 [DEBUG] root: Epoch 38/40.
2021-12-06 21:08:24 [DEBUG] root: Epoch 39/40.
2021-12-06 21:08:26 [DEBUG] root: Epoch 40/40.
2021-12-06 21:08:28 [DEBUG] matplotlib.backends.backend_pdf: Assigning font /b'F1' = '/home/tianyu/anaconda3/envs/DeepADoTS/lib/python3.7/site-packages/matplotlib/mpl-data/fonts/ttf/DejaVuSans.ttf'
2021-12-06 21:08:28 [DEBUG] matplotlib.backends.backend_pdf: Embedding font /home/tianyu/anaconda3/envs/DeepADoTS/lib/python3.7/site-packages/matplotlib/mpl-data/fonts/ttf/DejaVuSans.ttf.
2021-12-06 21:08:28 [DEBUG] matplotlib.backends.backend_pdf: Writing TrueType font.
2021-12-06 21:08:28 [INFO] src.evaluation.evaluator: Stored plot at reports/experiments/variance_1/intensity/figures/seed-1206099335/details_LSTM-ED_Syn Variance Outliers (extremeness=0.25)-1-10-2021-12-06-210828.pdf
2021-12-06 21:08:28 [INFO] src.evaluation.evaluator: Training LSTM-ED on Syn Variance Outliers (extremeness=0.125) with seed 1206099335
2021-12-06 21:08:28 [DEBUG] root: Epoch 1/40.
2021-12-06 21:08:29 [DEBUG] root: Epoch 2/40.
2021-12-06 21:08:31 [DEBUG] root: Epoch 3/40.
2021-12-06 21:08:32 [DEBUG] root: Epoch 4/40.
2021-12-06 21:08:33 [DEBUG] root: Epoch 5/40.
2021-12-06 21:08:34 [DEBUG] root: Epoch 6/40.
2021-12-06 21:08:36 [DEBUG] root: Epoch 7/40.
2021-12-06 21:08:37 [DEBUG] root: Epoch 8/40.
2021-12-06 21:08:39 [DEBUG] root: Epoch 9/40.
2021-12-06 21:08:40 [DEBUG] root: Epoch 10/40.
2021-12-06 21:08:42 [DEBUG] root: Epoch 11/40.
2021-12-06 21:08:43 [DEBUG] root: Epoch 12/40.
2021-12-06 21:08:45 [DEBUG] root: Epoch 13/40.
2021-12-06 21:08:46 [DEBUG] root: Epoch 14/40.
2021-12-06 21:08:47 [DEBUG] root: Epoch 15/40.
2021-12-06 21:08:49 [DEBUG] root: Epoch 16/40.
2021-12-06 21:08:50 [DEBUG] root: Epoch 17/40.
2021-12-06 21:08:51 [DEBUG] root: Epoch 18/40.
2021-12-06 21:08:53 [DEBUG] root: Epoch 19/40.
2021-12-06 21:08:54 [DEBUG] root: Epoch 20/40.
2021-12-06 21:08:55 [DEBUG] root: Epoch 21/40.
2021-12-06 21:08:57 [DEBUG] root: Epoch 22/40.
2021-12-06 21:08:58 [DEBUG] root: Epoch 23/40.
2021-12-06 21:08:59 [DEBUG] root: Epoch 24/40.
2021-12-06 21:09:01 [DEBUG] root: Epoch 25/40.
2021-12-06 21:09:02 [DEBUG] root: Epoch 26/40.
2021-12-06 21:09:04 [DEBUG] root: Epoch 27/40.
2021-12-06 21:09:05 [DEBUG] root: Epoch 28/40.
2021-12-06 21:09:06 [DEBUG] root: Epoch 29/40.
2021-12-06 21:09:07 [DEBUG] root: Epoch 30/40.
2021-12-06 21:09:09 [DEBUG] root: Epoch 31/40.
2021-12-06 21:09:10 [DEBUG] root: Epoch 32/40.
2021-12-06 21:09:11 [DEBUG] root: Epoch 33/40.
2021-12-06 21:09:13 [DEBUG] root: Epoch 34/40.
2021-12-06 21:09:14 [DEBUG] root: Epoch 35/40.
2021-12-06 21:09:15 [DEBUG] root: Epoch 36/40.
2021-12-06 21:09:17 [DEBUG] root: Epoch 37/40.
2021-12-06 21:09:18 [DEBUG] root: Epoch 38/40.
2021-12-06 21:09:19 [DEBUG] root: Epoch 39/40.
2021-12-06 21:09:21 [DEBUG] root: Epoch 40/40.
2021-12-06 21:09:23 [DEBUG] matplotlib.backends.backend_pdf: Assigning font /b'F1' = '/home/tianyu/anaconda3/envs/DeepADoTS/lib/python3.7/site-packages/matplotlib/mpl-data/fonts/ttf/DejaVuSans.ttf'
2021-12-06 21:09:23 [DEBUG] matplotlib.backends.backend_pdf: Embedding font /home/tianyu/anaconda3/envs/DeepADoTS/lib/python3.7/site-packages/matplotlib/mpl-data/fonts/ttf/DejaVuSans.ttf.
2021-12-06 21:09:23 [DEBUG] matplotlib.backends.backend_pdf: Writing TrueType font.
2021-12-06 21:09:23 [INFO] src.evaluation.evaluator: Stored plot at reports/experiments/variance_1/intensity/figures/seed-1206099335/details_LSTM-ED_Syn Variance Outliers (extremeness=0.125)-1-10-2021-12-06-210923.pdf
2021-12-06 21:09:23 [INFO] src.evaluation.evaluator: Training LSTM-ED on Syn Variance Outliers (extremeness=0.0625) with seed 1206099335
2021-12-06 21:09:23 [DEBUG] root: Epoch 1/40.
2021-12-06 21:09:25 [DEBUG] root: Epoch 2/40.
2021-12-06 21:09:26 [DEBUG] root: Epoch 3/40.
2021-12-06 21:09:27 [DEBUG] root: Epoch 4/40.
2021-12-06 21:09:28 [DEBUG] root: Epoch 5/40.
2021-12-06 21:09:30 [DEBUG] root: Epoch 6/40.
2021-12-06 21:09:31 [DEBUG] root: Epoch 7/40.
2021-12-06 21:09:32 [DEBUG] root: Epoch 8/40.
2021-12-06 21:09:33 [DEBUG] root: Epoch 9/40.
2021-12-06 21:09:35 [DEBUG] root: Epoch 10/40.
2021-12-06 21:09:36 [DEBUG] root: Epoch 11/40.
2021-12-06 21:09:37 [DEBUG] root: Epoch 12/40.
2021-12-06 21:09:38 [DEBUG] root: Epoch 13/40.
2021-12-06 21:09:40 [DEBUG] root: Epoch 14/40.
2021-12-06 21:09:41 [DEBUG] root: Epoch 15/40.
2021-12-06 21:09:42 [DEBUG] root: Epoch 16/40.
2021-12-06 21:09:44 [DEBUG] root: Epoch 17/40.
2021-12-06 21:09:45 [DEBUG] root: Epoch 18/40.
2021-12-06 21:09:46 [DEBUG] root: Epoch 19/40.
2021-12-06 21:09:47 [DEBUG] root: Epoch 20/40.
2021-12-06 21:09:49 [DEBUG] root: Epoch 21/40.
2021-12-06 21:09:50 [DEBUG] root: Epoch 22/40.
2021-12-06 21:09:51 [DEBUG] root: Epoch 23/40.
2021-12-06 21:09:52 [DEBUG] root: Epoch 24/40.
2021-12-06 21:09:53 [DEBUG] root: Epoch 25/40.
2021-12-06 21:09:55 [DEBUG] root: Epoch 26/40.
2021-12-06 21:09:56 [DEBUG] root: Epoch 27/40.
2021-12-06 21:09:57 [DEBUG] root: Epoch 28/40.
2021-12-06 21:09:58 [DEBUG] root: Epoch 29/40.
2021-12-06 21:10:00 [DEBUG] root: Epoch 30/40.
2021-12-06 21:10:01 [DEBUG] root: Epoch 31/40.
2021-12-06 21:10:02 [DEBUG] root: Epoch 32/40.
2021-12-06 21:10:03 [DEBUG] root: Epoch 33/40.
2021-12-06 21:10:05 [DEBUG] root: Epoch 34/40.
2021-12-06 21:10:06 [DEBUG] root: Epoch 35/40.
2021-12-06 21:10:07 [DEBUG] root: Epoch 36/40.
2021-12-06 21:10:08 [DEBUG] root: Epoch 37/40.
2021-12-06 21:10:10 [DEBUG] root: Epoch 38/40.
2021-12-06 21:10:11 [DEBUG] root: Epoch 39/40.
2021-12-06 21:10:12 [DEBUG] root: Epoch 40/40.
2021-12-06 21:10:14 [DEBUG] matplotlib.backends.backend_pdf: Assigning font /b'F1' = '/home/tianyu/anaconda3/envs/DeepADoTS/lib/python3.7/site-packages/matplotlib/mpl-data/fonts/ttf/DejaVuSans.ttf'
2021-12-06 21:10:14 [DEBUG] matplotlib.backends.backend_pdf: Embedding font /home/tianyu/anaconda3/envs/DeepADoTS/lib/python3.7/site-packages/matplotlib/mpl-data/fonts/ttf/DejaVuSans.ttf.
2021-12-06 21:10:14 [DEBUG] matplotlib.backends.backend_pdf: Writing TrueType font.
2021-12-06 21:10:14 [INFO] src.evaluation.evaluator: Stored plot at reports/experiments/variance_1/intensity/figures/seed-1206099335/details_LSTM-ED_Syn Variance Outliers (extremeness=0.0625)-1-10-2021-12-06-211014.pdf
2021-12-06 21:10:14 [INFO] src.evaluation.evaluator: Training LSTM-ED on Syn Variance Outliers (extremeness=0.03125) with seed 1206099335
2021-12-06 21:10:14 [DEBUG] root: Epoch 1/40.
2021-12-06 21:10:16 [DEBUG] root: Epoch 2/40.
2021-12-06 21:10:17 [DEBUG] root: Epoch 3/40.
2021-12-06 21:10:18 [DEBUG] root: Epoch 4/40.
2021-12-06 21:10:19 [DEBUG] root: Epoch 5/40.
2021-12-06 21:10:21 [DEBUG] root: Epoch 6/40.
2021-12-06 21:10:22 [DEBUG] root: Epoch 7/40.
2021-12-06 21:10:23 [DEBUG] root: Epoch 8/40.
2021-12-06 21:10:24 [DEBUG] root: Epoch 9/40.
2021-12-06 21:10:26 [DEBUG] root: Epoch 10/40.
2021-12-06 21:10:27 [DEBUG] root: Epoch 11/40.
2021-12-06 21:10:28 [DEBUG] root: Epoch 12/40.
2021-12-06 21:10:29 [DEBUG] root: Epoch 13/40.
2021-12-06 21:10:31 [DEBUG] root: Epoch 14/40.
2021-12-06 21:10:32 [DEBUG] root: Epoch 15/40.
2021-12-06 21:10:33 [DEBUG] root: Epoch 16/40.
2021-12-06 21:10:34 [DEBUG] root: Epoch 17/40.
2021-12-06 21:10:36 [DEBUG] root: Epoch 18/40.
2021-12-06 21:10:37 [DEBUG] root: Epoch 19/40.
2021-12-06 21:10:38 [DEBUG] root: Epoch 20/40.
2021-12-06 21:10:39 [DEBUG] root: Epoch 21/40.
2021-12-06 21:10:41 [DEBUG] root: Epoch 22/40.
2021-12-06 21:10:42 [DEBUG] root: Epoch 23/40.
2021-12-06 21:10:43 [DEBUG] root: Epoch 24/40.
2021-12-06 21:10:44 [DEBUG] root: Epoch 25/40.
2021-12-06 21:10:45 [DEBUG] root: Epoch 26/40.
2021-12-06 21:10:47 [DEBUG] root: Epoch 27/40.
2021-12-06 21:10:48 [DEBUG] root: Epoch 28/40.
2021-12-06 21:10:49 [DEBUG] root: Epoch 29/40.
2021-12-06 21:10:51 [DEBUG] root: Epoch 30/40.
2021-12-06 21:10:52 [DEBUG] root: Epoch 31/40.
2021-12-06 21:10:53 [DEBUG] root: Epoch 32/40.
2021-12-06 21:10:54 [DEBUG] root: Epoch 33/40.
2021-12-06 21:10:56 [DEBUG] root: Epoch 34/40.
2021-12-06 21:10:57 [DEBUG] root: Epoch 35/40.
2021-12-06 21:10:58 [DEBUG] root: Epoch 36/40.
2021-12-06 21:10:59 [DEBUG] root: Epoch 37/40.
2021-12-06 21:11:01 [DEBUG] root: Epoch 38/40.
2021-12-06 21:11:02 [DEBUG] root: Epoch 39/40.
2021-12-06 21:11:03 [DEBUG] root: Epoch 40/40.
2021-12-06 21:11:05 [DEBUG] matplotlib.backends.backend_pdf: Assigning font /b'F1' = '/home/tianyu/anaconda3/envs/DeepADoTS/lib/python3.7/site-packages/matplotlib/mpl-data/fonts/ttf/DejaVuSans.ttf'
2021-12-06 21:11:05 [DEBUG] matplotlib.backends.backend_pdf: Embedding font /home/tianyu/anaconda3/envs/DeepADoTS/lib/python3.7/site-packages/matplotlib/mpl-data/fonts/ttf/DejaVuSans.ttf.
2021-12-06 21:11:05 [DEBUG] matplotlib.backends.backend_pdf: Writing TrueType font.
2021-12-06 21:11:05 [INFO] src.evaluation.evaluator: Stored plot at reports/experiments/variance_1/intensity/figures/seed-1206099335/details_LSTM-ED_Syn Variance Outliers (extremeness=0.03125)-1-10-2021-12-06-211105.pdf
2021-12-06 21:11:09 [INFO] src.evaluation.evaluator: Plotting ROC curve for LSTM-ED on Syn Variance Outliers (extremeness=16.0)
2021-12-06 21:11:09 [DEBUG] matplotlib.backends.backend_pdf: Assigning font /b'F1' = '/home/tianyu/anaconda3/envs/DeepADoTS/lib/python3.7/site-packages/matplotlib/mpl-data/fonts/ttf/DejaVuSans.ttf'
2021-12-06 21:11:09 [DEBUG] matplotlib.backends.backend_pdf: Embedding font /home/tianyu/anaconda3/envs/DeepADoTS/lib/python3.7/site-packages/matplotlib/mpl-data/fonts/ttf/DejaVuSans.ttf.
2021-12-06 21:11:09 [DEBUG] matplotlib.backends.backend_pdf: Writing TrueType font.
2021-12-06 21:11:09 [INFO] src.evaluation.evaluator: Stored plot at reports/experiments/variance_1/intensity/figures/seed-1206099335/roc_Syn Variance Outliers (extremeness=16.0)-1-10-2021-12-06-211109.pdf
2021-12-06 21:11:09 [INFO] src.evaluation.evaluator: Plotting ROC curve for LSTM-ED on Syn Variance Outliers (extremeness=8.0)
2021-12-06 21:11:09 [DEBUG] matplotlib.backends.backend_pdf: Assigning font /b'F1' = '/home/tianyu/anaconda3/envs/DeepADoTS/lib/python3.7/site-packages/matplotlib/mpl-data/fonts/ttf/DejaVuSans.ttf'
2021-12-06 21:11:09 [DEBUG] matplotlib.backends.backend_pdf: Embedding font /home/tianyu/anaconda3/envs/DeepADoTS/lib/python3.7/site-packages/matplotlib/mpl-data/fonts/ttf/DejaVuSans.ttf.
2021-12-06 21:11:09 [DEBUG] matplotlib.backends.backend_pdf: Writing TrueType font.
2021-12-06 21:11:09 [INFO] src.evaluation.evaluator: Stored plot at reports/experiments/variance_1/intensity/figures/seed-1206099335/roc_Syn Variance Outliers (extremeness=8.0)-1-10-2021-12-06-211109.pdf
2021-12-06 21:11:09 [INFO] src.evaluation.evaluator: Plotting ROC curve for LSTM-ED on Syn Variance Outliers (extremeness=4.0)
2021-12-06 21:11:09 [DEBUG] matplotlib.backends.backend_pdf: Assigning font /b'F1' = '/home/tianyu/anaconda3/envs/DeepADoTS/lib/python3.7/site-packages/matplotlib/mpl-data/fonts/ttf/DejaVuSans.ttf'
2021-12-06 21:11:09 [DEBUG] matplotlib.backends.backend_pdf: Embedding font /home/tianyu/anaconda3/envs/DeepADoTS/lib/python3.7/site-packages/matplotlib/mpl-data/fonts/ttf/DejaVuSans.ttf.
2021-12-06 21:11:09 [DEBUG] matplotlib.backends.backend_pdf: Writing TrueType font.
2021-12-06 21:11:09 [INFO] src.evaluation.evaluator: Stored plot at reports/experiments/variance_1/intensity/figures/seed-1206099335/roc_Syn Variance Outliers (extremeness=4.0)-1-10-2021-12-06-211109.pdf
2021-12-06 21:11:09 [INFO] src.evaluation.evaluator: Plotting ROC curve for LSTM-ED on Syn Variance Outliers (extremeness=2.0)
2021-12-06 21:11:09 [DEBUG] matplotlib.backends.backend_pdf: Assigning font /b'F1' = '/home/tianyu/anaconda3/envs/DeepADoTS/lib/python3.7/site-packages/matplotlib/mpl-data/fonts/ttf/DejaVuSans.ttf'
2021-12-06 21:11:09 [DEBUG] matplotlib.backends.backend_pdf: Embedding font /home/tianyu/anaconda3/envs/DeepADoTS/lib/python3.7/site-packages/matplotlib/mpl-data/fonts/ttf/DejaVuSans.ttf.
2021-12-06 21:11:09 [DEBUG] matplotlib.backends.backend_pdf: Writing TrueType font.
2021-12-06 21:11:09 [INFO] src.evaluation.evaluator: Stored plot at reports/experiments/variance_1/intensity/figures/seed-1206099335/roc_Syn Variance Outliers (extremeness=2.0)-1-10-2021-12-06-211109.pdf
2021-12-06 21:11:09 [INFO] src.evaluation.evaluator: Plotting ROC curve for LSTM-ED on Syn Variance Outliers (extremeness=1.0)
2021-12-06 21:11:09 [DEBUG] matplotlib.backends.backend_pdf: Assigning font /b'F1' = '/home/tianyu/anaconda3/envs/DeepADoTS/lib/python3.7/site-packages/matplotlib/mpl-data/fonts/ttf/DejaVuSans.ttf'
2021-12-06 21:11:09 [DEBUG] matplotlib.backends.backend_pdf: Embedding font /home/tianyu/anaconda3/envs/DeepADoTS/lib/python3.7/site-packages/matplotlib/mpl-data/fonts/ttf/DejaVuSans.ttf.
2021-12-06 21:11:09 [DEBUG] matplotlib.backends.backend_pdf: Writing TrueType font.
2021-12-06 21:11:09 [INFO] src.evaluation.evaluator: Stored plot at reports/experiments/variance_1/intensity/figures/seed-1206099335/roc_Syn Variance Outliers (extremeness=1.0)-1-10-2021-12-06-211109.pdf
2021-12-06 21:11:09 [INFO] src.evaluation.evaluator: Plotting ROC curve for LSTM-ED on Syn Variance Outliers (extremeness=0.5)
2021-12-06 21:11:10 [DEBUG] matplotlib.backends.backend_pdf: Assigning font /b'F1' = '/home/tianyu/anaconda3/envs/DeepADoTS/lib/python3.7/site-packages/matplotlib/mpl-data/fonts/ttf/DejaVuSans.ttf'
2021-12-06 21:11:10 [DEBUG] matplotlib.backends.backend_pdf: Embedding font /home/tianyu/anaconda3/envs/DeepADoTS/lib/python3.7/site-packages/matplotlib/mpl-data/fonts/ttf/DejaVuSans.ttf.
2021-12-06 21:11:10 [DEBUG] matplotlib.backends.backend_pdf: Writing TrueType font.
2021-12-06 21:11:10 [INFO] src.evaluation.evaluator: Stored plot at reports/experiments/variance_1/intensity/figures/seed-1206099335/roc_Syn Variance Outliers (extremeness=0.5)-1-10-2021-12-06-211110.pdf
2021-12-06 21:11:10 [INFO] src.evaluation.evaluator: Plotting ROC curve for LSTM-ED on Syn Variance Outliers (extremeness=0.25)
2021-12-06 21:11:10 [DEBUG] matplotlib.backends.backend_pdf: Assigning font /b'F1' = '/home/tianyu/anaconda3/envs/DeepADoTS/lib/python3.7/site-packages/matplotlib/mpl-data/fonts/ttf/DejaVuSans.ttf'
2021-12-06 21:11:10 [DEBUG] matplotlib.backends.backend_pdf: Embedding font /home/tianyu/anaconda3/envs/DeepADoTS/lib/python3.7/site-packages/matplotlib/mpl-data/fonts/ttf/DejaVuSans.ttf.
2021-12-06 21:11:10 [DEBUG] matplotlib.backends.backend_pdf: Writing TrueType font.
2021-12-06 21:11:10 [INFO] src.evaluation.evaluator: Stored plot at reports/experiments/variance_1/intensity/figures/seed-1206099335/roc_Syn Variance Outliers (extremeness=0.25)-1-10-2021-12-06-211110.pdf
2021-12-06 21:11:10 [INFO] src.evaluation.evaluator: Plotting ROC curve for LSTM-ED on Syn Variance Outliers (extremeness=0.125)
2021-12-06 21:11:10 [DEBUG] matplotlib.backends.backend_pdf: Assigning font /b'F1' = '/home/tianyu/anaconda3/envs/DeepADoTS/lib/python3.7/site-packages/matplotlib/mpl-data/fonts/ttf/DejaVuSans.ttf'
2021-12-06 21:11:10 [DEBUG] matplotlib.backends.backend_pdf: Embedding font /home/tianyu/anaconda3/envs/DeepADoTS/lib/python3.7/site-packages/matplotlib/mpl-data/fonts/ttf/DejaVuSans.ttf.
2021-12-06 21:11:10 [DEBUG] matplotlib.backends.backend_pdf: Writing TrueType font.
2021-12-06 21:11:10 [INFO] src.evaluation.evaluator: Stored plot at reports/experiments/variance_1/intensity/figures/seed-1206099335/roc_Syn Variance Outliers (extremeness=0.125)-1-10-2021-12-06-211110.pdf
2021-12-06 21:11:10 [INFO] src.evaluation.evaluator: Plotting ROC curve for LSTM-ED on Syn Variance Outliers (extremeness=0.0625)
2021-12-06 21:11:10 [DEBUG] matplotlib.backends.backend_pdf: Assigning font /b'F1' = '/home/tianyu/anaconda3/envs/DeepADoTS/lib/python3.7/site-packages/matplotlib/mpl-data/fonts/ttf/DejaVuSans.ttf'
2021-12-06 21:11:10 [DEBUG] matplotlib.backends.backend_pdf: Embedding font /home/tianyu/anaconda3/envs/DeepADoTS/lib/python3.7/site-packages/matplotlib/mpl-data/fonts/ttf/DejaVuSans.ttf.
2021-12-06 21:11:10 [DEBUG] matplotlib.backends.backend_pdf: Writing TrueType font.
2021-12-06 21:11:10 [INFO] src.evaluation.evaluator: Stored plot at reports/experiments/variance_1/intensity/figures/seed-1206099335/roc_Syn Variance Outliers (extremeness=0.0625)-1-10-2021-12-06-211110.pdf
2021-12-06 21:11:10 [INFO] src.evaluation.evaluator: Plotting ROC curve for LSTM-ED on Syn Variance Outliers (extremeness=0.03125)
2021-12-06 21:11:10 [DEBUG] matplotlib.backends.backend_pdf: Assigning font /b'F1' = '/home/tianyu/anaconda3/envs/DeepADoTS/lib/python3.7/site-packages/matplotlib/mpl-data/fonts/ttf/DejaVuSans.ttf'
2021-12-06 21:11:10 [DEBUG] matplotlib.backends.backend_pdf: Embedding font /home/tianyu/anaconda3/envs/DeepADoTS/lib/python3.7/site-packages/matplotlib/mpl-data/fonts/ttf/DejaVuSans.ttf.
2021-12-06 21:11:10 [DEBUG] matplotlib.backends.backend_pdf: Writing TrueType font.
2021-12-06 21:11:10 [INFO] src.evaluation.evaluator: Stored plot at reports/experiments/variance_1/intensity/figures/seed-1206099335/roc_Syn Variance Outliers (extremeness=0.03125)-1-10-2021-12-06-211110.pdf
2021-12-06 21:11:14 [DEBUG] matplotlib.backends.backend_pdf: Assigning font /b'F1' = '/home/tianyu/anaconda3/envs/DeepADoTS/lib/python3.7/site-packages/matplotlib/mpl-data/fonts/ttf/DejaVuSans.ttf'
2021-12-06 21:11:15 [DEBUG] matplotlib.backends.backend_pdf: Embedding font /home/tianyu/anaconda3/envs/DeepADoTS/lib/python3.7/site-packages/matplotlib/mpl-data/fonts/ttf/DejaVuSans.ttf.
2021-12-06 21:11:15 [DEBUG] matplotlib.backends.backend_pdf: Writing TrueType font.
2021-12-06 21:11:15 [INFO] src.evaluation.evaluator: Stored plot at reports/experiments/variance_1/intensity/figures/seed-1206099335/metrics_by_thresholds-1-10-2021-12-06-211114.pdf
2021-12-06 21:11:16 [DEBUG] matplotlib.backends.backend_pdf: Assigning font /b'F1' = '/home/tianyu/anaconda3/envs/DeepADoTS/lib/python3.7/site-packages/matplotlib/mpl-data/fonts/ttf/DejaVuSans.ttf'
2021-12-06 21:11:16 [DEBUG] matplotlib.backends.backend_pdf: Embedding font /home/tianyu/anaconda3/envs/DeepADoTS/lib/python3.7/site-packages/matplotlib/mpl-data/fonts/ttf/DejaVuSans.ttf.
2021-12-06 21:11:16 [DEBUG] matplotlib.backends.backend_pdf: Writing TrueType font.
2021-12-06 21:11:16 [INFO] src.evaluation.evaluator: Stored plot at reports/experiments/variance_1/intensity/figures/seed-1206099335/scores_Syn Variance Outliers (extremeness=16.0)-1-10-2021-12-06-211116.pdf
2021-12-06 21:11:17 [DEBUG] matplotlib.backends.backend_pdf: Assigning font /b'F1' = '/home/tianyu/anaconda3/envs/DeepADoTS/lib/python3.7/site-packages/matplotlib/mpl-data/fonts/ttf/DejaVuSans.ttf'
2021-12-06 21:11:17 [DEBUG] matplotlib.backends.backend_pdf: Embedding font /home/tianyu/anaconda3/envs/DeepADoTS/lib/python3.7/site-packages/matplotlib/mpl-data/fonts/ttf/DejaVuSans.ttf.
2021-12-06 21:11:17 [DEBUG] matplotlib.backends.backend_pdf: Writing TrueType font.
2021-12-06 21:11:17 [INFO] src.evaluation.evaluator: Stored plot at reports/experiments/variance_1/intensity/figures/seed-1206099335/scores_Syn Variance Outliers (extremeness=8.0)-1-10-2021-12-06-211117.pdf
2021-12-06 21:11:18 [DEBUG] matplotlib.backends.backend_pdf: Assigning font /b'F1' = '/home/tianyu/anaconda3/envs/DeepADoTS/lib/python3.7/site-packages/matplotlib/mpl-data/fonts/ttf/DejaVuSans.ttf'
2021-12-06 21:11:18 [DEBUG] matplotlib.backends.backend_pdf: Embedding font /home/tianyu/anaconda3/envs/DeepADoTS/lib/python3.7/site-packages/matplotlib/mpl-data/fonts/ttf/DejaVuSans.ttf.
2021-12-06 21:11:18 [DEBUG] matplotlib.backends.backend_pdf: Writing TrueType font.
2021-12-06 21:11:18 [INFO] src.evaluation.evaluator: Stored plot at reports/experiments/variance_1/intensity/figures/seed-1206099335/scores_Syn Variance Outliers (extremeness=4.0)-1-10-2021-12-06-211118.pdf
2021-12-06 21:11:19 [DEBUG] matplotlib.backends.backend_pdf: Assigning font /b'F1' = '/home/tianyu/anaconda3/envs/DeepADoTS/lib/python3.7/site-packages/matplotlib/mpl-data/fonts/ttf/DejaVuSans.ttf'
2021-12-06 21:11:20 [DEBUG] matplotlib.backends.backend_pdf: Embedding font /home/tianyu/anaconda3/envs/DeepADoTS/lib/python3.7/site-packages/matplotlib/mpl-data/fonts/ttf/DejaVuSans.ttf.
2021-12-06 21:11:20 [DEBUG] matplotlib.backends.backend_pdf: Writing TrueType font.
2021-12-06 21:11:20 [INFO] src.evaluation.evaluator: Stored plot at reports/experiments/variance_1/intensity/figures/seed-1206099335/scores_Syn Variance Outliers (extremeness=2.0)-1-10-2021-12-06-211119.pdf
2021-12-06 21:11:21 [DEBUG] matplotlib.backends.backend_pdf: Assigning font /b'F1' = '/home/tianyu/anaconda3/envs/DeepADoTS/lib/python3.7/site-packages/matplotlib/mpl-data/fonts/ttf/DejaVuSans.ttf'
2021-12-06 21:11:21 [DEBUG] matplotlib.backends.backend_pdf: Embedding font /home/tianyu/anaconda3/envs/DeepADoTS/lib/python3.7/site-packages/matplotlib/mpl-data/fonts/ttf/DejaVuSans.ttf.
2021-12-06 21:11:21 [DEBUG] matplotlib.backends.backend_pdf: Writing TrueType font.
2021-12-06 21:11:21 [INFO] src.evaluation.evaluator: Stored plot at reports/experiments/variance_1/intensity/figures/seed-1206099335/scores_Syn Variance Outliers (extremeness=1.0)-1-10-2021-12-06-211121.pdf
2021-12-06 21:11:22 [DEBUG] matplotlib.backends.backend_pdf: Assigning font /b'F1' = '/home/tianyu/anaconda3/envs/DeepADoTS/lib/python3.7/site-packages/matplotlib/mpl-data/fonts/ttf/DejaVuSans.ttf'
2021-12-06 21:11:22 [DEBUG] matplotlib.backends.backend_pdf: Embedding font /home/tianyu/anaconda3/envs/DeepADoTS/lib/python3.7/site-packages/matplotlib/mpl-data/fonts/ttf/DejaVuSans.ttf.
2021-12-06 21:11:22 [DEBUG] matplotlib.backends.backend_pdf: Writing TrueType font.
2021-12-06 21:11:22 [INFO] src.evaluation.evaluator: Stored plot at reports/experiments/variance_1/intensity/figures/seed-1206099335/scores_Syn Variance Outliers (extremeness=0.5)-1-10-2021-12-06-211122.pdf
2021-12-06 21:11:23 [DEBUG] matplotlib.backends.backend_pdf: Assigning font /b'F1' = '/home/tianyu/anaconda3/envs/DeepADoTS/lib/python3.7/site-packages/matplotlib/mpl-data/fonts/ttf/DejaVuSans.ttf'
2021-12-06 21:11:23 [DEBUG] matplotlib.backends.backend_pdf: Embedding font /home/tianyu/anaconda3/envs/DeepADoTS/lib/python3.7/site-packages/matplotlib/mpl-data/fonts/ttf/DejaVuSans.ttf.
2021-12-06 21:11:23 [DEBUG] matplotlib.backends.backend_pdf: Writing TrueType font.
2021-12-06 21:11:23 [INFO] src.evaluation.evaluator: Stored plot at reports/experiments/variance_1/intensity/figures/seed-1206099335/scores_Syn Variance Outliers (extremeness=0.25)-1-10-2021-12-06-211123.pdf
2021-12-06 21:11:24 [DEBUG] matplotlib.backends.backend_pdf: Assigning font /b'F1' = '/home/tianyu/anaconda3/envs/DeepADoTS/lib/python3.7/site-packages/matplotlib/mpl-data/fonts/ttf/DejaVuSans.ttf'
2021-12-06 21:11:24 [DEBUG] matplotlib.backends.backend_pdf: Embedding font /home/tianyu/anaconda3/envs/DeepADoTS/lib/python3.7/site-packages/matplotlib/mpl-data/fonts/ttf/DejaVuSans.ttf.
2021-12-06 21:11:24 [DEBUG] matplotlib.backends.backend_pdf: Writing TrueType font.
2021-12-06 21:11:24 [INFO] src.evaluation.evaluator: Stored plot at reports/experiments/variance_1/intensity/figures/seed-1206099335/scores_Syn Variance Outliers (extremeness=0.125)-1-10-2021-12-06-211124.pdf
2021-12-06 21:11:25 [DEBUG] matplotlib.backends.backend_pdf: Assigning font /b'F1' = '/home/tianyu/anaconda3/envs/DeepADoTS/lib/python3.7/site-packages/matplotlib/mpl-data/fonts/ttf/DejaVuSans.ttf'
2021-12-06 21:11:26 [DEBUG] matplotlib.backends.backend_pdf: Embedding font /home/tianyu/anaconda3/envs/DeepADoTS/lib/python3.7/site-packages/matplotlib/mpl-data/fonts/ttf/DejaVuSans.ttf.
2021-12-06 21:11:26 [DEBUG] matplotlib.backends.backend_pdf: Writing TrueType font.
2021-12-06 21:11:26 [INFO] src.evaluation.evaluator: Stored plot at reports/experiments/variance_1/intensity/figures/seed-1206099335/scores_Syn Variance Outliers (extremeness=0.0625)-1-10-2021-12-06-211125.pdf
2021-12-06 21:11:27 [DEBUG] matplotlib.backends.backend_pdf: Assigning font /b'F1' = '/home/tianyu/anaconda3/envs/DeepADoTS/lib/python3.7/site-packages/matplotlib/mpl-data/fonts/ttf/DejaVuSans.ttf'
2021-12-06 21:11:27 [DEBUG] matplotlib.backends.backend_pdf: Embedding font /home/tianyu/anaconda3/envs/DeepADoTS/lib/python3.7/site-packages/matplotlib/mpl-data/fonts/ttf/DejaVuSans.ttf.
2021-12-06 21:11:27 [DEBUG] matplotlib.backends.backend_pdf: Writing TrueType font.
2021-12-06 21:11:27 [INFO] src.evaluation.evaluator: Stored plot at reports/experiments/variance_1/intensity/figures/seed-1206099335/scores_Syn Variance Outliers (extremeness=0.03125)-1-10-2021-12-06-211127.pdf
2021-12-06 21:11:27 [INFO] src.evaluation.evaluator: Store evaluator results at /home/tianyu/Desktop/work_space/DeepADoTS/reports/experiments/variance_1/intensity/evaluators/experiment-run-0-1206099335-2021-12-06-211127.pkl
2021-12-06 21:11:27 [INFO] src.evaluation.evaluator: Store evaluator results at /home/tianyu/Desktop/work_space/DeepADoTS/reports/experiments/variance_1/intensity/evaluators/experiment-extreme-2021-12-06-211127.pkl
2021-12-06 21:11:27 [DEBUG] matplotlib.backends.backend_pdf: Assigning font /b'F1' = '/home/tianyu/anaconda3/envs/DeepADoTS/lib/python3.7/site-packages/matplotlib/mpl-data/fonts/ttf/DejaVuSans.ttf'
2021-12-06 21:11:27 [DEBUG] matplotlib.backends.backend_pdf: Embedding font /home/tianyu/anaconda3/envs/DeepADoTS/lib/python3.7/site-packages/matplotlib/mpl-data/fonts/ttf/DejaVuSans.ttf.
2021-12-06 21:11:27 [DEBUG] matplotlib.backends.backend_pdf: Writing TrueType font.
2021-12-06 21:11:27 [INFO] src.evaluation.evaluator: Stored plot at reports/experiments/variance_1/intensity/figures/boxplot_auc_for_LSTM-ED_1_runs-1-10-2021-12-06-211127.pdf
2021-12-06 21:11:27 [DEBUG] matplotlib.backends.backend_pdf: Assigning font /b'F1' = '/home/tianyu/anaconda3/envs/DeepADoTS/lib/python3.7/site-packages/matplotlib/mpl-data/fonts/ttf/DejaVuSans.ttf'
2021-12-06 21:11:27 [DEBUG] matplotlib.backends.backend_pdf: Embedding font /home/tianyu/anaconda3/envs/DeepADoTS/lib/python3.7/site-packages/matplotlib/mpl-data/fonts/ttf/DejaVuSans.ttf.
2021-12-06 21:11:27 [DEBUG] matplotlib.backends.backend_pdf: Writing TrueType font.
2021-12-06 21:11:27 [INFO] src.evaluation.evaluator: Stored plot at reports/experiments/variance_1/intensity/figures/boxplot_auc_for_Syn Variance Outliers (extremeness=16.0)_1_runs-1-10-2021-12-06-211127.pdf
2021-12-06 21:11:27 [DEBUG] matplotlib.backends.backend_pdf: Assigning font /b'F1' = '/home/tianyu/anaconda3/envs/DeepADoTS/lib/python3.7/site-packages/matplotlib/mpl-data/fonts/ttf/DejaVuSans.ttf'
2021-12-06 21:11:27 [DEBUG] matplotlib.backends.backend_pdf: Embedding font /home/tianyu/anaconda3/envs/DeepADoTS/lib/python3.7/site-packages/matplotlib/mpl-data/fonts/ttf/DejaVuSans.ttf.
2021-12-06 21:11:27 [DEBUG] matplotlib.backends.backend_pdf: Writing TrueType font.
2021-12-06 21:11:28 [INFO] src.evaluation.evaluator: Stored plot at reports/experiments/variance_1/intensity/figures/boxplot_auc_for_Syn Variance Outliers (extremeness=8.0)_1_runs-1-10-2021-12-06-211127.pdf
2021-12-06 21:11:28 [DEBUG] matplotlib.backends.backend_pdf: Assigning font /b'F1' = '/home/tianyu/anaconda3/envs/DeepADoTS/lib/python3.7/site-packages/matplotlib/mpl-data/fonts/ttf/DejaVuSans.ttf'
2021-12-06 21:11:28 [DEBUG] matplotlib.backends.backend_pdf: Embedding font /home/tianyu/anaconda3/envs/DeepADoTS/lib/python3.7/site-packages/matplotlib/mpl-data/fonts/ttf/DejaVuSans.ttf.
2021-12-06 21:11:28 [DEBUG] matplotlib.backends.backend_pdf: Writing TrueType font.
2021-12-06 21:11:28 [INFO] src.evaluation.evaluator: Stored plot at reports/experiments/variance_1/intensity/figures/boxplot_auc_for_Syn Variance Outliers (extremeness=4.0)_1_runs-1-10-2021-12-06-211128.pdf
2021-12-06 21:11:28 [DEBUG] matplotlib.backends.backend_pdf: Assigning font /b'F1' = '/home/tianyu/anaconda3/envs/DeepADoTS/lib/python3.7/site-packages/matplotlib/mpl-data/fonts/ttf/DejaVuSans.ttf'
2021-12-06 21:11:28 [DEBUG] matplotlib.backends.backend_pdf: Embedding font /home/tianyu/anaconda3/envs/DeepADoTS/lib/python3.7/site-packages/matplotlib/mpl-data/fonts/ttf/DejaVuSans.ttf.
2021-12-06 21:11:28 [DEBUG] matplotlib.backends.backend_pdf: Writing TrueType font.
2021-12-06 21:11:28 [INFO] src.evaluation.evaluator: Stored plot at reports/experiments/variance_1/intensity/figures/boxplot_auc_for_Syn Variance Outliers (extremeness=2.0)_1_runs-1-10-2021-12-06-211128.pdf
2021-12-06 21:11:28 [DEBUG] matplotlib.backends.backend_pdf: Assigning font /b'F1' = '/home/tianyu/anaconda3/envs/DeepADoTS/lib/python3.7/site-packages/matplotlib/mpl-data/fonts/ttf/DejaVuSans.ttf'
2021-12-06 21:11:28 [DEBUG] matplotlib.backends.backend_pdf: Embedding font /home/tianyu/anaconda3/envs/DeepADoTS/lib/python3.7/site-packages/matplotlib/mpl-data/fonts/ttf/DejaVuSans.ttf.
2021-12-06 21:11:28 [DEBUG] matplotlib.backends.backend_pdf: Writing TrueType font.
2021-12-06 21:11:28 [INFO] src.evaluation.evaluator: Stored plot at reports/experiments/variance_1/intensity/figures/boxplot_auc_for_Syn Variance Outliers (extremeness=1.0)_1_runs-1-10-2021-12-06-211128.pdf
2021-12-06 21:11:28 [DEBUG] matplotlib.backends.backend_pdf: Assigning font /b'F1' = '/home/tianyu/anaconda3/envs/DeepADoTS/lib/python3.7/site-packages/matplotlib/mpl-data/fonts/ttf/DejaVuSans.ttf'
2021-12-06 21:11:28 [DEBUG] matplotlib.backends.backend_pdf: Embedding font /home/tianyu/anaconda3/envs/DeepADoTS/lib/python3.7/site-packages/matplotlib/mpl-data/fonts/ttf/DejaVuSans.ttf.
2021-12-06 21:11:28 [DEBUG] matplotlib.backends.backend_pdf: Writing TrueType font.
2021-12-06 21:11:28 [INFO] src.evaluation.evaluator: Stored plot at reports/experiments/variance_1/intensity/figures/boxplot_auc_for_Syn Variance Outliers (extremeness=0.5)_1_runs-1-10-2021-12-06-211128.pdf
2021-12-06 21:11:28 [DEBUG] matplotlib.backends.backend_pdf: Assigning font /b'F1' = '/home/tianyu/anaconda3/envs/DeepADoTS/lib/python3.7/site-packages/matplotlib/mpl-data/fonts/ttf/DejaVuSans.ttf'
2021-12-06 21:11:28 [DEBUG] matplotlib.backends.backend_pdf: Embedding font /home/tianyu/anaconda3/envs/DeepADoTS/lib/python3.7/site-packages/matplotlib/mpl-data/fonts/ttf/DejaVuSans.ttf.
2021-12-06 21:11:28 [DEBUG] matplotlib.backends.backend_pdf: Writing TrueType font.
2021-12-06 21:11:28 [INFO] src.evaluation.evaluator: Stored plot at reports/experiments/variance_1/intensity/figures/boxplot_auc_for_Syn Variance Outliers (extremeness=0.25)_1_runs-1-10-2021-12-06-211128.pdf
2021-12-06 21:11:28 [DEBUG] matplotlib.backends.backend_pdf: Assigning font /b'F1' = '/home/tianyu/anaconda3/envs/DeepADoTS/lib/python3.7/site-packages/matplotlib/mpl-data/fonts/ttf/DejaVuSans.ttf'
2021-12-06 21:11:28 [DEBUG] matplotlib.backends.backend_pdf: Embedding font /home/tianyu/anaconda3/envs/DeepADoTS/lib/python3.7/site-packages/matplotlib/mpl-data/fonts/ttf/DejaVuSans.ttf.
2021-12-06 21:11:28 [DEBUG] matplotlib.backends.backend_pdf: Writing TrueType font.
2021-12-06 21:11:28 [INFO] src.evaluation.evaluator: Stored plot at reports/experiments/variance_1/intensity/figures/boxplot_auc_for_Syn Variance Outliers (extremeness=0.125)_1_runs-1-10-2021-12-06-211128.pdf
2021-12-06 21:11:28 [DEBUG] matplotlib.backends.backend_pdf: Assigning font /b'F1' = '/home/tianyu/anaconda3/envs/DeepADoTS/lib/python3.7/site-packages/matplotlib/mpl-data/fonts/ttf/DejaVuSans.ttf'
2021-12-06 21:11:29 [DEBUG] matplotlib.backends.backend_pdf: Embedding font /home/tianyu/anaconda3/envs/DeepADoTS/lib/python3.7/site-packages/matplotlib/mpl-data/fonts/ttf/DejaVuSans.ttf.
2021-12-06 21:11:29 [DEBUG] matplotlib.backends.backend_pdf: Writing TrueType font.
2021-12-06 21:11:29 [INFO] src.evaluation.evaluator: Stored plot at reports/experiments/variance_1/intensity/figures/boxplot_auc_for_Syn Variance Outliers (extremeness=0.0625)_1_runs-1-10-2021-12-06-211128.pdf
2021-12-06 21:11:29 [DEBUG] matplotlib.backends.backend_pdf: Assigning font /b'F1' = '/home/tianyu/anaconda3/envs/DeepADoTS/lib/python3.7/site-packages/matplotlib/mpl-data/fonts/ttf/DejaVuSans.ttf'
2021-12-06 21:11:29 [DEBUG] matplotlib.backends.backend_pdf: Embedding font /home/tianyu/anaconda3/envs/DeepADoTS/lib/python3.7/site-packages/matplotlib/mpl-data/fonts/ttf/DejaVuSans.ttf.
2021-12-06 21:11:29 [DEBUG] matplotlib.backends.backend_pdf: Writing TrueType font.
2021-12-06 21:11:29 [INFO] src.evaluation.evaluator: Stored plot at reports/experiments/variance_1/intensity/figures/boxplot_auc_for_Syn Variance Outliers (extremeness=0.03125)_1_runs-1-10-2021-12-06-211129.pdf
2021-12-06 21:11:29 [INFO] src.evaluation.evaluator: Dataset: Syn Variance Outliers (extremeness=16.0)
+----+------------------------------------------+-------------+----------------+-----------------+--------------+----------------+------------------+-------------+
|    | dataset                                  | algorithm   |   accuracy_std |   precision_std |   recall_std |   F1-score_std |   F0.1-score_std |   auroc_std |
|----+------------------------------------------+-------------+----------------+-----------------+--------------+----------------+------------------+-------------|
|  6 | Syn Variance Outliers (extremeness=16.0) | LSTM-ED     |              0 |               0 |            0 |              0 |                0 |           0 |
+----+------------------------------------------+-------------+----------------+-----------------+--------------+----------------+------------------+-------------+
2021-12-06 21:11:29 [INFO] src.evaluation.evaluator: Dataset: Syn Variance Outliers (extremeness=8.0)
+----+-----------------------------------------+-------------+----------------+-----------------+--------------+----------------+------------------+-------------+
|    | dataset                                 | algorithm   |   accuracy_std |   precision_std |   recall_std |   F1-score_std |   F0.1-score_std |   auroc_std |
|----+-----------------------------------------+-------------+----------------+-----------------+--------------+----------------+------------------+-------------|
|  9 | Syn Variance Outliers (extremeness=8.0) | LSTM-ED     |              0 |               0 |            0 |              0 |                0 |           0 |
+----+-----------------------------------------+-------------+----------------+-----------------+--------------+----------------+------------------+-------------+
2021-12-06 21:11:29 [INFO] src.evaluation.evaluator: Dataset: Syn Variance Outliers (extremeness=4.0)
+----+-----------------------------------------+-------------+----------------+-----------------+--------------+----------------+------------------+-------------+
|    | dataset                                 | algorithm   |   accuracy_std |   precision_std |   recall_std |   F1-score_std |   F0.1-score_std |   auroc_std |
|----+-----------------------------------------+-------------+----------------+-----------------+--------------+----------------+------------------+-------------|
|  8 | Syn Variance Outliers (extremeness=4.0) | LSTM-ED     |              0 |               0 |            0 |              0 |                0 |           0 |
+----+-----------------------------------------+-------------+----------------+-----------------+--------------+----------------+------------------+-------------+
2021-12-06 21:11:29 [INFO] src.evaluation.evaluator: Dataset: Syn Variance Outliers (extremeness=2.0)
+----+-----------------------------------------+-------------+----------------+-----------------+--------------+----------------+------------------+-------------+
|    | dataset                                 | algorithm   |   accuracy_std |   precision_std |   recall_std |   F1-score_std |   F0.1-score_std |   auroc_std |
|----+-----------------------------------------+-------------+----------------+-----------------+--------------+----------------+------------------+-------------|
|  7 | Syn Variance Outliers (extremeness=2.0) | LSTM-ED     |              0 |               0 |            0 |              0 |                0 |           0 |
+----+-----------------------------------------+-------------+----------------+-----------------+--------------+----------------+------------------+-------------+
2021-12-06 21:11:29 [INFO] src.evaluation.evaluator: Dataset: Syn Variance Outliers (extremeness=1.0)
+----+-----------------------------------------+-------------+----------------+-----------------+--------------+----------------+------------------+-------------+
|    | dataset                                 | algorithm   |   accuracy_std |   precision_std |   recall_std |   F1-score_std |   F0.1-score_std |   auroc_std |
|----+-----------------------------------------+-------------+----------------+-----------------+--------------+----------------+------------------+-------------|
|  5 | Syn Variance Outliers (extremeness=1.0) | LSTM-ED     |              0 |               0 |            0 |              0 |                0 |           0 |
+----+-----------------------------------------+-------------+----------------+-----------------+--------------+----------------+------------------+-------------+
2021-12-06 21:11:29 [INFO] src.evaluation.evaluator: Dataset: Syn Variance Outliers (extremeness=0.5)
+----+-----------------------------------------+-------------+----------------+-----------------+--------------+----------------+------------------+-------------+
|    | dataset                                 | algorithm   |   accuracy_std |   precision_std |   recall_std |   F1-score_std |   F0.1-score_std |   auroc_std |
|----+-----------------------------------------+-------------+----------------+-----------------+--------------+----------------+------------------+-------------|
|  4 | Syn Variance Outliers (extremeness=0.5) | LSTM-ED     |              0 |               0 |            0 |              0 |                0 |           0 |
+----+-----------------------------------------+-------------+----------------+-----------------+--------------+----------------+------------------+-------------+
2021-12-06 21:11:29 [INFO] src.evaluation.evaluator: Dataset: Syn Variance Outliers (extremeness=0.25)
+----+------------------------------------------+-------------+----------------+-----------------+--------------+----------------+------------------+-------------+
|    | dataset                                  | algorithm   |   accuracy_std |   precision_std |   recall_std |   F1-score_std |   F0.1-score_std |   auroc_std |
|----+------------------------------------------+-------------+----------------+-----------------+--------------+----------------+------------------+-------------|
|  3 | Syn Variance Outliers (extremeness=0.25) | LSTM-ED     |              0 |               0 |            0 |              0 |                0 |           0 |
+----+------------------------------------------+-------------+----------------+-----------------+--------------+----------------+------------------+-------------+
2021-12-06 21:11:29 [INFO] src.evaluation.evaluator: Dataset: Syn Variance Outliers (extremeness=0.125)
+----+-------------------------------------------+-------------+----------------+-----------------+--------------+----------------+------------------+-------------+
|    | dataset                                   | algorithm   |   accuracy_std |   precision_std |   recall_std |   F1-score_std |   F0.1-score_std |   auroc_std |
|----+-------------------------------------------+-------------+----------------+-----------------+--------------+----------------+------------------+-------------|
|  2 | Syn Variance Outliers (extremeness=0.125) | LSTM-ED     |              0 |               0 |            0 |              0 |                0 |           0 |
+----+-------------------------------------------+-------------+----------------+-----------------+--------------+----------------+------------------+-------------+
2021-12-06 21:11:29 [INFO] src.evaluation.evaluator: Dataset: Syn Variance Outliers (extremeness=0.0625)
+----+--------------------------------------------+-------------+----------------+-----------------+--------------+----------------+------------------+-------------+
|    | dataset                                    | algorithm   |   accuracy_std |   precision_std |   recall_std |   F1-score_std |   F0.1-score_std |   auroc_std |
|----+--------------------------------------------+-------------+----------------+-----------------+--------------+----------------+------------------+-------------|
|  1 | Syn Variance Outliers (extremeness=0.0625) | LSTM-ED     |              0 |               0 |            0 |              0 |                0 |           0 |
+----+--------------------------------------------+-------------+----------------+-----------------+--------------+----------------+------------------+-------------+
2021-12-06 21:11:29 [INFO] src.evaluation.evaluator: Dataset: Syn Variance Outliers (extremeness=0.03125)
+----+---------------------------------------------+-------------+----------------+-----------------+--------------+----------------+------------------+-------------+
|    | dataset                                     | algorithm   |   accuracy_std |   precision_std |   recall_std |   F1-score_std |   F0.1-score_std |   auroc_std |
|----+---------------------------------------------+-------------+----------------+-----------------+--------------+----------------+------------------+-------------|
|  0 | Syn Variance Outliers (extremeness=0.03125) | LSTM-ED     |              0 |               0 |            0 |              0 |                0 |           0 |
+----+---------------------------------------------+-------------+----------------+-----------------+--------------+----------------+------------------+-------------+
2021-12-06 21:11:29 [INFO] src.evaluation.evaluator: Stored tex file at reports/experiments/variance_1/intensity/tables/seed-1206099335/latex_merged_std_per_dataset_for_extreme-1-10-1638796289.tex
2021-12-06 21:11:29 [INFO] src.evaluation.evaluator: Dataset: Syn Variance Outliers (extremeness=16.0)
+----+------------------------------------------+-------------+----------------+-----------------+--------------+----------------+------------------+-------------+
|    | dataset                                  | algorithm   |   accuracy_avg |   precision_avg |   recall_avg |   F1-score_avg |   F0.1-score_avg |   auroc_avg |
|----+------------------------------------------+-------------+----------------+-----------------+--------------+----------------+------------------+-------------|
|  6 | Syn Variance Outliers (extremeness=16.0) | LSTM-ED     |       0.891111 |        0.688525 |     0.583333 |       0.631579 |         0.687297 |    0.892655 |
+----+------------------------------------------+-------------+----------------+-----------------+--------------+----------------+------------------+-------------+
2021-12-06 21:11:29 [INFO] src.evaluation.evaluator: Dataset: Syn Variance Outliers (extremeness=8.0)
+----+-----------------------------------------+-------------+----------------+-----------------+--------------+----------------+------------------+-------------+
|    | dataset                                 | algorithm   |   accuracy_avg |   precision_avg |   recall_avg |   F1-score_avg |   F0.1-score_avg |   auroc_avg |
|----+-----------------------------------------+-------------+----------------+-----------------+--------------+----------------+------------------+-------------|
|  9 | Syn Variance Outliers (extremeness=8.0) | LSTM-ED     |       0.836667 |        0.487805 |     0.416667 |       0.449438 |         0.486982 |    0.760251 |
+----+-----------------------------------------+-------------+----------------+-----------------+--------------+----------------+------------------+-------------+
2021-12-06 21:11:29 [INFO] src.evaluation.evaluator: Dataset: Syn Variance Outliers (extremeness=4.0)
+----+-----------------------------------------+-------------+----------------+-----------------+--------------+----------------+------------------+-------------+
|    | dataset                                 | algorithm   |   accuracy_avg |   precision_avg |   recall_avg |   F1-score_avg |   F0.1-score_avg |   auroc_avg |
|----+-----------------------------------------+-------------+----------------+-----------------+--------------+----------------+------------------+-------------|
|  8 | Syn Variance Outliers (extremeness=4.0) | LSTM-ED     |       0.407778 |        0.180624 |     0.763889 |       0.292165 |            0.182 |    0.589258 |
+----+-----------------------------------------+-------------+----------------+-----------------+--------------+----------------+------------------+-------------+
2021-12-06 21:11:29 [INFO] src.evaluation.evaluator: Dataset: Syn Variance Outliers (extremeness=2.0)
+----+-----------------------------------------+-------------+----------------+-----------------+--------------+----------------+------------------+-------------+
|    | dataset                                 | algorithm   |   accuracy_avg |   precision_avg |   recall_avg |   F1-score_avg |   F0.1-score_avg |   auroc_avg |
|----+-----------------------------------------+-------------+----------------+-----------------+--------------+----------------+------------------+-------------|
|  7 | Syn Variance Outliers (extremeness=2.0) | LSTM-ED     |           0.16 |            0.16 |            1 |       0.275862 |         0.161342 |    0.477467 |
+----+-----------------------------------------+-------------+----------------+-----------------+--------------+----------------+------------------+-------------+
2021-12-06 21:11:29 [INFO] src.evaluation.evaluator: Dataset: Syn Variance Outliers (extremeness=1.0)
+----+-----------------------------------------+-------------+----------------+-----------------+--------------+----------------+------------------+-------------+
|    | dataset                                 | algorithm   |   accuracy_avg |   precision_avg |   recall_avg |   F1-score_avg |   F0.1-score_avg |   auroc_avg |
|----+-----------------------------------------+-------------+----------------+-----------------+--------------+----------------+------------------+-------------|
|  5 | Syn Variance Outliers (extremeness=1.0) | LSTM-ED     |           0.16 |            0.16 |            1 |       0.275862 |         0.161342 |    0.508543 |
+----+-----------------------------------------+-------------+----------------+-----------------+--------------+----------------+------------------+-------------+
2021-12-06 21:11:29 [INFO] src.evaluation.evaluator: Dataset: Syn Variance Outliers (extremeness=0.5)
+----+-----------------------------------------+-------------+----------------+-----------------+--------------+----------------+------------------+-------------+
|    | dataset                                 | algorithm   |   accuracy_avg |   precision_avg |   recall_avg |   F1-score_avg |   F0.1-score_avg |   auroc_avg |
|----+-----------------------------------------+-------------+----------------+-----------------+--------------+----------------+------------------+-------------|
|  4 | Syn Variance Outliers (extremeness=0.5) | LSTM-ED     |           0.16 |            0.16 |            1 |       0.275862 |         0.161342 |     0.52358 |
+----+-----------------------------------------+-------------+----------------+-----------------+--------------+----------------+------------------+-------------+
2021-12-06 21:11:29 [INFO] src.evaluation.evaluator: Dataset: Syn Variance Outliers (extremeness=0.25)
+----+------------------------------------------+-------------+----------------+-----------------+--------------+----------------+------------------+-------------+
|    | dataset                                  | algorithm   |   accuracy_avg |   precision_avg |   recall_avg |   F1-score_avg |   F0.1-score_avg |   auroc_avg |
|----+------------------------------------------+-------------+----------------+-----------------+--------------+----------------+------------------+-------------|
|  3 | Syn Variance Outliers (extremeness=0.25) | LSTM-ED     |       0.248889 |        0.164987 |     0.909722 |       0.279318 |         0.166336 |    0.521825 |
+----+------------------------------------------+-------------+----------------+-----------------+--------------+----------------+------------------+-------------+
2021-12-06 21:11:29 [INFO] src.evaluation.evaluator: Dataset: Syn Variance Outliers (extremeness=0.125)
+----+-------------------------------------------+-------------+----------------+-----------------+--------------+----------------+------------------+-------------+
|    | dataset                                   | algorithm   |   accuracy_avg |   precision_avg |   recall_avg |   F1-score_avg |   F0.1-score_avg |   auroc_avg |
|----+-------------------------------------------+-------------+----------------+-----------------+--------------+----------------+------------------+-------------|
|  2 | Syn Variance Outliers (extremeness=0.125) | LSTM-ED     |           0.16 |            0.16 |            1 |       0.275862 |         0.161342 |    0.520144 |
+----+-------------------------------------------+-------------+----------------+-----------------+--------------+----------------+------------------+-------------+
2021-12-06 21:11:29 [INFO] src.evaluation.evaluator: Dataset: Syn Variance Outliers (extremeness=0.0625)
+----+--------------------------------------------+-------------+----------------+-----------------+--------------+----------------+------------------+-------------+
|    | dataset                                    | algorithm   |   accuracy_avg |   precision_avg |   recall_avg |   F1-score_avg |   F0.1-score_avg |   auroc_avg |
|----+--------------------------------------------+-------------+----------------+-----------------+--------------+----------------+------------------+-------------|
|  1 | Syn Variance Outliers (extremeness=0.0625) | LSTM-ED     |           0.16 |            0.16 |            1 |       0.275862 |         0.161342 |    0.519391 |
+----+--------------------------------------------+-------------+----------------+-----------------+--------------+----------------+------------------+-------------+
2021-12-06 21:11:29 [INFO] src.evaluation.evaluator: Dataset: Syn Variance Outliers (extremeness=0.03125)
+----+---------------------------------------------+-------------+----------------+-----------------+--------------+----------------+------------------+-------------+
|    | dataset                                     | algorithm   |   accuracy_avg |   precision_avg |   recall_avg |   F1-score_avg |   F0.1-score_avg |   auroc_avg |
|----+---------------------------------------------+-------------+----------------+-----------------+--------------+----------------+------------------+-------------|
|  0 | Syn Variance Outliers (extremeness=0.03125) | LSTM-ED     |           0.16 |            0.16 |            1 |       0.275862 |         0.161342 |    0.518849 |
+----+---------------------------------------------+-------------+----------------+-----------------+--------------+----------------+------------------+-------------+
2021-12-06 21:11:29 [INFO] src.evaluation.evaluator: Stored tex file at reports/experiments/variance_1/intensity/tables/seed-1206099335/latex_merged_avg_per_dataset_for_extreme-1-10-1638796289.tex
2021-12-06 21:11:29 [INFO] src.evaluation.evaluator: Detector: LSTM-ED
+----+---------------------------------------------+-------------+----------------+-----------------+--------------+----------------+------------------+-------------+
|    | dataset                                     | algorithm   |   accuracy_std |   precision_std |   recall_std |   F1-score_std |   F0.1-score_std |   auroc_std |
|----+---------------------------------------------+-------------+----------------+-----------------+--------------+----------------+------------------+-------------|
|  0 | Syn Variance Outliers (extremeness=0.03125) | LSTM-ED     |              0 |               0 |            0 |              0 |                0 |           0 |
|  1 | Syn Variance Outliers (extremeness=0.0625)  | LSTM-ED     |              0 |               0 |            0 |              0 |                0 |           0 |
|  2 | Syn Variance Outliers (extremeness=0.125)   | LSTM-ED     |              0 |               0 |            0 |              0 |                0 |           0 |
|  3 | Syn Variance Outliers (extremeness=0.25)    | LSTM-ED     |              0 |               0 |            0 |              0 |                0 |           0 |
|  4 | Syn Variance Outliers (extremeness=0.5)     | LSTM-ED     |              0 |               0 |            0 |              0 |                0 |           0 |
|  5 | Syn Variance Outliers (extremeness=1.0)     | LSTM-ED     |              0 |               0 |            0 |              0 |                0 |           0 |
|  6 | Syn Variance Outliers (extremeness=16.0)    | LSTM-ED     |              0 |               0 |            0 |              0 |                0 |           0 |
|  7 | Syn Variance Outliers (extremeness=2.0)     | LSTM-ED     |              0 |               0 |            0 |              0 |                0 |           0 |
|  8 | Syn Variance Outliers (extremeness=4.0)     | LSTM-ED     |              0 |               0 |            0 |              0 |                0 |           0 |
|  9 | Syn Variance Outliers (extremeness=8.0)     | LSTM-ED     |              0 |               0 |            0 |              0 |                0 |           0 |
+----+---------------------------------------------+-------------+----------------+-----------------+--------------+----------------+------------------+-------------+
2021-12-06 21:11:29 [INFO] src.evaluation.evaluator: Stored tex file at reports/experiments/variance_1/intensity/tables/seed-1206099335/latex_merged_std_per_algorithm_for_extreme-1-10-1638796289.tex
2021-12-06 21:11:29 [INFO] src.evaluation.evaluator: Detector: LSTM-ED
+----+---------------------------------------------+-------------+----------------+-----------------+--------------+----------------+------------------+-------------+
|    | dataset                                     | algorithm   |   accuracy_avg |   precision_avg |   recall_avg |   F1-score_avg |   F0.1-score_avg |   auroc_avg |
|----+---------------------------------------------+-------------+----------------+-----------------+--------------+----------------+------------------+-------------|
|  0 | Syn Variance Outliers (extremeness=0.03125) | LSTM-ED     |       0.16     |        0.16     |     1        |       0.275862 |         0.161342 |    0.518849 |
|  1 | Syn Variance Outliers (extremeness=0.0625)  | LSTM-ED     |       0.16     |        0.16     |     1        |       0.275862 |         0.161342 |    0.519391 |
|  2 | Syn Variance Outliers (extremeness=0.125)   | LSTM-ED     |       0.16     |        0.16     |     1        |       0.275862 |         0.161342 |    0.520144 |
|  3 | Syn Variance Outliers (extremeness=0.25)    | LSTM-ED     |       0.248889 |        0.164987 |     0.909722 |       0.279318 |         0.166336 |    0.521825 |
|  4 | Syn Variance Outliers (extremeness=0.5)     | LSTM-ED     |       0.16     |        0.16     |     1        |       0.275862 |         0.161342 |    0.52358  |
|  5 | Syn Variance Outliers (extremeness=1.0)     | LSTM-ED     |       0.16     |        0.16     |     1        |       0.275862 |         0.161342 |    0.508543 |
|  6 | Syn Variance Outliers (extremeness=16.0)    | LSTM-ED     |       0.891111 |        0.688525 |     0.583333 |       0.631579 |         0.687297 |    0.892655 |
|  7 | Syn Variance Outliers (extremeness=2.0)     | LSTM-ED     |       0.16     |        0.16     |     1        |       0.275862 |         0.161342 |    0.477467 |
|  8 | Syn Variance Outliers (extremeness=4.0)     | LSTM-ED     |       0.407778 |        0.180624 |     0.763889 |       0.292165 |         0.182    |    0.589258 |
|  9 | Syn Variance Outliers (extremeness=8.0)     | LSTM-ED     |       0.836667 |        0.487805 |     0.416667 |       0.449438 |         0.486982 |    0.760251 |
+----+---------------------------------------------+-------------+----------------+-----------------+--------------+----------------+------------------+-------------+
2021-12-06 21:11:29 [INFO] src.evaluation.evaluator: Stored tex file at reports/experiments/variance_1/intensity/tables/seed-1206099335/latex_merged_avg_per_algorithm_for_extreme-1-10-1638796289.tex
2021-12-06 21:11:29 [DEBUG] matplotlib.backends.backend_pdf: Assigning font /b'F1' = '/home/tianyu/anaconda3/envs/DeepADoTS/lib/python3.7/site-packages/matplotlib/mpl-data/fonts/ttf/DejaVuSans.ttf'
2021-12-06 21:11:29 [DEBUG] matplotlib.backends.backend_pdf: Embedding font /home/tianyu/anaconda3/envs/DeepADoTS/lib/python3.7/site-packages/matplotlib/mpl-data/fonts/ttf/DejaVuSans.ttf.
2021-12-06 21:11:29 [DEBUG] matplotlib.backends.backend_pdf: Writing TrueType font.
2021-12-06 21:11:29 [INFO] src.evaluation.evaluator: Stored plot at reports/experiments/variance_1/intensity/figures/barchart_auc_for_LSTM-ED_1_runs-1-10-2021-12-06-211129.pdf
2021-12-06 21:11:29 [DEBUG] matplotlib.backends.backend_pdf: Assigning font /b'F1' = '/home/tianyu/anaconda3/envs/DeepADoTS/lib/python3.7/site-packages/matplotlib/mpl-data/fonts/ttf/DejaVuSans.ttf'
2021-12-06 21:11:29 [DEBUG] matplotlib.backends.backend_pdf: Embedding font /home/tianyu/anaconda3/envs/DeepADoTS/lib/python3.7/site-packages/matplotlib/mpl-data/fonts/ttf/DejaVuSans.ttf.
2021-12-06 21:11:29 [DEBUG] matplotlib.backends.backend_pdf: Writing TrueType font.
2021-12-06 21:11:29 [INFO] src.evaluation.evaluator: Stored plot at reports/experiments/variance_1/intensity/figures/barchart_auc_for_Syn Variance Outliers (extremeness=16.0)_1_runs-1-10-2021-12-06-211129.pdf
2021-12-06 21:11:29 [DEBUG] matplotlib.backends.backend_pdf: Assigning font /b'F1' = '/home/tianyu/anaconda3/envs/DeepADoTS/lib/python3.7/site-packages/matplotlib/mpl-data/fonts/ttf/DejaVuSans.ttf'
2021-12-06 21:11:29 [DEBUG] matplotlib.backends.backend_pdf: Embedding font /home/tianyu/anaconda3/envs/DeepADoTS/lib/python3.7/site-packages/matplotlib/mpl-data/fonts/ttf/DejaVuSans.ttf.
2021-12-06 21:11:29 [DEBUG] matplotlib.backends.backend_pdf: Writing TrueType font.
2021-12-06 21:11:29 [INFO] src.evaluation.evaluator: Stored plot at reports/experiments/variance_1/intensity/figures/barchart_auc_for_Syn Variance Outliers (extremeness=8.0)_1_runs-1-10-2021-12-06-211129.pdf
2021-12-06 21:11:29 [DEBUG] matplotlib.backends.backend_pdf: Assigning font /b'F1' = '/home/tianyu/anaconda3/envs/DeepADoTS/lib/python3.7/site-packages/matplotlib/mpl-data/fonts/ttf/DejaVuSans.ttf'
2021-12-06 21:11:29 [DEBUG] matplotlib.backends.backend_pdf: Embedding font /home/tianyu/anaconda3/envs/DeepADoTS/lib/python3.7/site-packages/matplotlib/mpl-data/fonts/ttf/DejaVuSans.ttf.
2021-12-06 21:11:29 [DEBUG] matplotlib.backends.backend_pdf: Writing TrueType font.
2021-12-06 21:11:29 [INFO] src.evaluation.evaluator: Stored plot at reports/experiments/variance_1/intensity/figures/barchart_auc_for_Syn Variance Outliers (extremeness=4.0)_1_runs-1-10-2021-12-06-211129.pdf
2021-12-06 21:11:30 [DEBUG] matplotlib.backends.backend_pdf: Assigning font /b'F1' = '/home/tianyu/anaconda3/envs/DeepADoTS/lib/python3.7/site-packages/matplotlib/mpl-data/fonts/ttf/DejaVuSans.ttf'
2021-12-06 21:11:30 [DEBUG] matplotlib.backends.backend_pdf: Embedding font /home/tianyu/anaconda3/envs/DeepADoTS/lib/python3.7/site-packages/matplotlib/mpl-data/fonts/ttf/DejaVuSans.ttf.
2021-12-06 21:11:30 [DEBUG] matplotlib.backends.backend_pdf: Writing TrueType font.
2021-12-06 21:11:30 [INFO] src.evaluation.evaluator: Stored plot at reports/experiments/variance_1/intensity/figures/barchart_auc_for_Syn Variance Outliers (extremeness=2.0)_1_runs-1-10-2021-12-06-211130.pdf
2021-12-06 21:11:30 [DEBUG] matplotlib.backends.backend_pdf: Assigning font /b'F1' = '/home/tianyu/anaconda3/envs/DeepADoTS/lib/python3.7/site-packages/matplotlib/mpl-data/fonts/ttf/DejaVuSans.ttf'
2021-12-06 21:11:30 [DEBUG] matplotlib.backends.backend_pdf: Embedding font /home/tianyu/anaconda3/envs/DeepADoTS/lib/python3.7/site-packages/matplotlib/mpl-data/fonts/ttf/DejaVuSans.ttf.
2021-12-06 21:11:30 [DEBUG] matplotlib.backends.backend_pdf: Writing TrueType font.
2021-12-06 21:11:30 [INFO] src.evaluation.evaluator: Stored plot at reports/experiments/variance_1/intensity/figures/barchart_auc_for_Syn Variance Outliers (extremeness=1.0)_1_runs-1-10-2021-12-06-211130.pdf
2021-12-06 21:11:30 [DEBUG] matplotlib.backends.backend_pdf: Assigning font /b'F1' = '/home/tianyu/anaconda3/envs/DeepADoTS/lib/python3.7/site-packages/matplotlib/mpl-data/fonts/ttf/DejaVuSans.ttf'
2021-12-06 21:11:30 [DEBUG] matplotlib.backends.backend_pdf: Embedding font /home/tianyu/anaconda3/envs/DeepADoTS/lib/python3.7/site-packages/matplotlib/mpl-data/fonts/ttf/DejaVuSans.ttf.
2021-12-06 21:11:30 [DEBUG] matplotlib.backends.backend_pdf: Writing TrueType font.
2021-12-06 21:11:30 [INFO] src.evaluation.evaluator: Stored plot at reports/experiments/variance_1/intensity/figures/barchart_auc_for_Syn Variance Outliers (extremeness=0.5)_1_runs-1-10-2021-12-06-211130.pdf
2021-12-06 21:11:30 [DEBUG] matplotlib.backends.backend_pdf: Assigning font /b'F1' = '/home/tianyu/anaconda3/envs/DeepADoTS/lib/python3.7/site-packages/matplotlib/mpl-data/fonts/ttf/DejaVuSans.ttf'
2021-12-06 21:11:30 [DEBUG] matplotlib.backends.backend_pdf: Embedding font /home/tianyu/anaconda3/envs/DeepADoTS/lib/python3.7/site-packages/matplotlib/mpl-data/fonts/ttf/DejaVuSans.ttf.
2021-12-06 21:11:30 [DEBUG] matplotlib.backends.backend_pdf: Writing TrueType font.
2021-12-06 21:11:30 [INFO] src.evaluation.evaluator: Stored plot at reports/experiments/variance_1/intensity/figures/barchart_auc_for_Syn Variance Outliers (extremeness=0.25)_1_runs-1-10-2021-12-06-211130.pdf
2021-12-06 21:11:30 [DEBUG] matplotlib.backends.backend_pdf: Assigning font /b'F1' = '/home/tianyu/anaconda3/envs/DeepADoTS/lib/python3.7/site-packages/matplotlib/mpl-data/fonts/ttf/DejaVuSans.ttf'
2021-12-06 21:11:30 [DEBUG] matplotlib.backends.backend_pdf: Embedding font /home/tianyu/anaconda3/envs/DeepADoTS/lib/python3.7/site-packages/matplotlib/mpl-data/fonts/ttf/DejaVuSans.ttf.
2021-12-06 21:11:30 [DEBUG] matplotlib.backends.backend_pdf: Writing TrueType font.
2021-12-06 21:11:30 [INFO] src.evaluation.evaluator: Stored plot at reports/experiments/variance_1/intensity/figures/barchart_auc_for_Syn Variance Outliers (extremeness=0.125)_1_runs-1-10-2021-12-06-211130.pdf
2021-12-06 21:11:30 [DEBUG] matplotlib.backends.backend_pdf: Assigning font /b'F1' = '/home/tianyu/anaconda3/envs/DeepADoTS/lib/python3.7/site-packages/matplotlib/mpl-data/fonts/ttf/DejaVuSans.ttf'
2021-12-06 21:11:30 [DEBUG] matplotlib.backends.backend_pdf: Embedding font /home/tianyu/anaconda3/envs/DeepADoTS/lib/python3.7/site-packages/matplotlib/mpl-data/fonts/ttf/DejaVuSans.ttf.
2021-12-06 21:11:30 [DEBUG] matplotlib.backends.backend_pdf: Writing TrueType font.
2021-12-06 21:11:30 [INFO] src.evaluation.evaluator: Stored plot at reports/experiments/variance_1/intensity/figures/barchart_auc_for_Syn Variance Outliers (extremeness=0.0625)_1_runs-1-10-2021-12-06-211130.pdf
2021-12-06 21:11:30 [DEBUG] matplotlib.backends.backend_pdf: Assigning font /b'F1' = '/home/tianyu/anaconda3/envs/DeepADoTS/lib/python3.7/site-packages/matplotlib/mpl-data/fonts/ttf/DejaVuSans.ttf'
2021-12-06 21:11:30 [DEBUG] matplotlib.backends.backend_pdf: Embedding font /home/tianyu/anaconda3/envs/DeepADoTS/lib/python3.7/site-packages/matplotlib/mpl-data/fonts/ttf/DejaVuSans.ttf.
2021-12-06 21:11:30 [DEBUG] matplotlib.backends.backend_pdf: Writing TrueType font.
2021-12-06 21:11:30 [INFO] src.evaluation.evaluator: Stored plot at reports/experiments/variance_1/intensity/figures/barchart_auc_for_Syn Variance Outliers (extremeness=0.03125)_1_runs-1-10-2021-12-06-211130.pdf
2021-12-06 21:11:31 [DEBUG] matplotlib.backends.backend_pdf: Assigning font /b'F1' = '/home/tianyu/anaconda3/envs/DeepADoTS/lib/python3.7/site-packages/matplotlib/mpl-data/fonts/ttf/DejaVuSans.ttf'
2021-12-06 21:11:31 [DEBUG] matplotlib.backends.backend_pdf: Embedding font /home/tianyu/anaconda3/envs/DeepADoTS/lib/python3.7/site-packages/matplotlib/mpl-data/fonts/ttf/DejaVuSans.ttf.
2021-12-06 21:11:31 [DEBUG] matplotlib.backends.backend_pdf: Writing TrueType font.
2021-12-06 21:11:31 [INFO] src.evaluation.evaluator: Stored plot at reports/experiments/variance_1/intensity/figures/auroc-1-10-2021-12-06-211131.pdf
2021-12-06 21:11:35 [DEBUG] matplotlib.backends.backend_pdf: Assigning font /b'F1' = '/home/tianyu/anaconda3/envs/DeepADoTS/lib/python3.7/site-packages/matplotlib/mpl-data/fonts/ttf/DejaVuSans.ttf'
2021-12-06 21:11:35 [DEBUG] matplotlib.backends.backend_pdf: Embedding font /home/tianyu/anaconda3/envs/DeepADoTS/lib/python3.7/site-packages/matplotlib/mpl-data/fonts/ttf/DejaVuSans.ttf.
2021-12-06 21:11:35 [DEBUG] matplotlib.backends.backend_pdf: Writing TrueType font.
2021-12-06 21:11:35 [INFO] src.evaluation.evaluator: Stored plot at reports/experiments/variance_1/intensity/figures/seed-1206099335/metrics_by_thresholds-1-10-2021-12-06-211135.pdf
2021-12-06 21:11:36 [DEBUG] matplotlib.backends.backend_pdf: Assigning font /b'F1' = '/home/tianyu/anaconda3/envs/DeepADoTS/lib/python3.7/site-packages/matplotlib/mpl-data/fonts/ttf/DejaVuSans.ttf'
2021-12-06 21:11:36 [DEBUG] matplotlib.backends.backend_pdf: Embedding font /home/tianyu/anaconda3/envs/DeepADoTS/lib/python3.7/site-packages/matplotlib/mpl-data/fonts/ttf/DejaVuSans.ttf.
2021-12-06 21:11:36 [DEBUG] matplotlib.backends.backend_pdf: Writing TrueType font.
2021-12-06 21:11:36 [INFO] src.evaluation.evaluator: Stored plot at reports/experiments/variance_1/intensity/figures/seed-1206099335/scores_Syn Variance Outliers (extremeness=16.0)-1-10-2021-12-06-211136.pdf
2021-12-06 21:11:37 [DEBUG] matplotlib.backends.backend_pdf: Assigning font /b'F1' = '/home/tianyu/anaconda3/envs/DeepADoTS/lib/python3.7/site-packages/matplotlib/mpl-data/fonts/ttf/DejaVuSans.ttf'
2021-12-06 21:11:38 [DEBUG] matplotlib.backends.backend_pdf: Embedding font /home/tianyu/anaconda3/envs/DeepADoTS/lib/python3.7/site-packages/matplotlib/mpl-data/fonts/ttf/DejaVuSans.ttf.
2021-12-06 21:11:38 [DEBUG] matplotlib.backends.backend_pdf: Writing TrueType font.
2021-12-06 21:11:38 [INFO] src.evaluation.evaluator: Stored plot at reports/experiments/variance_1/intensity/figures/seed-1206099335/scores_Syn Variance Outliers (extremeness=8.0)-1-10-2021-12-06-211137.pdf
2021-12-06 21:11:39 [DEBUG] matplotlib.backends.backend_pdf: Assigning font /b'F1' = '/home/tianyu/anaconda3/envs/DeepADoTS/lib/python3.7/site-packages/matplotlib/mpl-data/fonts/ttf/DejaVuSans.ttf'
2021-12-06 21:11:39 [DEBUG] matplotlib.backends.backend_pdf: Embedding font /home/tianyu/anaconda3/envs/DeepADoTS/lib/python3.7/site-packages/matplotlib/mpl-data/fonts/ttf/DejaVuSans.ttf.
2021-12-06 21:11:39 [DEBUG] matplotlib.backends.backend_pdf: Writing TrueType font.
2021-12-06 21:11:39 [INFO] src.evaluation.evaluator: Stored plot at reports/experiments/variance_1/intensity/figures/seed-1206099335/scores_Syn Variance Outliers (extremeness=4.0)-1-10-2021-12-06-211139.pdf
2021-12-06 21:11:40 [DEBUG] matplotlib.backends.backend_pdf: Assigning font /b'F1' = '/home/tianyu/anaconda3/envs/DeepADoTS/lib/python3.7/site-packages/matplotlib/mpl-data/fonts/ttf/DejaVuSans.ttf'
2021-12-06 21:11:40 [DEBUG] matplotlib.backends.backend_pdf: Embedding font /home/tianyu/anaconda3/envs/DeepADoTS/lib/python3.7/site-packages/matplotlib/mpl-data/fonts/ttf/DejaVuSans.ttf.
2021-12-06 21:11:40 [DEBUG] matplotlib.backends.backend_pdf: Writing TrueType font.
2021-12-06 21:11:40 [INFO] src.evaluation.evaluator: Stored plot at reports/experiments/variance_1/intensity/figures/seed-1206099335/scores_Syn Variance Outliers (extremeness=2.0)-1-10-2021-12-06-211140.pdf
2021-12-06 21:11:41 [DEBUG] matplotlib.backends.backend_pdf: Assigning font /b'F1' = '/home/tianyu/anaconda3/envs/DeepADoTS/lib/python3.7/site-packages/matplotlib/mpl-data/fonts/ttf/DejaVuSans.ttf'
2021-12-06 21:11:41 [DEBUG] matplotlib.backends.backend_pdf: Embedding font /home/tianyu/anaconda3/envs/DeepADoTS/lib/python3.7/site-packages/matplotlib/mpl-data/fonts/ttf/DejaVuSans.ttf.
2021-12-06 21:11:41 [DEBUG] matplotlib.backends.backend_pdf: Writing TrueType font.
2021-12-06 21:11:41 [INFO] src.evaluation.evaluator: Stored plot at reports/experiments/variance_1/intensity/figures/seed-1206099335/scores_Syn Variance Outliers (extremeness=1.0)-1-10-2021-12-06-211141.pdf
2021-12-06 21:11:42 [DEBUG] matplotlib.backends.backend_pdf: Assigning font /b'F1' = '/home/tianyu/anaconda3/envs/DeepADoTS/lib/python3.7/site-packages/matplotlib/mpl-data/fonts/ttf/DejaVuSans.ttf'
2021-12-06 21:11:42 [DEBUG] matplotlib.backends.backend_pdf: Embedding font /home/tianyu/anaconda3/envs/DeepADoTS/lib/python3.7/site-packages/matplotlib/mpl-data/fonts/ttf/DejaVuSans.ttf.
2021-12-06 21:11:42 [DEBUG] matplotlib.backends.backend_pdf: Writing TrueType font.
2021-12-06 21:11:42 [INFO] src.evaluation.evaluator: Stored plot at reports/experiments/variance_1/intensity/figures/seed-1206099335/scores_Syn Variance Outliers (extremeness=0.5)-1-10-2021-12-06-211142.pdf
2021-12-06 21:11:43 [DEBUG] matplotlib.backends.backend_pdf: Assigning font /b'F1' = '/home/tianyu/anaconda3/envs/DeepADoTS/lib/python3.7/site-packages/matplotlib/mpl-data/fonts/ttf/DejaVuSans.ttf'
2021-12-06 21:11:44 [DEBUG] matplotlib.backends.backend_pdf: Embedding font /home/tianyu/anaconda3/envs/DeepADoTS/lib/python3.7/site-packages/matplotlib/mpl-data/fonts/ttf/DejaVuSans.ttf.
2021-12-06 21:11:44 [DEBUG] matplotlib.backends.backend_pdf: Writing TrueType font.
2021-12-06 21:11:44 [INFO] src.evaluation.evaluator: Stored plot at reports/experiments/variance_1/intensity/figures/seed-1206099335/scores_Syn Variance Outliers (extremeness=0.25)-1-10-2021-12-06-211143.pdf
2021-12-06 21:11:45 [DEBUG] matplotlib.backends.backend_pdf: Assigning font /b'F1' = '/home/tianyu/anaconda3/envs/DeepADoTS/lib/python3.7/site-packages/matplotlib/mpl-data/fonts/ttf/DejaVuSans.ttf'
2021-12-06 21:11:45 [DEBUG] matplotlib.backends.backend_pdf: Embedding font /home/tianyu/anaconda3/envs/DeepADoTS/lib/python3.7/site-packages/matplotlib/mpl-data/fonts/ttf/DejaVuSans.ttf.
2021-12-06 21:11:45 [DEBUG] matplotlib.backends.backend_pdf: Writing TrueType font.
2021-12-06 21:11:45 [INFO] src.evaluation.evaluator: Stored plot at reports/experiments/variance_1/intensity/figures/seed-1206099335/scores_Syn Variance Outliers (extremeness=0.125)-1-10-2021-12-06-211145.pdf
2021-12-06 21:11:46 [DEBUG] matplotlib.backends.backend_pdf: Assigning font /b'F1' = '/home/tianyu/anaconda3/envs/DeepADoTS/lib/python3.7/site-packages/matplotlib/mpl-data/fonts/ttf/DejaVuSans.ttf'
2021-12-06 21:11:46 [DEBUG] matplotlib.backends.backend_pdf: Embedding font /home/tianyu/anaconda3/envs/DeepADoTS/lib/python3.7/site-packages/matplotlib/mpl-data/fonts/ttf/DejaVuSans.ttf.
2021-12-06 21:11:46 [DEBUG] matplotlib.backends.backend_pdf: Writing TrueType font.
2021-12-06 21:11:46 [INFO] src.evaluation.evaluator: Stored plot at reports/experiments/variance_1/intensity/figures/seed-1206099335/scores_Syn Variance Outliers (extremeness=0.0625)-1-10-2021-12-06-211146.pdf
2021-12-06 21:11:47 [DEBUG] matplotlib.backends.backend_pdf: Assigning font /b'F1' = '/home/tianyu/anaconda3/envs/DeepADoTS/lib/python3.7/site-packages/matplotlib/mpl-data/fonts/ttf/DejaVuSans.ttf'
2021-12-06 21:11:47 [DEBUG] matplotlib.backends.backend_pdf: Embedding font /home/tianyu/anaconda3/envs/DeepADoTS/lib/python3.7/site-packages/matplotlib/mpl-data/fonts/ttf/DejaVuSans.ttf.
2021-12-06 21:11:47 [DEBUG] matplotlib.backends.backend_pdf: Writing TrueType font.
2021-12-06 21:11:47 [INFO] src.evaluation.evaluator: Stored plot at reports/experiments/variance_1/intensity/figures/seed-1206099335/scores_Syn Variance Outliers (extremeness=0.03125)-1-10-2021-12-06-211147.pdf
2021-12-06 21:11:47 [INFO] src.evaluation.evaluator: Plotting ROC curve for LSTM-ED on Syn Variance Outliers (extremeness=16.0)
2021-12-06 21:11:48 [DEBUG] matplotlib.backends.backend_pdf: Assigning font /b'F1' = '/home/tianyu/anaconda3/envs/DeepADoTS/lib/python3.7/site-packages/matplotlib/mpl-data/fonts/ttf/DejaVuSans.ttf'
2021-12-06 21:11:48 [DEBUG] matplotlib.backends.backend_pdf: Embedding font /home/tianyu/anaconda3/envs/DeepADoTS/lib/python3.7/site-packages/matplotlib/mpl-data/fonts/ttf/DejaVuSans.ttf.
2021-12-06 21:11:48 [DEBUG] matplotlib.backends.backend_pdf: Writing TrueType font.
2021-12-06 21:11:48 [INFO] src.evaluation.evaluator: Stored plot at reports/experiments/variance_1/intensity/figures/seed-1206099335/roc_Syn Variance Outliers (extremeness=16.0)-1-10-2021-12-06-211147.pdf
2021-12-06 21:11:48 [INFO] src.evaluation.evaluator: Plotting ROC curve for LSTM-ED on Syn Variance Outliers (extremeness=8.0)
2021-12-06 21:11:48 [DEBUG] matplotlib.backends.backend_pdf: Assigning font /b'F1' = '/home/tianyu/anaconda3/envs/DeepADoTS/lib/python3.7/site-packages/matplotlib/mpl-data/fonts/ttf/DejaVuSans.ttf'
2021-12-06 21:11:48 [DEBUG] matplotlib.backends.backend_pdf: Embedding font /home/tianyu/anaconda3/envs/DeepADoTS/lib/python3.7/site-packages/matplotlib/mpl-data/fonts/ttf/DejaVuSans.ttf.
2021-12-06 21:11:48 [DEBUG] matplotlib.backends.backend_pdf: Writing TrueType font.
2021-12-06 21:11:48 [INFO] src.evaluation.evaluator: Stored plot at reports/experiments/variance_1/intensity/figures/seed-1206099335/roc_Syn Variance Outliers (extremeness=8.0)-1-10-2021-12-06-211148.pdf
2021-12-06 21:11:48 [INFO] src.evaluation.evaluator: Plotting ROC curve for LSTM-ED on Syn Variance Outliers (extremeness=4.0)
2021-12-06 21:11:48 [DEBUG] matplotlib.backends.backend_pdf: Assigning font /b'F1' = '/home/tianyu/anaconda3/envs/DeepADoTS/lib/python3.7/site-packages/matplotlib/mpl-data/fonts/ttf/DejaVuSans.ttf'
2021-12-06 21:11:48 [DEBUG] matplotlib.backends.backend_pdf: Embedding font /home/tianyu/anaconda3/envs/DeepADoTS/lib/python3.7/site-packages/matplotlib/mpl-data/fonts/ttf/DejaVuSans.ttf.
2021-12-06 21:11:48 [DEBUG] matplotlib.backends.backend_pdf: Writing TrueType font.
2021-12-06 21:11:48 [INFO] src.evaluation.evaluator: Stored plot at reports/experiments/variance_1/intensity/figures/seed-1206099335/roc_Syn Variance Outliers (extremeness=4.0)-1-10-2021-12-06-211148.pdf
2021-12-06 21:11:48 [INFO] src.evaluation.evaluator: Plotting ROC curve for LSTM-ED on Syn Variance Outliers (extremeness=2.0)
2021-12-06 21:11:48 [DEBUG] matplotlib.backends.backend_pdf: Assigning font /b'F1' = '/home/tianyu/anaconda3/envs/DeepADoTS/lib/python3.7/site-packages/matplotlib/mpl-data/fonts/ttf/DejaVuSans.ttf'
2021-12-06 21:11:48 [DEBUG] matplotlib.backends.backend_pdf: Embedding font /home/tianyu/anaconda3/envs/DeepADoTS/lib/python3.7/site-packages/matplotlib/mpl-data/fonts/ttf/DejaVuSans.ttf.
2021-12-06 21:11:48 [DEBUG] matplotlib.backends.backend_pdf: Writing TrueType font.
2021-12-06 21:11:48 [INFO] src.evaluation.evaluator: Stored plot at reports/experiments/variance_1/intensity/figures/seed-1206099335/roc_Syn Variance Outliers (extremeness=2.0)-1-10-2021-12-06-211148.pdf
2021-12-06 21:11:48 [INFO] src.evaluation.evaluator: Plotting ROC curve for LSTM-ED on Syn Variance Outliers (extremeness=1.0)
2021-12-06 21:11:48 [DEBUG] matplotlib.backends.backend_pdf: Assigning font /b'F1' = '/home/tianyu/anaconda3/envs/DeepADoTS/lib/python3.7/site-packages/matplotlib/mpl-data/fonts/ttf/DejaVuSans.ttf'
2021-12-06 21:11:48 [DEBUG] matplotlib.backends.backend_pdf: Embedding font /home/tianyu/anaconda3/envs/DeepADoTS/lib/python3.7/site-packages/matplotlib/mpl-data/fonts/ttf/DejaVuSans.ttf.
2021-12-06 21:11:48 [DEBUG] matplotlib.backends.backend_pdf: Writing TrueType font.
2021-12-06 21:11:48 [INFO] src.evaluation.evaluator: Stored plot at reports/experiments/variance_1/intensity/figures/seed-1206099335/roc_Syn Variance Outliers (extremeness=1.0)-1-10-2021-12-06-211148.pdf
2021-12-06 21:11:48 [INFO] src.evaluation.evaluator: Plotting ROC curve for LSTM-ED on Syn Variance Outliers (extremeness=0.5)
2021-12-06 21:11:48 [DEBUG] matplotlib.backends.backend_pdf: Assigning font /b'F1' = '/home/tianyu/anaconda3/envs/DeepADoTS/lib/python3.7/site-packages/matplotlib/mpl-data/fonts/ttf/DejaVuSans.ttf'
2021-12-06 21:11:48 [DEBUG] matplotlib.backends.backend_pdf: Embedding font /home/tianyu/anaconda3/envs/DeepADoTS/lib/python3.7/site-packages/matplotlib/mpl-data/fonts/ttf/DejaVuSans.ttf.
2021-12-06 21:11:48 [DEBUG] matplotlib.backends.backend_pdf: Writing TrueType font.
2021-12-06 21:11:48 [INFO] src.evaluation.evaluator: Stored plot at reports/experiments/variance_1/intensity/figures/seed-1206099335/roc_Syn Variance Outliers (extremeness=0.5)-1-10-2021-12-06-211148.pdf
2021-12-06 21:11:48 [INFO] src.evaluation.evaluator: Plotting ROC curve for LSTM-ED on Syn Variance Outliers (extremeness=0.25)
2021-12-06 21:11:48 [DEBUG] matplotlib.backends.backend_pdf: Assigning font /b'F1' = '/home/tianyu/anaconda3/envs/DeepADoTS/lib/python3.7/site-packages/matplotlib/mpl-data/fonts/ttf/DejaVuSans.ttf'
2021-12-06 21:11:48 [DEBUG] matplotlib.backends.backend_pdf: Embedding font /home/tianyu/anaconda3/envs/DeepADoTS/lib/python3.7/site-packages/matplotlib/mpl-data/fonts/ttf/DejaVuSans.ttf.
2021-12-06 21:11:48 [DEBUG] matplotlib.backends.backend_pdf: Writing TrueType font.
2021-12-06 21:11:48 [INFO] src.evaluation.evaluator: Stored plot at reports/experiments/variance_1/intensity/figures/seed-1206099335/roc_Syn Variance Outliers (extremeness=0.25)-1-10-2021-12-06-211148.pdf
2021-12-06 21:11:48 [INFO] src.evaluation.evaluator: Plotting ROC curve for LSTM-ED on Syn Variance Outliers (extremeness=0.125)
2021-12-06 21:11:49 [DEBUG] matplotlib.backends.backend_pdf: Assigning font /b'F1' = '/home/tianyu/anaconda3/envs/DeepADoTS/lib/python3.7/site-packages/matplotlib/mpl-data/fonts/ttf/DejaVuSans.ttf'
2021-12-06 21:11:49 [DEBUG] matplotlib.backends.backend_pdf: Embedding font /home/tianyu/anaconda3/envs/DeepADoTS/lib/python3.7/site-packages/matplotlib/mpl-data/fonts/ttf/DejaVuSans.ttf.
2021-12-06 21:11:49 [DEBUG] matplotlib.backends.backend_pdf: Writing TrueType font.
2021-12-06 21:11:49 [INFO] src.evaluation.evaluator: Stored plot at reports/experiments/variance_1/intensity/figures/seed-1206099335/roc_Syn Variance Outliers (extremeness=0.125)-1-10-2021-12-06-211149.pdf
2021-12-06 21:11:49 [INFO] src.evaluation.evaluator: Plotting ROC curve for LSTM-ED on Syn Variance Outliers (extremeness=0.0625)
2021-12-06 21:11:49 [DEBUG] matplotlib.backends.backend_pdf: Assigning font /b'F1' = '/home/tianyu/anaconda3/envs/DeepADoTS/lib/python3.7/site-packages/matplotlib/mpl-data/fonts/ttf/DejaVuSans.ttf'
2021-12-06 21:11:49 [DEBUG] matplotlib.backends.backend_pdf: Embedding font /home/tianyu/anaconda3/envs/DeepADoTS/lib/python3.7/site-packages/matplotlib/mpl-data/fonts/ttf/DejaVuSans.ttf.
2021-12-06 21:11:49 [DEBUG] matplotlib.backends.backend_pdf: Writing TrueType font.
2021-12-06 21:11:49 [INFO] src.evaluation.evaluator: Stored plot at reports/experiments/variance_1/intensity/figures/seed-1206099335/roc_Syn Variance Outliers (extremeness=0.0625)-1-10-2021-12-06-211149.pdf
2021-12-06 21:11:49 [INFO] src.evaluation.evaluator: Plotting ROC curve for LSTM-ED on Syn Variance Outliers (extremeness=0.03125)
2021-12-06 21:11:49 [DEBUG] matplotlib.backends.backend_pdf: Assigning font /b'F1' = '/home/tianyu/anaconda3/envs/DeepADoTS/lib/python3.7/site-packages/matplotlib/mpl-data/fonts/ttf/DejaVuSans.ttf'
2021-12-06 21:11:49 [DEBUG] matplotlib.backends.backend_pdf: Embedding font /home/tianyu/anaconda3/envs/DeepADoTS/lib/python3.7/site-packages/matplotlib/mpl-data/fonts/ttf/DejaVuSans.ttf.
2021-12-06 21:11:49 [DEBUG] matplotlib.backends.backend_pdf: Writing TrueType font.
2021-12-06 21:11:49 [INFO] src.evaluation.evaluator: Stored plot at reports/experiments/variance_1/intensity/figures/seed-1206099335/roc_Syn Variance Outliers (extremeness=0.03125)-1-10-2021-12-06-211149.pdf
